2020-09-22 22:28:06,905 WARN org.springframework.boot.StartupInfoLogger [main] InetAddress.getLocalHost().getHostName() took 5006 milliseconds to respond. Please verify your network configuration (macOS machines may need to add entries to /etc/hosts).
2020-09-22 22:28:11,939 INFO org.springframework.boot.StartupInfoLogger [main] Starting CrmApplication on Sridhars-MacBook-Air.local with PID 64640 (/Users/bsridharpatnaik/Documents/GitHub/Evergreen-City-Management-System/ec-crm-service/target/classes started by bsridharpatnaik in /Users/bsridharpatnaik/Documents/GitHub/Evergreen-City-Management-System/ec-crm-service)
2020-09-22 22:28:11,941 INFO org.springframework.boot.SpringApplication [main] No active profile set, falling back to default profiles: default
2020-09-22 22:28:12,922 INFO org.springframework.data.repository.config.RepositoryConfigurationDelegate [main] Bootstrapping Spring Data JPA repositories in DEFAULT mode.
2020-09-22 22:28:13,083 INFO org.springframework.data.repository.config.RepositoryConfigurationDelegate [main] Finished Spring Data repository scanning in 149ms. Found 9 JPA repository interfaces.
2020-09-22 22:28:13,380 INFO org.springframework.context.support.PostProcessorRegistrationDelegate$BeanPostProcessorChecker [main] Bean 'org.springframework.ws.config.annotation.DelegatingWsConfiguration' of type [org.springframework.ws.config.annotation.DelegatingWsConfiguration$$EnhancerBySpringCGLIB$$638cdb2a] is not eligible for getting processed by all BeanPostProcessors (for example: not eligible for auto-proxying)
2020-09-22 22:28:13,414 INFO org.springframework.ws.soap.addressing.server.AbstractAddressingEndpointMapping [main] Supporting [WS-Addressing August 2004, WS-Addressing 1.0]
2020-09-22 22:28:13,432 INFO org.springframework.context.support.PostProcessorRegistrationDelegate$BeanPostProcessorChecker [main] Bean 'org.springframework.transaction.annotation.ProxyTransactionManagementConfiguration' of type [org.springframework.transaction.annotation.ProxyTransactionManagementConfiguration] is not eligible for getting processed by all BeanPostProcessors (for example: not eligible for auto-proxying)
2020-09-22 22:28:13,687 INFO org.springframework.boot.web.embedded.tomcat.TomcatWebServer [main] Tomcat initialized with port(s): 8083 (http)
2020-09-22 22:28:13,697 INFO org.apache.juli.logging.DirectJDKLog [main] Initializing ProtocolHandler ["http-nio-8083"]
2020-09-22 22:28:13,698 INFO org.apache.juli.logging.DirectJDKLog [main] Starting service [Tomcat]
2020-09-22 22:28:13,698 INFO org.apache.juli.logging.DirectJDKLog [main] Starting Servlet engine: [Apache Tomcat/9.0.29]
2020-09-22 22:28:13,915 INFO org.apache.juli.logging.DirectJDKLog [main] Initializing Spring embedded WebApplicationContext
2020-09-22 22:28:13,916 INFO org.springframework.boot.web.servlet.context.ServletWebServerApplicationContext [main] Root WebApplicationContext: initialization completed in 1936 ms
2020-09-22 22:28:13,977 DEBUG org.springframework.web.filter.GenericFilterBean [main] Filter 'logFilter' configured for use
2020-09-22 22:28:14,125 INFO org.hibernate.jpa.internal.util.LogHelper [main] HHH000204: Processing PersistenceUnitInfo [name: default]
2020-09-22 22:28:14,303 INFO org.hibernate.Version [main] HHH000412: Hibernate Core {5.4.9.Final}
2020-09-22 22:28:14,414 INFO org.hibernate.annotations.common.reflection.java.JavaReflectionManager [main] HCANN000001: Hibernate Commons Annotations {5.1.0.Final}
2020-09-22 22:28:14,512 INFO com.zaxxer.hikari.HikariDataSource [main] HikariPool-1 - Starting...
2020-09-22 22:28:14,514 WARN com.zaxxer.hikari.util.DriverDataSource [main] Registered driver with driverClassName=com.mysql.jdbc.Driver was not found, trying direct instantiation.
2020-09-22 22:28:14,668 INFO com.zaxxer.hikari.HikariDataSource [main] HikariPool-1 - Start completed.
2020-09-22 22:28:14,692 INFO org.hibernate.dialect.Dialect [main] HHH000400: Using dialect: org.hibernate.dialect.MySQL5InnoDBDialect
2020-09-22 22:28:14,860 INFO org.hibernate.envers.boot.internal.EnversServiceImpl [main] Envers integration enabled? : true
2020-09-22 22:28:15,055 WARN org.hibernate.cfg.AnnotationBinder [main] HHH000491: The [lead] association in the [com.ec.crm.Model.LeadActivity] entity uses both @NotFound(action = NotFoundAction.IGNORE) and FetchType.LAZY. The NotFoundAction.IGNORE @ManyToOne and @OneToOne associations are always fetched eagerly.
2020-09-22 22:28:15,071 WARN org.hibernate.cfg.AnnotationBinder [main] HHH000491: The [lead] association in the [com.ec.crm.Model.Note] entity uses both @NotFound(action = NotFoundAction.IGNORE) and FetchType.LAZY. The NotFoundAction.IGNORE @ManyToOne and @OneToOne associations are always fetched eagerly.
2020-09-22 22:28:17,989 INFO org.hibernate.engine.transaction.jta.platform.internal.JtaPlatformInitiator [main] HHH000490: Using JtaPlatform implementation: [org.hibernate.engine.transaction.jta.platform.internal.NoJtaPlatform]
2020-09-22 22:28:18,001 INFO org.springframework.orm.jpa.AbstractEntityManagerFactoryBean [main] Initialized JPA EntityManagerFactory for persistence unit 'default'
2020-09-22 22:28:20,238 WARN org.springframework.context.support.AbstractApplicationContext [main] Exception encountered during context initialization - cancelling refresh attempt: org.springframework.beans.factory.UnsatisfiedDependencyException: Error creating bean with name 'crmApplication': Unsatisfied dependency expressed through field 'leadActivityService'; nested exception is org.springframework.beans.factory.UnsatisfiedDependencyException: Error creating bean with name 'leadActivityService': Unsatisfied dependency expressed through field 'laRepo'; nested exception is org.springframework.beans.factory.BeanCreationException: Error creating bean with name 'leadActivityRepo': Invocation of init method failed; nested exception is java.lang.IllegalArgumentException: Either use @Param on all parameters except Pageable and Sort typed once, or none at all!
2020-09-22 22:28:20,245 INFO org.springframework.orm.jpa.AbstractEntityManagerFactoryBean [main] Closing JPA EntityManagerFactory for persistence unit 'default'
2020-09-22 22:28:20,310 INFO com.zaxxer.hikari.HikariDataSource [main] HikariPool-1 - Shutdown initiated...
2020-09-22 22:28:20,488 INFO com.zaxxer.hikari.HikariDataSource [main] HikariPool-1 - Shutdown completed.
2020-09-22 22:28:20,494 INFO org.apache.juli.logging.DirectJDKLog [main] Stopping service [Tomcat]
2020-09-22 22:28:20,533 INFO org.springframework.boot.autoconfigure.logging.ConditionEvaluationReportLoggingListener [main] 

Error starting ApplicationContext. To display the conditions report re-run your application with 'debug' enabled.
2020-09-22 22:28:20,568 ERROR org.springframework.boot.SpringApplication [main] Application run failed
org.springframework.beans.factory.UnsatisfiedDependencyException: Error creating bean with name 'crmApplication': Unsatisfied dependency expressed through field 'leadActivityService'; nested exception is org.springframework.beans.factory.UnsatisfiedDependencyException: Error creating bean with name 'leadActivityService': Unsatisfied dependency expressed through field 'laRepo'; nested exception is org.springframework.beans.factory.BeanCreationException: Error creating bean with name 'leadActivityRepo': Invocation of init method failed; nested exception is java.lang.IllegalArgumentException: Either use @Param on all parameters except Pageable and Sort typed once, or none at all!
	at org.springframework.beans.factory.annotation.AutowiredAnnotationBeanPostProcessor$AutowiredFieldElement.inject(AutowiredAnnotationBeanPostProcessor.java:643)
	at org.springframework.beans.factory.annotation.InjectionMetadata.inject(InjectionMetadata.java:116)
	at org.springframework.beans.factory.annotation.AutowiredAnnotationBeanPostProcessor.postProcessProperties(AutowiredAnnotationBeanPostProcessor.java:399)
	at org.springframework.beans.factory.support.AbstractAutowireCapableBeanFactory.populateBean(AbstractAutowireCapableBeanFactory.java:1422)
	at org.springframework.beans.factory.support.AbstractAutowireCapableBeanFactory.doCreateBean(AbstractAutowireCapableBeanFactory.java:594)
	at org.springframework.beans.factory.support.AbstractAutowireCapableBeanFactory.createBean(AbstractAutowireCapableBeanFactory.java:517)
	at org.springframework.beans.factory.support.AbstractBeanFactory.lambda$doGetBean$0(AbstractBeanFactory.java:323)
	at org.springframework.beans.factory.support.DefaultSingletonBeanRegistry.getSingleton(DefaultSingletonBeanRegistry.java:222)
	at org.springframework.beans.factory.support.AbstractBeanFactory.doGetBean(AbstractBeanFactory.java:321)
	at org.springframework.beans.factory.support.AbstractBeanFactory.getBean(AbstractBeanFactory.java:202)
	at org.springframework.beans.factory.support.DefaultListableBeanFactory.preInstantiateSingletons(DefaultListableBeanFactory.java:879)
	at org.springframework.context.support.AbstractApplicationContext.finishBeanFactoryInitialization(AbstractApplicationContext.java:878)
	at org.springframework.context.support.AbstractApplicationContext.refresh(AbstractApplicationContext.java:550)
	at org.springframework.boot.web.servlet.context.ServletWebServerApplicationContext.refresh(ServletWebServerApplicationContext.java:141)
	at org.springframework.boot.SpringApplication.refresh(SpringApplication.java:747)
	at org.springframework.boot.SpringApplication.refreshContext(SpringApplication.java:397)
	at org.springframework.boot.SpringApplication.run(SpringApplication.java:315)
	at org.springframework.boot.SpringApplication.run(SpringApplication.java:1226)
	at org.springframework.boot.SpringApplication.run(SpringApplication.java:1215)
	at com.ec.crm.CrmApplication.main(CrmApplication.java:25)
Caused by: org.springframework.beans.factory.UnsatisfiedDependencyException: Error creating bean with name 'leadActivityService': Unsatisfied dependency expressed through field 'laRepo'; nested exception is org.springframework.beans.factory.BeanCreationException: Error creating bean with name 'leadActivityRepo': Invocation of init method failed; nested exception is java.lang.IllegalArgumentException: Either use @Param on all parameters except Pageable and Sort typed once, or none at all!
	at org.springframework.beans.factory.annotation.AutowiredAnnotationBeanPostProcessor$AutowiredFieldElement.inject(AutowiredAnnotationBeanPostProcessor.java:643)
	at org.springframework.beans.factory.annotation.InjectionMetadata.inject(InjectionMetadata.java:116)
	at org.springframework.beans.factory.annotation.AutowiredAnnotationBeanPostProcessor.postProcessProperties(AutowiredAnnotationBeanPostProcessor.java:399)
	at org.springframework.beans.factory.support.AbstractAutowireCapableBeanFactory.populateBean(AbstractAutowireCapableBeanFactory.java:1422)
	at org.springframework.beans.factory.support.AbstractAutowireCapableBeanFactory.doCreateBean(AbstractAutowireCapableBeanFactory.java:594)
	at org.springframework.beans.factory.support.AbstractAutowireCapableBeanFactory.createBean(AbstractAutowireCapableBeanFactory.java:517)
	at org.springframework.beans.factory.support.AbstractBeanFactory.lambda$doGetBean$0(AbstractBeanFactory.java:323)
	at org.springframework.beans.factory.support.DefaultSingletonBeanRegistry.getSingleton(DefaultSingletonBeanRegistry.java:222)
	at org.springframework.beans.factory.support.AbstractBeanFactory.doGetBean(AbstractBeanFactory.java:321)
	at org.springframework.beans.factory.support.AbstractBeanFactory.getBean(AbstractBeanFactory.java:202)
	at org.springframework.beans.factory.config.DependencyDescriptor.resolveCandidate(DependencyDescriptor.java:276)
	at org.springframework.beans.factory.support.DefaultListableBeanFactory.doResolveDependency(DefaultListableBeanFactory.java:1287)
	at org.springframework.beans.factory.support.DefaultListableBeanFactory.resolveDependency(DefaultListableBeanFactory.java:1207)
	at org.springframework.beans.factory.annotation.AutowiredAnnotationBeanPostProcessor$AutowiredFieldElement.inject(AutowiredAnnotationBeanPostProcessor.java:640)
	... 19 common frames omitted
Caused by: org.springframework.beans.factory.BeanCreationException: Error creating bean with name 'leadActivityRepo': Invocation of init method failed; nested exception is java.lang.IllegalArgumentException: Either use @Param on all parameters except Pageable and Sort typed once, or none at all!
	at org.springframework.beans.factory.support.AbstractAutowireCapableBeanFactory.initializeBean(AbstractAutowireCapableBeanFactory.java:1796)
	at org.springframework.beans.factory.support.AbstractAutowireCapableBeanFactory.doCreateBean(AbstractAutowireCapableBeanFactory.java:595)
	at org.springframework.beans.factory.support.AbstractAutowireCapableBeanFactory.createBean(AbstractAutowireCapableBeanFactory.java:517)
	at org.springframework.beans.factory.support.AbstractBeanFactory.lambda$doGetBean$0(AbstractBeanFactory.java:323)
	at org.springframework.beans.factory.support.DefaultSingletonBeanRegistry.getSingleton(DefaultSingletonBeanRegistry.java:222)
	at org.springframework.beans.factory.support.AbstractBeanFactory.doGetBean(AbstractBeanFactory.java:321)
	at org.springframework.beans.factory.support.AbstractBeanFactory.getBean(AbstractBeanFactory.java:202)
	at org.springframework.beans.factory.config.DependencyDescriptor.resolveCandidate(DependencyDescriptor.java:276)
	at org.springframework.beans.factory.support.DefaultListableBeanFactory.doResolveDependency(DefaultListableBeanFactory.java:1287)
	at org.springframework.beans.factory.support.DefaultListableBeanFactory.resolveDependency(DefaultListableBeanFactory.java:1207)
	at org.springframework.beans.factory.annotation.AutowiredAnnotationBeanPostProcessor$AutowiredFieldElement.inject(AutowiredAnnotationBeanPostProcessor.java:640)
	... 32 common frames omitted
Caused by: java.lang.IllegalArgumentException: Either use @Param on all parameters except Pageable and Sort typed once, or none at all!
	at org.springframework.util.Assert.isTrue(Assert.java:118)
	at org.springframework.data.repository.query.Parameters.assertEitherAllParamAnnotatedOrNone(Parameters.java:314)
	at org.springframework.data.repository.query.Parameters.<init>(Parameters.java:106)
	at org.springframework.data.jpa.repository.query.JpaParameters.<init>(JpaParameters.java:45)
	at org.springframework.data.jpa.repository.query.JpaQueryMethod.createParameters(JpaQueryMethod.java:385)
	at org.springframework.data.jpa.repository.query.JpaQueryMethod.createParameters(JpaQueryMethod.java:58)
	at org.springframework.data.repository.query.QueryMethod.<init>(QueryMethod.java:81)
	at org.springframework.data.jpa.repository.query.JpaQueryMethod.<init>(JpaQueryMethod.java:103)
	at org.springframework.data.jpa.repository.query.JpaQueryLookupStrategy$AbstractQueryLookupStrategy.resolveQuery(JpaQueryLookupStrategy.java:79)
	at org.springframework.data.repository.core.support.RepositoryFactorySupport$QueryExecutorMethodInterceptor.lookupQuery(RepositoryFactorySupport.java:574)
	at org.springframework.data.repository.core.support.RepositoryFactorySupport$QueryExecutorMethodInterceptor.lambda$mapMethodsToQuery$1(RepositoryFactorySupport.java:567)
	at java.util.stream.ReferencePipeline$3$1.accept(ReferencePipeline.java:193)
	at java.util.Iterator.forEachRemaining(Iterator.java:116)
	at java.util.Collections$UnmodifiableCollection$1.forEachRemaining(Collections.java:1049)
	at java.util.Spliterators$IteratorSpliterator.forEachRemaining(Spliterators.java:1801)
	at java.util.stream.AbstractPipeline.copyInto(AbstractPipeline.java:481)
	at java.util.stream.AbstractPipeline.wrapAndCopyInto(AbstractPipeline.java:471)
	at java.util.stream.ReduceOps$ReduceOp.evaluateSequential(ReduceOps.java:708)
	at java.util.stream.AbstractPipeline.evaluate(AbstractPipeline.java:234)
	at java.util.stream.ReferencePipeline.collect(ReferencePipeline.java:499)
	at org.springframework.data.repository.core.support.RepositoryFactorySupport$QueryExecutorMethodInterceptor.mapMethodsToQuery(RepositoryFactorySupport.java:569)
	at org.springframework.data.repository.core.support.RepositoryFactorySupport$QueryExecutorMethodInterceptor.lambda$new$0(RepositoryFactorySupport.java:559)
	at java.util.Optional.map(Optional.java:215)
	at org.springframework.data.repository.core.support.RepositoryFactorySupport$QueryExecutorMethodInterceptor.<init>(RepositoryFactorySupport.java:559)
	at org.springframework.data.repository.core.support.RepositoryFactorySupport.getRepository(RepositoryFactorySupport.java:332)
	at org.springframework.data.repository.core.support.RepositoryFactoryBeanSupport.lambda$afterPropertiesSet$5(RepositoryFactoryBeanSupport.java:297)
	at org.springframework.data.util.Lazy.getNullable(Lazy.java:212)
	at org.springframework.data.util.Lazy.get(Lazy.java:94)
	at org.springframework.data.repository.core.support.RepositoryFactoryBeanSupport.afterPropertiesSet(RepositoryFactoryBeanSupport.java:300)
	at org.springframework.data.jpa.repository.support.JpaRepositoryFactoryBean.afterPropertiesSet(JpaRepositoryFactoryBean.java:121)
	at org.springframework.beans.factory.support.AbstractAutowireCapableBeanFactory.invokeInitMethods(AbstractAutowireCapableBeanFactory.java:1855)
	at org.springframework.beans.factory.support.AbstractAutowireCapableBeanFactory.initializeBean(AbstractAutowireCapableBeanFactory.java:1792)
	... 42 common frames omitted
2020-09-22 22:30:34,914 WARN org.springframework.boot.StartupInfoLogger [main] InetAddress.getLocalHost().getHostName() took 5006 milliseconds to respond. Please verify your network configuration (macOS machines may need to add entries to /etc/hosts).
2020-09-22 22:30:39,925 INFO org.springframework.boot.StartupInfoLogger [main] Starting CrmApplication on Sridhars-MacBook-Air.local with PID 64668 (/Users/bsridharpatnaik/Documents/GitHub/Evergreen-City-Management-System/ec-crm-service/target/classes started by bsridharpatnaik in /Users/bsridharpatnaik/Documents/GitHub/Evergreen-City-Management-System/ec-crm-service)
2020-09-22 22:30:39,926 INFO org.springframework.boot.SpringApplication [main] No active profile set, falling back to default profiles: default
2020-09-22 22:30:41,581 INFO org.springframework.data.repository.config.RepositoryConfigurationDelegate [main] Bootstrapping Spring Data JPA repositories in DEFAULT mode.
2020-09-22 22:30:41,785 INFO org.springframework.data.repository.config.RepositoryConfigurationDelegate [main] Finished Spring Data repository scanning in 183ms. Found 9 JPA repository interfaces.
2020-09-22 22:30:42,314 INFO org.springframework.context.support.PostProcessorRegistrationDelegate$BeanPostProcessorChecker [main] Bean 'org.springframework.ws.config.annotation.DelegatingWsConfiguration' of type [org.springframework.ws.config.annotation.DelegatingWsConfiguration$$EnhancerBySpringCGLIB$$4e018025] is not eligible for getting processed by all BeanPostProcessors (for example: not eligible for auto-proxying)
2020-09-22 22:30:42,358 INFO org.springframework.ws.soap.addressing.server.AbstractAddressingEndpointMapping [main] Supporting [WS-Addressing August 2004, WS-Addressing 1.0]
2020-09-22 22:30:42,383 INFO org.springframework.context.support.PostProcessorRegistrationDelegate$BeanPostProcessorChecker [main] Bean 'org.springframework.transaction.annotation.ProxyTransactionManagementConfiguration' of type [org.springframework.transaction.annotation.ProxyTransactionManagementConfiguration] is not eligible for getting processed by all BeanPostProcessors (for example: not eligible for auto-proxying)
2020-09-22 22:30:42,694 INFO org.springframework.boot.web.embedded.tomcat.TomcatWebServer [main] Tomcat initialized with port(s): 8083 (http)
2020-09-22 22:30:42,706 INFO org.apache.juli.logging.DirectJDKLog [main] Initializing ProtocolHandler ["http-nio-8083"]
2020-09-22 22:30:42,706 INFO org.apache.juli.logging.DirectJDKLog [main] Starting service [Tomcat]
2020-09-22 22:30:42,707 INFO org.apache.juli.logging.DirectJDKLog [main] Starting Servlet engine: [Apache Tomcat/9.0.29]
2020-09-22 22:30:42,912 INFO org.apache.juli.logging.DirectJDKLog [main] Initializing Spring embedded WebApplicationContext
2020-09-22 22:30:42,913 INFO org.springframework.boot.web.servlet.context.ServletWebServerApplicationContext [main] Root WebApplicationContext: initialization completed in 2874 ms
2020-09-22 22:30:42,966 DEBUG org.springframework.web.filter.GenericFilterBean [main] Filter 'logFilter' configured for use
2020-09-22 22:30:43,140 INFO org.hibernate.jpa.internal.util.LogHelper [main] HHH000204: Processing PersistenceUnitInfo [name: default]
2020-09-22 22:30:43,431 INFO org.hibernate.Version [main] HHH000412: Hibernate Core {5.4.9.Final}
2020-09-22 22:30:43,558 INFO org.hibernate.annotations.common.reflection.java.JavaReflectionManager [main] HCANN000001: Hibernate Commons Annotations {5.1.0.Final}
2020-09-22 22:30:43,703 INFO com.zaxxer.hikari.HikariDataSource [main] HikariPool-1 - Starting...
2020-09-22 22:30:43,705 WARN com.zaxxer.hikari.util.DriverDataSource [main] Registered driver with driverClassName=com.mysql.jdbc.Driver was not found, trying direct instantiation.
2020-09-22 22:30:43,879 INFO com.zaxxer.hikari.HikariDataSource [main] HikariPool-1 - Start completed.
2020-09-22 22:30:43,896 INFO org.hibernate.dialect.Dialect [main] HHH000400: Using dialect: org.hibernate.dialect.MySQL5InnoDBDialect
2020-09-22 22:30:44,020 INFO org.hibernate.envers.boot.internal.EnversServiceImpl [main] Envers integration enabled? : true
2020-09-22 22:30:44,298 WARN org.hibernate.cfg.AnnotationBinder [main] HHH000491: The [lead] association in the [com.ec.crm.Model.LeadActivity] entity uses both @NotFound(action = NotFoundAction.IGNORE) and FetchType.LAZY. The NotFoundAction.IGNORE @ManyToOne and @OneToOne associations are always fetched eagerly.
2020-09-22 22:30:44,317 WARN org.hibernate.cfg.AnnotationBinder [main] HHH000491: The [lead] association in the [com.ec.crm.Model.Note] entity uses both @NotFound(action = NotFoundAction.IGNORE) and FetchType.LAZY. The NotFoundAction.IGNORE @ManyToOne and @OneToOne associations are always fetched eagerly.
2020-09-22 22:30:47,287 INFO org.hibernate.engine.transaction.jta.platform.internal.JtaPlatformInitiator [main] HHH000490: Using JtaPlatform implementation: [org.hibernate.engine.transaction.jta.platform.internal.NoJtaPlatform]
2020-09-22 22:30:47,295 INFO org.springframework.orm.jpa.AbstractEntityManagerFactoryBean [main] Initialized JPA EntityManagerFactory for persistence unit 'default'
2020-09-22 22:30:48,178 WARN org.springframework.context.support.AbstractApplicationContext [main] Exception encountered during context initialization - cancelling refresh attempt: org.springframework.beans.factory.UnsatisfiedDependencyException: Error creating bean with name 'crmApplication': Unsatisfied dependency expressed through field 'leadActivityService'; nested exception is org.springframework.beans.factory.UnsatisfiedDependencyException: Error creating bean with name 'leadActivityService': Unsatisfied dependency expressed through field 'laRepo'; nested exception is org.springframework.beans.factory.BeanCreationException: Error creating bean with name 'leadActivityRepo': Invocation of init method failed; nested exception is java.lang.IllegalArgumentException: Either use @Param on all parameters except Pageable and Sort typed once, or none at all!
2020-09-22 22:30:48,178 INFO org.springframework.orm.jpa.AbstractEntityManagerFactoryBean [main] Closing JPA EntityManagerFactory for persistence unit 'default'
2020-09-22 22:30:48,195 INFO com.zaxxer.hikari.HikariDataSource [main] HikariPool-1 - Shutdown initiated...
2020-09-22 22:30:48,204 INFO com.zaxxer.hikari.HikariDataSource [main] HikariPool-1 - Shutdown completed.
2020-09-22 22:30:48,206 INFO org.apache.juli.logging.DirectJDKLog [main] Stopping service [Tomcat]
2020-09-22 22:30:48,221 INFO org.springframework.boot.autoconfigure.logging.ConditionEvaluationReportLoggingListener [main] 

Error starting ApplicationContext. To display the conditions report re-run your application with 'debug' enabled.
2020-09-22 22:30:48,230 ERROR org.springframework.boot.SpringApplication [main] Application run failed
org.springframework.beans.factory.UnsatisfiedDependencyException: Error creating bean with name 'crmApplication': Unsatisfied dependency expressed through field 'leadActivityService'; nested exception is org.springframework.beans.factory.UnsatisfiedDependencyException: Error creating bean with name 'leadActivityService': Unsatisfied dependency expressed through field 'laRepo'; nested exception is org.springframework.beans.factory.BeanCreationException: Error creating bean with name 'leadActivityRepo': Invocation of init method failed; nested exception is java.lang.IllegalArgumentException: Either use @Param on all parameters except Pageable and Sort typed once, or none at all!
	at org.springframework.beans.factory.annotation.AutowiredAnnotationBeanPostProcessor$AutowiredFieldElement.inject(AutowiredAnnotationBeanPostProcessor.java:643)
	at org.springframework.beans.factory.annotation.InjectionMetadata.inject(InjectionMetadata.java:116)
	at org.springframework.beans.factory.annotation.AutowiredAnnotationBeanPostProcessor.postProcessProperties(AutowiredAnnotationBeanPostProcessor.java:399)
	at org.springframework.beans.factory.support.AbstractAutowireCapableBeanFactory.populateBean(AbstractAutowireCapableBeanFactory.java:1422)
	at org.springframework.beans.factory.support.AbstractAutowireCapableBeanFactory.doCreateBean(AbstractAutowireCapableBeanFactory.java:594)
	at org.springframework.beans.factory.support.AbstractAutowireCapableBeanFactory.createBean(AbstractAutowireCapableBeanFactory.java:517)
	at org.springframework.beans.factory.support.AbstractBeanFactory.lambda$doGetBean$0(AbstractBeanFactory.java:323)
	at org.springframework.beans.factory.support.DefaultSingletonBeanRegistry.getSingleton(DefaultSingletonBeanRegistry.java:222)
	at org.springframework.beans.factory.support.AbstractBeanFactory.doGetBean(AbstractBeanFactory.java:321)
	at org.springframework.beans.factory.support.AbstractBeanFactory.getBean(AbstractBeanFactory.java:202)
	at org.springframework.beans.factory.support.DefaultListableBeanFactory.preInstantiateSingletons(DefaultListableBeanFactory.java:879)
	at org.springframework.context.support.AbstractApplicationContext.finishBeanFactoryInitialization(AbstractApplicationContext.java:878)
	at org.springframework.context.support.AbstractApplicationContext.refresh(AbstractApplicationContext.java:550)
	at org.springframework.boot.web.servlet.context.ServletWebServerApplicationContext.refresh(ServletWebServerApplicationContext.java:141)
	at org.springframework.boot.SpringApplication.refresh(SpringApplication.java:747)
	at org.springframework.boot.SpringApplication.refreshContext(SpringApplication.java:397)
	at org.springframework.boot.SpringApplication.run(SpringApplication.java:315)
	at org.springframework.boot.SpringApplication.run(SpringApplication.java:1226)
	at org.springframework.boot.SpringApplication.run(SpringApplication.java:1215)
	at com.ec.crm.CrmApplication.main(CrmApplication.java:25)
Caused by: org.springframework.beans.factory.UnsatisfiedDependencyException: Error creating bean with name 'leadActivityService': Unsatisfied dependency expressed through field 'laRepo'; nested exception is org.springframework.beans.factory.BeanCreationException: Error creating bean with name 'leadActivityRepo': Invocation of init method failed; nested exception is java.lang.IllegalArgumentException: Either use @Param on all parameters except Pageable and Sort typed once, or none at all!
	at org.springframework.beans.factory.annotation.AutowiredAnnotationBeanPostProcessor$AutowiredFieldElement.inject(AutowiredAnnotationBeanPostProcessor.java:643)
	at org.springframework.beans.factory.annotation.InjectionMetadata.inject(InjectionMetadata.java:116)
	at org.springframework.beans.factory.annotation.AutowiredAnnotationBeanPostProcessor.postProcessProperties(AutowiredAnnotationBeanPostProcessor.java:399)
	at org.springframework.beans.factory.support.AbstractAutowireCapableBeanFactory.populateBean(AbstractAutowireCapableBeanFactory.java:1422)
	at org.springframework.beans.factory.support.AbstractAutowireCapableBeanFactory.doCreateBean(AbstractAutowireCapableBeanFactory.java:594)
	at org.springframework.beans.factory.support.AbstractAutowireCapableBeanFactory.createBean(AbstractAutowireCapableBeanFactory.java:517)
	at org.springframework.beans.factory.support.AbstractBeanFactory.lambda$doGetBean$0(AbstractBeanFactory.java:323)
	at org.springframework.beans.factory.support.DefaultSingletonBeanRegistry.getSingleton(DefaultSingletonBeanRegistry.java:222)
	at org.springframework.beans.factory.support.AbstractBeanFactory.doGetBean(AbstractBeanFactory.java:321)
	at org.springframework.beans.factory.support.AbstractBeanFactory.getBean(AbstractBeanFactory.java:202)
	at org.springframework.beans.factory.config.DependencyDescriptor.resolveCandidate(DependencyDescriptor.java:276)
	at org.springframework.beans.factory.support.DefaultListableBeanFactory.doResolveDependency(DefaultListableBeanFactory.java:1287)
	at org.springframework.beans.factory.support.DefaultListableBeanFactory.resolveDependency(DefaultListableBeanFactory.java:1207)
	at org.springframework.beans.factory.annotation.AutowiredAnnotationBeanPostProcessor$AutowiredFieldElement.inject(AutowiredAnnotationBeanPostProcessor.java:640)
	... 19 common frames omitted
Caused by: org.springframework.beans.factory.BeanCreationException: Error creating bean with name 'leadActivityRepo': Invocation of init method failed; nested exception is java.lang.IllegalArgumentException: Either use @Param on all parameters except Pageable and Sort typed once, or none at all!
	at org.springframework.beans.factory.support.AbstractAutowireCapableBeanFactory.initializeBean(AbstractAutowireCapableBeanFactory.java:1796)
	at org.springframework.beans.factory.support.AbstractAutowireCapableBeanFactory.doCreateBean(AbstractAutowireCapableBeanFactory.java:595)
	at org.springframework.beans.factory.support.AbstractAutowireCapableBeanFactory.createBean(AbstractAutowireCapableBeanFactory.java:517)
	at org.springframework.beans.factory.support.AbstractBeanFactory.lambda$doGetBean$0(AbstractBeanFactory.java:323)
	at org.springframework.beans.factory.support.DefaultSingletonBeanRegistry.getSingleton(DefaultSingletonBeanRegistry.java:222)
	at org.springframework.beans.factory.support.AbstractBeanFactory.doGetBean(AbstractBeanFactory.java:321)
	at org.springframework.beans.factory.support.AbstractBeanFactory.getBean(AbstractBeanFactory.java:202)
	at org.springframework.beans.factory.config.DependencyDescriptor.resolveCandidate(DependencyDescriptor.java:276)
	at org.springframework.beans.factory.support.DefaultListableBeanFactory.doResolveDependency(DefaultListableBeanFactory.java:1287)
	at org.springframework.beans.factory.support.DefaultListableBeanFactory.resolveDependency(DefaultListableBeanFactory.java:1207)
	at org.springframework.beans.factory.annotation.AutowiredAnnotationBeanPostProcessor$AutowiredFieldElement.inject(AutowiredAnnotationBeanPostProcessor.java:640)
	... 32 common frames omitted
Caused by: java.lang.IllegalArgumentException: Either use @Param on all parameters except Pageable and Sort typed once, or none at all!
	at org.springframework.util.Assert.isTrue(Assert.java:118)
	at org.springframework.data.repository.query.Parameters.assertEitherAllParamAnnotatedOrNone(Parameters.java:317)
	at org.springframework.data.repository.query.Parameters.<init>(Parameters.java:106)
	at org.springframework.data.jpa.repository.query.JpaParameters.<init>(JpaParameters.java:45)
	at org.springframework.data.jpa.repository.query.JpaQueryMethod.createParameters(JpaQueryMethod.java:385)
	at org.springframework.data.jpa.repository.query.JpaQueryMethod.createParameters(JpaQueryMethod.java:58)
	at org.springframework.data.repository.query.QueryMethod.<init>(QueryMethod.java:81)
	at org.springframework.data.jpa.repository.query.JpaQueryMethod.<init>(JpaQueryMethod.java:103)
	at org.springframework.data.jpa.repository.query.JpaQueryLookupStrategy$AbstractQueryLookupStrategy.resolveQuery(JpaQueryLookupStrategy.java:79)
	at org.springframework.data.repository.core.support.RepositoryFactorySupport$QueryExecutorMethodInterceptor.lookupQuery(RepositoryFactorySupport.java:574)
	at org.springframework.data.repository.core.support.RepositoryFactorySupport$QueryExecutorMethodInterceptor.lambda$mapMethodsToQuery$1(RepositoryFactorySupport.java:567)
	at java.util.stream.ReferencePipeline$3$1.accept(ReferencePipeline.java:193)
	at java.util.Iterator.forEachRemaining(Iterator.java:116)
	at java.util.Collections$UnmodifiableCollection$1.forEachRemaining(Collections.java:1049)
	at java.util.Spliterators$IteratorSpliterator.forEachRemaining(Spliterators.java:1801)
	at java.util.stream.AbstractPipeline.copyInto(AbstractPipeline.java:481)
	at java.util.stream.AbstractPipeline.wrapAndCopyInto(AbstractPipeline.java:471)
	at java.util.stream.ReduceOps$ReduceOp.evaluateSequential(ReduceOps.java:708)
	at java.util.stream.AbstractPipeline.evaluate(AbstractPipeline.java:234)
	at java.util.stream.ReferencePipeline.collect(ReferencePipeline.java:499)
	at org.springframework.data.repository.core.support.RepositoryFactorySupport$QueryExecutorMethodInterceptor.mapMethodsToQuery(RepositoryFactorySupport.java:569)
	at org.springframework.data.repository.core.support.RepositoryFactorySupport$QueryExecutorMethodInterceptor.lambda$new$0(RepositoryFactorySupport.java:559)
	at java.util.Optional.map(Optional.java:215)
	at org.springframework.data.repository.core.support.RepositoryFactorySupport$QueryExecutorMethodInterceptor.<init>(RepositoryFactorySupport.java:559)
	at org.springframework.data.repository.core.support.RepositoryFactorySupport.getRepository(RepositoryFactorySupport.java:332)
	at org.springframework.data.repository.core.support.RepositoryFactoryBeanSupport.lambda$afterPropertiesSet$5(RepositoryFactoryBeanSupport.java:297)
	at org.springframework.data.util.Lazy.getNullable(Lazy.java:212)
	at org.springframework.data.util.Lazy.get(Lazy.java:94)
	at org.springframework.data.repository.core.support.RepositoryFactoryBeanSupport.afterPropertiesSet(RepositoryFactoryBeanSupport.java:300)
	at org.springframework.data.jpa.repository.support.JpaRepositoryFactoryBean.afterPropertiesSet(JpaRepositoryFactoryBean.java:121)
	at org.springframework.beans.factory.support.AbstractAutowireCapableBeanFactory.invokeInitMethods(AbstractAutowireCapableBeanFactory.java:1855)
	at org.springframework.beans.factory.support.AbstractAutowireCapableBeanFactory.initializeBean(AbstractAutowireCapableBeanFactory.java:1792)
	... 42 common frames omitted
2020-09-22 22:33:07,401 WARN org.springframework.boot.StartupInfoLogger [main] InetAddress.getLocalHost().getHostName() took 5006 milliseconds to respond. Please verify your network configuration (macOS machines may need to add entries to /etc/hosts).
2020-09-22 22:33:12,422 INFO org.springframework.boot.StartupInfoLogger [main] Starting CrmApplication on Sridhars-MacBook-Air.local with PID 64731 (/Users/bsridharpatnaik/Documents/GitHub/Evergreen-City-Management-System/ec-crm-service/target/classes started by bsridharpatnaik in /Users/bsridharpatnaik/Documents/GitHub/Evergreen-City-Management-System/ec-crm-service)
2020-09-22 22:33:12,424 INFO org.springframework.boot.SpringApplication [main] No active profile set, falling back to default profiles: default
2020-09-22 22:33:14,345 INFO org.springframework.data.repository.config.RepositoryConfigurationDelegate [main] Bootstrapping Spring Data JPA repositories in DEFAULT mode.
2020-09-22 22:33:14,537 INFO org.springframework.data.repository.config.RepositoryConfigurationDelegate [main] Finished Spring Data repository scanning in 176ms. Found 9 JPA repository interfaces.
2020-09-22 22:33:15,071 INFO org.springframework.context.support.PostProcessorRegistrationDelegate$BeanPostProcessorChecker [main] Bean 'org.springframework.ws.config.annotation.DelegatingWsConfiguration' of type [org.springframework.ws.config.annotation.DelegatingWsConfiguration$$EnhancerBySpringCGLIB$$582c0ceb] is not eligible for getting processed by all BeanPostProcessors (for example: not eligible for auto-proxying)
2020-09-22 22:33:15,239 INFO org.springframework.ws.soap.addressing.server.AbstractAddressingEndpointMapping [main] Supporting [WS-Addressing August 2004, WS-Addressing 1.0]
2020-09-22 22:33:15,283 INFO org.springframework.context.support.PostProcessorRegistrationDelegate$BeanPostProcessorChecker [main] Bean 'org.springframework.transaction.annotation.ProxyTransactionManagementConfiguration' of type [org.springframework.transaction.annotation.ProxyTransactionManagementConfiguration] is not eligible for getting processed by all BeanPostProcessors (for example: not eligible for auto-proxying)
2020-09-22 22:33:15,862 INFO org.springframework.boot.web.embedded.tomcat.TomcatWebServer [main] Tomcat initialized with port(s): 8083 (http)
2020-09-22 22:33:15,877 INFO org.apache.juli.logging.DirectJDKLog [main] Initializing ProtocolHandler ["http-nio-8083"]
2020-09-22 22:33:15,878 INFO org.apache.juli.logging.DirectJDKLog [main] Starting service [Tomcat]
2020-09-22 22:33:15,878 INFO org.apache.juli.logging.DirectJDKLog [main] Starting Servlet engine: [Apache Tomcat/9.0.29]
2020-09-22 22:33:16,869 INFO org.apache.juli.logging.DirectJDKLog [main] Initializing Spring embedded WebApplicationContext
2020-09-22 22:33:16,878 INFO org.springframework.boot.web.servlet.context.ServletWebServerApplicationContext [main] Root WebApplicationContext: initialization completed in 4179 ms
2020-09-22 22:33:17,461 DEBUG org.springframework.web.filter.GenericFilterBean [main] Filter 'logFilter' configured for use
2020-09-22 22:33:18,654 INFO org.hibernate.jpa.internal.util.LogHelper [main] HHH000204: Processing PersistenceUnitInfo [name: default]
2020-09-22 22:33:19,247 INFO org.hibernate.Version [main] HHH000412: Hibernate Core {5.4.9.Final}
2020-09-22 22:33:19,632 INFO org.hibernate.annotations.common.reflection.java.JavaReflectionManager [main] HCANN000001: Hibernate Commons Annotations {5.1.0.Final}
2020-09-22 22:33:19,987 INFO com.zaxxer.hikari.HikariDataSource [main] HikariPool-1 - Starting...
2020-09-22 22:33:19,996 WARN com.zaxxer.hikari.util.DriverDataSource [main] Registered driver with driverClassName=com.mysql.jdbc.Driver was not found, trying direct instantiation.
2020-09-22 22:33:20,397 INFO com.zaxxer.hikari.HikariDataSource [main] HikariPool-1 - Start completed.
2020-09-22 22:33:20,446 INFO org.hibernate.dialect.Dialect [main] HHH000400: Using dialect: org.hibernate.dialect.MySQL5InnoDBDialect
2020-09-22 22:33:20,718 INFO org.hibernate.envers.boot.internal.EnversServiceImpl [main] Envers integration enabled? : true
2020-09-22 22:33:21,265 WARN org.hibernate.cfg.AnnotationBinder [main] HHH000491: The [lead] association in the [com.ec.crm.Model.LeadActivity] entity uses both @NotFound(action = NotFoundAction.IGNORE) and FetchType.LAZY. The NotFoundAction.IGNORE @ManyToOne and @OneToOne associations are always fetched eagerly.
2020-09-22 22:33:21,314 WARN org.hibernate.cfg.AnnotationBinder [main] HHH000491: The [lead] association in the [com.ec.crm.Model.Note] entity uses both @NotFound(action = NotFoundAction.IGNORE) and FetchType.LAZY. The NotFoundAction.IGNORE @ManyToOne and @OneToOne associations are always fetched eagerly.
2020-09-22 22:33:26,314 INFO org.hibernate.engine.transaction.jta.platform.internal.JtaPlatformInitiator [main] HHH000490: Using JtaPlatform implementation: [org.hibernate.engine.transaction.jta.platform.internal.NoJtaPlatform]
2020-09-22 22:33:26,329 INFO org.springframework.orm.jpa.AbstractEntityManagerFactoryBean [main] Initialized JPA EntityManagerFactory for persistence unit 'default'
2020-09-22 22:33:28,034 WARN org.springframework.context.support.AbstractApplicationContext [main] Exception encountered during context initialization - cancelling refresh attempt: org.springframework.beans.factory.UnsatisfiedDependencyException: Error creating bean with name 'crmApplication': Unsatisfied dependency expressed through field 'leadActivityService'; nested exception is org.springframework.beans.factory.UnsatisfiedDependencyException: Error creating bean with name 'leadActivityService': Unsatisfied dependency expressed through field 'laMapper'; nested exception is org.springframework.beans.factory.NoSuchBeanDefinitionException: No qualifying bean of type 'com.ec.crm.Mapper.LeadActivityMapper' available: expected at least 1 bean which qualifies as autowire candidate. Dependency annotations: {@org.springframework.beans.factory.annotation.Autowired(required=true)}
2020-09-22 22:33:28,035 INFO org.springframework.orm.jpa.AbstractEntityManagerFactoryBean [main] Closing JPA EntityManagerFactory for persistence unit 'default'
2020-09-22 22:33:28,076 INFO com.zaxxer.hikari.HikariDataSource [main] HikariPool-1 - Shutdown initiated...
2020-09-22 22:33:28,085 INFO com.zaxxer.hikari.HikariDataSource [main] HikariPool-1 - Shutdown completed.
2020-09-22 22:33:28,092 INFO org.apache.juli.logging.DirectJDKLog [main] Stopping service [Tomcat]
2020-09-22 22:33:28,118 INFO org.springframework.boot.autoconfigure.logging.ConditionEvaluationReportLoggingListener [main] 

Error starting ApplicationContext. To display the conditions report re-run your application with 'debug' enabled.
2020-09-22 22:33:28,356 ERROR org.springframework.boot.diagnostics.LoggingFailureAnalysisReporter [main] 

***************************
APPLICATION FAILED TO START
***************************

Description:

Field laMapper in com.ec.crm.Service.LeadActivityService required a bean of type 'com.ec.crm.Mapper.LeadActivityMapper' that could not be found.

The injection point has the following annotations:
	- @org.springframework.beans.factory.annotation.Autowired(required=true)


Action:

Consider defining a bean of type 'com.ec.crm.Mapper.LeadActivityMapper' in your configuration.

2020-09-22 22:34:50,491 WARN org.springframework.boot.StartupInfoLogger [main] InetAddress.getLocalHost().getHostName() took 5007 milliseconds to respond. Please verify your network configuration (macOS machines may need to add entries to /etc/hosts).
2020-09-22 22:34:55,501 INFO org.springframework.boot.StartupInfoLogger [main] Starting CrmApplication on Sridhars-MacBook-Air.local with PID 64851 (/Users/bsridharpatnaik/Documents/GitHub/Evergreen-City-Management-System/ec-crm-service/target/classes started by bsridharpatnaik in /Users/bsridharpatnaik/Documents/GitHub/Evergreen-City-Management-System/ec-crm-service)
2020-09-22 22:34:55,502 INFO org.springframework.boot.SpringApplication [main] No active profile set, falling back to default profiles: default
2020-09-22 22:34:56,646 INFO org.springframework.data.repository.config.RepositoryConfigurationDelegate [main] Bootstrapping Spring Data JPA repositories in DEFAULT mode.
2020-09-22 22:34:56,864 INFO org.springframework.data.repository.config.RepositoryConfigurationDelegate [main] Finished Spring Data repository scanning in 200ms. Found 9 JPA repository interfaces.
2020-09-22 22:34:57,291 INFO org.springframework.context.support.PostProcessorRegistrationDelegate$BeanPostProcessorChecker [main] Bean 'org.springframework.ws.config.annotation.DelegatingWsConfiguration' of type [org.springframework.ws.config.annotation.DelegatingWsConfiguration$$EnhancerBySpringCGLIB$$603d93f8] is not eligible for getting processed by all BeanPostProcessors (for example: not eligible for auto-proxying)
2020-09-22 22:34:57,339 INFO org.springframework.ws.soap.addressing.server.AbstractAddressingEndpointMapping [main] Supporting [WS-Addressing August 2004, WS-Addressing 1.0]
2020-09-22 22:34:57,364 INFO org.springframework.context.support.PostProcessorRegistrationDelegate$BeanPostProcessorChecker [main] Bean 'org.springframework.transaction.annotation.ProxyTransactionManagementConfiguration' of type [org.springframework.transaction.annotation.ProxyTransactionManagementConfiguration] is not eligible for getting processed by all BeanPostProcessors (for example: not eligible for auto-proxying)
2020-09-22 22:34:57,702 INFO org.springframework.boot.web.embedded.tomcat.TomcatWebServer [main] Tomcat initialized with port(s): 8083 (http)
2020-09-22 22:34:57,721 INFO org.apache.juli.logging.DirectJDKLog [main] Initializing ProtocolHandler ["http-nio-8083"]
2020-09-22 22:34:57,724 INFO org.apache.juli.logging.DirectJDKLog [main] Starting service [Tomcat]
2020-09-22 22:34:57,725 INFO org.apache.juli.logging.DirectJDKLog [main] Starting Servlet engine: [Apache Tomcat/9.0.29]
2020-09-22 22:34:57,947 INFO org.apache.juli.logging.DirectJDKLog [main] Initializing Spring embedded WebApplicationContext
2020-09-22 22:34:57,947 INFO org.springframework.boot.web.servlet.context.ServletWebServerApplicationContext [main] Root WebApplicationContext: initialization completed in 2340 ms
2020-09-22 22:34:58,022 DEBUG org.springframework.web.filter.GenericFilterBean [main] Filter 'logFilter' configured for use
2020-09-22 22:34:58,225 INFO org.hibernate.jpa.internal.util.LogHelper [main] HHH000204: Processing PersistenceUnitInfo [name: default]
2020-09-22 22:34:58,440 INFO org.hibernate.Version [main] HHH000412: Hibernate Core {5.4.9.Final}
2020-09-22 22:34:58,641 INFO org.hibernate.annotations.common.reflection.java.JavaReflectionManager [main] HCANN000001: Hibernate Commons Annotations {5.1.0.Final}
2020-09-22 22:34:58,813 INFO com.zaxxer.hikari.HikariDataSource [main] HikariPool-1 - Starting...
2020-09-22 22:34:58,814 WARN com.zaxxer.hikari.util.DriverDataSource [main] Registered driver with driverClassName=com.mysql.jdbc.Driver was not found, trying direct instantiation.
2020-09-22 22:34:59,013 INFO com.zaxxer.hikari.HikariDataSource [main] HikariPool-1 - Start completed.
2020-09-22 22:34:59,030 INFO org.hibernate.dialect.Dialect [main] HHH000400: Using dialect: org.hibernate.dialect.MySQL5InnoDBDialect
2020-09-22 22:34:59,161 INFO org.hibernate.envers.boot.internal.EnversServiceImpl [main] Envers integration enabled? : true
2020-09-22 22:34:59,415 WARN org.hibernate.cfg.AnnotationBinder [main] HHH000491: The [lead] association in the [com.ec.crm.Model.LeadActivity] entity uses both @NotFound(action = NotFoundAction.IGNORE) and FetchType.LAZY. The NotFoundAction.IGNORE @ManyToOne and @OneToOne associations are always fetched eagerly.
2020-09-22 22:34:59,436 WARN org.hibernate.cfg.AnnotationBinder [main] HHH000491: The [lead] association in the [com.ec.crm.Model.Note] entity uses both @NotFound(action = NotFoundAction.IGNORE) and FetchType.LAZY. The NotFoundAction.IGNORE @ManyToOne and @OneToOne associations are always fetched eagerly.
2020-09-22 22:35:02,468 INFO org.hibernate.engine.transaction.jta.platform.internal.JtaPlatformInitiator [main] HHH000490: Using JtaPlatform implementation: [org.hibernate.engine.transaction.jta.platform.internal.NoJtaPlatform]
2020-09-22 22:35:02,478 INFO org.springframework.orm.jpa.AbstractEntityManagerFactoryBean [main] Initialized JPA EntityManagerFactory for persistence unit 'default'
2020-09-22 22:35:04,253 WARN org.springframework.boot.autoconfigure.orm.jpa.JpaBaseConfiguration$JpaWebConfiguration [main] spring.jpa.open-in-view is enabled by default. Therefore, database queries may be performed during view rendering. Explicitly configure spring.jpa.open-in-view to disable this warning
2020-09-22 22:35:04,414 INFO org.springframework.scheduling.concurrent.ExecutorConfigurationSupport [main] Initializing ExecutorService 'applicationTaskExecutor'
2020-09-22 22:35:04,779 INFO org.apache.juli.logging.DirectJDKLog [main] Starting ProtocolHandler ["http-nio-8083"]
2020-09-22 22:35:04,832 INFO org.springframework.boot.web.embedded.tomcat.TomcatWebServer [main] Tomcat started on port(s): 8083 (http) with context path ''
2020-09-22 22:35:04,839 INFO org.springframework.boot.StartupInfoLogger [main] Started CrmApplication in 30.173 seconds (JVM running for 36.562)
2020-09-22 22:56:46,560 INFO org.springframework.boot.admin.SpringApplicationAdminMXBeanRegistrar$SpringApplicationAdmin [RMI TCP Connection(25)-127.0.0.1] Application shutdown requested.
2020-09-22 22:56:46,878 INFO org.springframework.scheduling.concurrent.ExecutorConfigurationSupport [RMI TCP Connection(25)-127.0.0.1] Shutting down ExecutorService 'applicationTaskExecutor'
2020-09-22 22:56:46,898 INFO org.springframework.orm.jpa.AbstractEntityManagerFactoryBean [RMI TCP Connection(25)-127.0.0.1] Closing JPA EntityManagerFactory for persistence unit 'default'
2020-09-22 22:56:47,116 INFO com.zaxxer.hikari.HikariDataSource [RMI TCP Connection(25)-127.0.0.1] HikariPool-1 - Shutdown initiated...
2020-09-22 22:56:47,154 INFO com.zaxxer.hikari.HikariDataSource [RMI TCP Connection(25)-127.0.0.1] HikariPool-1 - Shutdown completed.
2020-09-22 22:57:18,136 WARN org.springframework.boot.StartupInfoLogger [main] InetAddress.getLocalHost().getHostName() took 5003 milliseconds to respond. Please verify your network configuration (macOS machines may need to add entries to /etc/hosts).
2020-09-22 22:57:23,147 INFO org.springframework.boot.StartupInfoLogger [main] Starting CrmApplication on Sridhars-MacBook-Air.local with PID 65265 (/Users/bsridharpatnaik/Documents/GitHub/Evergreen-City-Management-System/ec-crm-service/target/classes started by bsridharpatnaik in /Users/bsridharpatnaik/Documents/GitHub/Evergreen-City-Management-System/ec-crm-service)
2020-09-22 22:57:23,149 INFO org.springframework.boot.SpringApplication [main] No active profile set, falling back to default profiles: default
2020-09-22 22:57:24,899 INFO org.springframework.data.repository.config.RepositoryConfigurationDelegate [main] Bootstrapping Spring Data JPA repositories in DEFAULT mode.
2020-09-22 22:57:25,358 INFO org.springframework.data.repository.config.RepositoryConfigurationDelegate [main] Finished Spring Data repository scanning in 423ms. Found 9 JPA repository interfaces.
2020-09-22 22:57:27,200 INFO org.springframework.context.support.PostProcessorRegistrationDelegate$BeanPostProcessorChecker [main] Bean 'org.springframework.ws.config.annotation.DelegatingWsConfiguration' of type [org.springframework.ws.config.annotation.DelegatingWsConfiguration$$EnhancerBySpringCGLIB$$bb730a5f] is not eligible for getting processed by all BeanPostProcessors (for example: not eligible for auto-proxying)
2020-09-22 22:57:27,483 INFO org.springframework.ws.soap.addressing.server.AbstractAddressingEndpointMapping [main] Supporting [WS-Addressing August 2004, WS-Addressing 1.0]
2020-09-22 22:57:27,592 INFO org.springframework.context.support.PostProcessorRegistrationDelegate$BeanPostProcessorChecker [main] Bean 'org.springframework.transaction.annotation.ProxyTransactionManagementConfiguration' of type [org.springframework.transaction.annotation.ProxyTransactionManagementConfiguration] is not eligible for getting processed by all BeanPostProcessors (for example: not eligible for auto-proxying)
2020-09-22 22:57:28,296 INFO org.springframework.boot.web.embedded.tomcat.TomcatWebServer [main] Tomcat initialized with port(s): 8083 (http)
2020-09-22 22:57:28,316 INFO org.apache.juli.logging.DirectJDKLog [main] Initializing ProtocolHandler ["http-nio-8083"]
2020-09-22 22:57:28,318 INFO org.apache.juli.logging.DirectJDKLog [main] Starting service [Tomcat]
2020-09-22 22:57:28,320 INFO org.apache.juli.logging.DirectJDKLog [main] Starting Servlet engine: [Apache Tomcat/9.0.29]
2020-09-22 22:57:28,530 INFO org.apache.juli.logging.DirectJDKLog [main] Initializing Spring embedded WebApplicationContext
2020-09-22 22:57:28,531 INFO org.springframework.boot.web.servlet.context.ServletWebServerApplicationContext [main] Root WebApplicationContext: initialization completed in 5225 ms
2020-09-22 22:57:28,664 DEBUG org.springframework.web.filter.GenericFilterBean [main] Filter 'logFilter' configured for use
2020-09-22 22:57:29,055 INFO org.hibernate.jpa.internal.util.LogHelper [main] HHH000204: Processing PersistenceUnitInfo [name: default]
2020-09-22 22:57:29,522 INFO org.hibernate.Version [main] HHH000412: Hibernate Core {5.4.9.Final}
2020-09-22 22:57:30,030 INFO org.hibernate.annotations.common.reflection.java.JavaReflectionManager [main] HCANN000001: Hibernate Commons Annotations {5.1.0.Final}
2020-09-22 22:57:30,378 INFO com.zaxxer.hikari.HikariDataSource [main] HikariPool-1 - Starting...
2020-09-22 22:57:30,380 WARN com.zaxxer.hikari.util.DriverDataSource [main] Registered driver with driverClassName=com.mysql.jdbc.Driver was not found, trying direct instantiation.
2020-09-22 22:57:30,711 INFO com.zaxxer.hikari.HikariDataSource [main] HikariPool-1 - Start completed.
2020-09-22 22:57:30,742 INFO org.hibernate.dialect.Dialect [main] HHH000400: Using dialect: org.hibernate.dialect.MySQL5InnoDBDialect
2020-09-22 22:57:31,030 INFO org.hibernate.envers.boot.internal.EnversServiceImpl [main] Envers integration enabled? : true
2020-09-22 22:57:31,401 WARN org.hibernate.cfg.AnnotationBinder [main] HHH000491: The [lead] association in the [com.ec.crm.Model.LeadActivity] entity uses both @NotFound(action = NotFoundAction.IGNORE) and FetchType.LAZY. The NotFoundAction.IGNORE @ManyToOne and @OneToOne associations are always fetched eagerly.
2020-09-22 22:57:31,429 WARN org.hibernate.cfg.AnnotationBinder [main] HHH000491: The [lead] association in the [com.ec.crm.Model.Note] entity uses both @NotFound(action = NotFoundAction.IGNORE) and FetchType.LAZY. The NotFoundAction.IGNORE @ManyToOne and @OneToOne associations are always fetched eagerly.
2020-09-22 22:57:36,238 INFO org.hibernate.engine.transaction.jta.platform.internal.JtaPlatformInitiator [main] HHH000490: Using JtaPlatform implementation: [org.hibernate.engine.transaction.jta.platform.internal.NoJtaPlatform]
2020-09-22 22:57:36,250 INFO org.springframework.orm.jpa.AbstractEntityManagerFactoryBean [main] Initialized JPA EntityManagerFactory for persistence unit 'default'
2020-09-22 22:57:38,483 WARN org.springframework.boot.autoconfigure.orm.jpa.JpaBaseConfiguration$JpaWebConfiguration [main] spring.jpa.open-in-view is enabled by default. Therefore, database queries may be performed during view rendering. Explicitly configure spring.jpa.open-in-view to disable this warning
2020-09-22 22:57:38,695 INFO org.springframework.scheduling.concurrent.ExecutorConfigurationSupport [main] Initializing ExecutorService 'applicationTaskExecutor'
2020-09-22 22:57:39,199 INFO org.apache.juli.logging.DirectJDKLog [main] Starting ProtocolHandler ["http-nio-8083"]
2020-09-22 22:57:39,250 INFO org.springframework.boot.web.embedded.tomcat.TomcatWebServer [main] Tomcat started on port(s): 8083 (http) with context path ''
2020-09-22 22:57:39,253 INFO org.springframework.boot.StartupInfoLogger [main] Started CrmApplication in 37.046 seconds (JVM running for 43.673)
2020-09-22 23:27:43,382 WARN com.zaxxer.hikari.pool.HikariPool$HouseKeeper [HikariPool-1 housekeeper] HikariPool-1 - Thread starvation or clock leap detected (housekeeper delta=1m12s283ms).
2020-09-22 23:55:47,950 INFO org.springframework.boot.admin.SpringApplicationAdminMXBeanRegistrar$SpringApplicationAdmin [RMI TCP Connection(60)-127.0.0.1] Application shutdown requested.
2020-09-22 23:55:47,950 INFO org.springframework.boot.admin.SpringApplicationAdminMXBeanRegistrar$SpringApplicationAdmin [RMI TCP Connection(66)-127.0.0.1] Application shutdown requested.
2020-09-22 23:55:47,950 INFO org.springframework.boot.admin.SpringApplicationAdminMXBeanRegistrar$SpringApplicationAdmin [RMI TCP Connection(65)-127.0.0.1] Application shutdown requested.
2020-09-22 23:55:47,950 INFO org.springframework.boot.admin.SpringApplicationAdminMXBeanRegistrar$SpringApplicationAdmin [RMI TCP Connection(64)-127.0.0.1] Application shutdown requested.
2020-09-22 23:55:47,950 INFO org.springframework.boot.admin.SpringApplicationAdminMXBeanRegistrar$SpringApplicationAdmin [RMI TCP Connection(67)-127.0.0.1] Application shutdown requested.
2020-09-22 23:55:48,577 INFO org.springframework.scheduling.concurrent.ExecutorConfigurationSupport [RMI TCP Connection(65)-127.0.0.1] Shutting down ExecutorService 'applicationTaskExecutor'
2020-09-22 23:55:48,663 INFO org.springframework.orm.jpa.AbstractEntityManagerFactoryBean [RMI TCP Connection(65)-127.0.0.1] Closing JPA EntityManagerFactory for persistence unit 'default'
2020-09-22 23:55:49,143 INFO com.zaxxer.hikari.HikariDataSource [RMI TCP Connection(65)-127.0.0.1] HikariPool-1 - Shutdown initiated...
2020-09-22 23:55:49,212 INFO com.zaxxer.hikari.HikariDataSource [RMI TCP Connection(65)-127.0.0.1] HikariPool-1 - Shutdown completed.
