2020-10-12 13:10:47,166 WARN org.springframework.boot.StartupInfoLogger [main] InetAddress.getLocalHost().getHostName() took 5002 milliseconds to respond. Please verify your network configuration (macOS machines may need to add entries to /etc/hosts).
2020-10-12 13:10:52,181 INFO org.springframework.boot.StartupInfoLogger [main] Starting CrmApplication on Sridhars-MacBook-Air.local with PID 65872 (/Users/bsridharpatnaik/Documents/GitHub/Evergreen-City-Management-System/ec-crm-service/target/classes started by bsridharpatnaik in /Users/bsridharpatnaik/Documents/GitHub/Evergreen-City-Management-System/ec-crm-service)
2020-10-12 13:10:52,184 INFO org.springframework.boot.SpringApplication [main] No active profile set, falling back to default profiles: default
2020-10-12 13:10:54,475 INFO org.springframework.data.repository.config.RepositoryConfigurationDelegate [main] Bootstrapping Spring Data JPA repositories in DEFAULT mode.
2020-10-12 13:10:54,792 INFO org.springframework.data.repository.config.RepositoryConfigurationDelegate [main] Finished Spring Data repository scanning in 291ms. Found 10 JPA repository interfaces.
2020-10-12 13:10:55,753 INFO org.springframework.context.support.PostProcessorRegistrationDelegate$BeanPostProcessorChecker [main] Bean 'org.springframework.ws.config.annotation.DelegatingWsConfiguration' of type [org.springframework.ws.config.annotation.DelegatingWsConfiguration$$EnhancerBySpringCGLIB$$9bccd4ac] is not eligible for getting processed by all BeanPostProcessors (for example: not eligible for auto-proxying)
2020-10-12 13:10:55,829 INFO org.springframework.ws.soap.addressing.server.AbstractAddressingEndpointMapping [main] Supporting [WS-Addressing August 2004, WS-Addressing 1.0]
2020-10-12 13:10:55,857 INFO org.springframework.context.support.PostProcessorRegistrationDelegate$BeanPostProcessorChecker [main] Bean 'org.springframework.transaction.annotation.ProxyTransactionManagementConfiguration' of type [org.springframework.transaction.annotation.ProxyTransactionManagementConfiguration] is not eligible for getting processed by all BeanPostProcessors (for example: not eligible for auto-proxying)
2020-10-12 13:10:56,621 INFO org.springframework.boot.web.embedded.tomcat.TomcatWebServer [main] Tomcat initialized with port(s): 8083 (http)
2020-10-12 13:10:56,645 INFO org.apache.juli.logging.DirectJDKLog [main] Initializing ProtocolHandler ["http-nio-8083"]
2020-10-12 13:10:56,646 INFO org.apache.juli.logging.DirectJDKLog [main] Starting service [Tomcat]
2020-10-12 13:10:56,647 INFO org.apache.juli.logging.DirectJDKLog [main] Starting Servlet engine: [Apache Tomcat/9.0.29]
2020-10-12 13:10:57,342 INFO org.apache.juli.logging.DirectJDKLog [main] Initializing Spring embedded WebApplicationContext
2020-10-12 13:10:57,343 INFO org.springframework.boot.web.servlet.context.ServletWebServerApplicationContext [main] Root WebApplicationContext: initialization completed in 5073 ms
2020-10-12 13:10:57,539 DEBUG org.springframework.web.filter.GenericFilterBean [main] Filter 'logFilter' configured for use
2020-10-12 13:10:57,869 INFO org.hibernate.jpa.internal.util.LogHelper [main] HHH000204: Processing PersistenceUnitInfo [name: default]
2020-10-12 13:10:58,288 INFO org.hibernate.Version [main] HHH000412: Hibernate Core {5.4.9.Final}
2020-10-12 13:10:58,903 INFO org.hibernate.annotations.common.reflection.java.JavaReflectionManager [main] HCANN000001: Hibernate Commons Annotations {5.1.0.Final}
2020-10-12 13:10:59,191 INFO com.zaxxer.hikari.HikariDataSource [main] HikariPool-1 - Starting...
2020-10-12 13:10:59,194 WARN com.zaxxer.hikari.util.DriverDataSource [main] Registered driver with driverClassName=com.mysql.jdbc.Driver was not found, trying direct instantiation.
2020-10-12 13:10:59,492 INFO com.zaxxer.hikari.HikariDataSource [main] HikariPool-1 - Start completed.
2020-10-12 13:10:59,529 INFO org.hibernate.dialect.Dialect [main] HHH000400: Using dialect: org.hibernate.dialect.MySQL5InnoDBDialect
2020-10-12 13:10:59,808 INFO org.hibernate.envers.boot.internal.EnversServiceImpl [main] Envers integration enabled? : true
2020-10-12 13:11:00,324 WARN org.hibernate.cfg.AnnotationBinder [main] HHH000491: The [lead] association in the [com.ec.crm.Model.LeadActivity] entity uses both @NotFound(action = NotFoundAction.IGNORE) and FetchType.LAZY. The NotFoundAction.IGNORE @ManyToOne and @OneToOne associations are always fetched eagerly.
2020-10-12 13:11:00,362 WARN org.hibernate.cfg.AnnotationBinder [main] HHH000491: The [leadActivity] association in the [com.ec.crm.Model.LeadActivityNotificationHistory] entity uses both @NotFound(action = NotFoundAction.IGNORE) and FetchType.LAZY. The NotFoundAction.IGNORE @ManyToOne and @OneToOne associations are always fetched eagerly.
2020-10-12 13:11:00,371 WARN org.hibernate.cfg.AnnotationBinder [main] HHH000491: The [lead] association in the [com.ec.crm.Model.Note] entity uses both @NotFound(action = NotFoundAction.IGNORE) and FetchType.LAZY. The NotFoundAction.IGNORE @ManyToOne and @OneToOne associations are always fetched eagerly.
2020-10-12 13:11:05,353 INFO org.hibernate.engine.transaction.jta.platform.internal.JtaPlatformInitiator [main] HHH000490: Using JtaPlatform implementation: [org.hibernate.engine.transaction.jta.platform.internal.NoJtaPlatform]
2020-10-12 13:11:05,368 INFO org.springframework.orm.jpa.AbstractEntityManagerFactoryBean [main] Initialized JPA EntityManagerFactory for persistence unit 'default'
2020-10-12 13:11:07,880 WARN org.springframework.boot.autoconfigure.orm.jpa.JpaBaseConfiguration$JpaWebConfiguration [main] spring.jpa.open-in-view is enabled by default. Therefore, database queries may be performed during view rendering. Explicitly configure spring.jpa.open-in-view to disable this warning
2020-10-12 13:11:08,108 INFO org.springframework.scheduling.concurrent.ExecutorConfigurationSupport [main] Initializing ExecutorService 'applicationTaskExecutor'
2020-10-12 13:11:08,562 INFO org.springframework.scheduling.concurrent.ExecutorConfigurationSupport [main] Initializing ExecutorService 'taskScheduler'
2020-10-12 13:11:08,748 INFO org.apache.juli.logging.DirectJDKLog [main] Starting ProtocolHandler ["http-nio-8083"]
2020-10-12 13:11:08,814 INFO org.springframework.boot.web.embedded.tomcat.TomcatWebServer [main] Tomcat started on port(s): 8083 (http) with context path ''
2020-10-12 13:11:08,824 INFO org.springframework.boot.StartupInfoLogger [main] Started CrmApplication in 39.004 seconds (JVM running for 45.215)
2020-10-12 16:53:05,198 WARN com.zaxxer.hikari.pool.HikariPool$HouseKeeper [HikariPool-1 housekeeper] HikariPool-1 - Thread starvation or clock leap detected (housekeeper delta=2h17m34s785ms).
2020-10-12 22:07:36,584 WARN com.zaxxer.hikari.pool.HikariPool$HouseKeeper [HikariPool-1 housekeeper] HikariPool-1 - Thread starvation or clock leap detected (housekeeper delta=3h30s346ms).
2020-10-12 22:23:50,878 WARN com.zaxxer.hikari.pool.HikariPool$HouseKeeper [HikariPool-1 housekeeper] HikariPool-1 - Thread starvation or clock leap detected (housekeeper delta=16m14s293ms).
2020-10-12 23:56:15,711 INFO org.springframework.boot.admin.SpringApplicationAdminMXBeanRegistrar$SpringApplicationAdmin [RMI TCP Connection(265)-127.0.0.1] Application shutdown requested.
2020-10-12 23:56:16,305 INFO org.springframework.boot.admin.SpringApplicationAdminMXBeanRegistrar$SpringApplicationAdmin [RMI TCP Connection(266)-127.0.0.1] Application shutdown requested.
2020-10-12 23:56:16,321 INFO org.springframework.scheduling.concurrent.ExecutorConfigurationSupport [RMI TCP Connection(265)-127.0.0.1] Shutting down ExecutorService 'taskScheduler'
2020-10-12 23:56:16,348 INFO org.springframework.scheduling.concurrent.ExecutorConfigurationSupport [RMI TCP Connection(265)-127.0.0.1] Shutting down ExecutorService 'applicationTaskExecutor'
2020-10-12 23:56:16,378 INFO org.springframework.orm.jpa.AbstractEntityManagerFactoryBean [RMI TCP Connection(265)-127.0.0.1] Closing JPA EntityManagerFactory for persistence unit 'default'
2020-10-12 23:56:16,911 INFO com.zaxxer.hikari.HikariDataSource [RMI TCP Connection(265)-127.0.0.1] HikariPool-1 - Shutdown initiated...
2020-10-12 23:56:16,941 INFO com.zaxxer.hikari.HikariDataSource [RMI TCP Connection(265)-127.0.0.1] HikariPool-1 - Shutdown completed.
