2020-10-28 11:03:06,776 WARN org.springframework.boot.StartupInfoLogger [main] InetAddress.getLocalHost().getHostName() took 5006 milliseconds to respond. Please verify your network configuration (macOS machines may need to add entries to /etc/hosts).
2020-10-28 11:03:11,791 INFO org.springframework.boot.StartupInfoLogger [main] Starting CrmApplication on Sridhars-MacBook-Air.local with PID 44286 (/Users/bsridharpatnaik/Documents/GitHub/Evergreen-City-Management-System/ec-crm-service/target/classes started by bsridharpatnaik in /Users/bsridharpatnaik/Documents/GitHub/Evergreen-City-Management-System/ec-crm-service)
2020-10-28 11:03:11,792 INFO org.springframework.boot.SpringApplication [main] No active profile set, falling back to default profiles: default
2020-10-28 11:03:13,584 INFO org.springframework.data.repository.config.RepositoryConfigurationDelegate [main] Bootstrapping Spring Data JPA repositories in DEFAULT mode.
2020-10-28 11:03:13,810 INFO org.springframework.data.repository.config.RepositoryConfigurationDelegate [main] Finished Spring Data repository scanning in 198ms. Found 10 JPA repository interfaces.
2020-10-28 11:03:14,379 INFO org.springframework.context.support.PostProcessorRegistrationDelegate$BeanPostProcessorChecker [main] Bean 'org.springframework.ws.config.annotation.DelegatingWsConfiguration' of type [org.springframework.ws.config.annotation.DelegatingWsConfiguration$$EnhancerBySpringCGLIB$$bb730a5f] is not eligible for getting processed by all BeanPostProcessors (for example: not eligible for auto-proxying)
2020-10-28 11:03:14,500 INFO org.springframework.ws.soap.addressing.server.AbstractAddressingEndpointMapping [main] Supporting [WS-Addressing August 2004, WS-Addressing 1.0]
2020-10-28 11:03:14,520 INFO org.springframework.context.support.PostProcessorRegistrationDelegate$BeanPostProcessorChecker [main] Bean 'org.springframework.transaction.annotation.ProxyTransactionManagementConfiguration' of type [org.springframework.transaction.annotation.ProxyTransactionManagementConfiguration] is not eligible for getting processed by all BeanPostProcessors (for example: not eligible for auto-proxying)
2020-10-28 11:03:15,027 INFO org.springframework.boot.web.embedded.tomcat.TomcatWebServer [main] Tomcat initialized with port(s): 8083 (http)
2020-10-28 11:03:15,053 INFO org.apache.juli.logging.DirectJDKLog [main] Initializing ProtocolHandler ["http-nio-8083"]
2020-10-28 11:03:15,055 INFO org.apache.juli.logging.DirectJDKLog [main] Starting service [Tomcat]
2020-10-28 11:03:15,056 INFO org.apache.juli.logging.DirectJDKLog [main] Starting Servlet engine: [Apache Tomcat/9.0.29]
2020-10-28 11:03:15,237 INFO org.apache.juli.logging.DirectJDKLog [main] Initializing Spring embedded WebApplicationContext
2020-10-28 11:03:15,237 INFO org.springframework.boot.web.servlet.context.ServletWebServerApplicationContext [main] Root WebApplicationContext: initialization completed in 3308 ms
2020-10-28 11:03:15,325 DEBUG org.springframework.web.filter.GenericFilterBean [main] Filter 'logFilter' configured for use
2020-10-28 11:03:15,610 INFO org.hibernate.jpa.internal.util.LogHelper [main] HHH000204: Processing PersistenceUnitInfo [name: default]
2020-10-28 11:03:15,961 INFO org.hibernate.Version [main] HHH000412: Hibernate Core {5.4.9.Final}
2020-10-28 11:03:16,408 INFO org.hibernate.annotations.common.reflection.java.JavaReflectionManager [main] HCANN000001: Hibernate Commons Annotations {5.1.0.Final}
2020-10-28 11:03:16,677 INFO com.zaxxer.hikari.HikariDataSource [main] HikariPool-1 - Starting...
2020-10-28 11:03:16,679 WARN com.zaxxer.hikari.util.DriverDataSource [main] Registered driver with driverClassName=com.mysql.jdbc.Driver was not found, trying direct instantiation.
2020-10-28 11:03:16,973 INFO com.zaxxer.hikari.HikariDataSource [main] HikariPool-1 - Start completed.
2020-10-28 11:03:17,003 INFO org.hibernate.dialect.Dialect [main] HHH000400: Using dialect: org.hibernate.dialect.MySQL5InnoDBDialect
2020-10-28 11:03:17,257 INFO org.hibernate.envers.boot.internal.EnversServiceImpl [main] Envers integration enabled? : true
2020-10-28 11:03:17,549 WARN org.hibernate.cfg.AnnotationBinder [main] HHH000491: The [lead] association in the [com.ec.crm.Model.LeadActivity] entity uses both @NotFound(action = NotFoundAction.IGNORE) and FetchType.LAZY. The NotFoundAction.IGNORE @ManyToOne and @OneToOne associations are always fetched eagerly.
2020-10-28 11:03:17,572 WARN org.hibernate.cfg.AnnotationBinder [main] HHH000491: The [leadActivity] association in the [com.ec.crm.Model.LeadActivityNotificationHistory] entity uses both @NotFound(action = NotFoundAction.IGNORE) and FetchType.LAZY. The NotFoundAction.IGNORE @ManyToOne and @OneToOne associations are always fetched eagerly.
2020-10-28 11:03:17,580 WARN org.hibernate.cfg.AnnotationBinder [main] HHH000491: The [lead] association in the [com.ec.crm.Model.Note] entity uses both @NotFound(action = NotFoundAction.IGNORE) and FetchType.LAZY. The NotFoundAction.IGNORE @ManyToOne and @OneToOne associations are always fetched eagerly.
2020-10-28 11:03:21,697 INFO org.hibernate.engine.transaction.jta.platform.internal.JtaPlatformInitiator [main] HHH000490: Using JtaPlatform implementation: [org.hibernate.engine.transaction.jta.platform.internal.NoJtaPlatform]
2020-10-28 11:03:21,710 INFO org.springframework.orm.jpa.AbstractEntityManagerFactoryBean [main] Initialized JPA EntityManagerFactory for persistence unit 'default'
2020-10-28 11:03:23,738 WARN org.springframework.boot.autoconfigure.orm.jpa.JpaBaseConfiguration$JpaWebConfiguration [main] spring.jpa.open-in-view is enabled by default. Therefore, database queries may be performed during view rendering. Explicitly configure spring.jpa.open-in-view to disable this warning
2020-10-28 11:03:23,967 INFO org.springframework.scheduling.concurrent.ExecutorConfigurationSupport [main] Initializing ExecutorService 'applicationTaskExecutor'
2020-10-28 11:03:24,380 INFO org.springframework.scheduling.concurrent.ExecutorConfigurationSupport [main] Initializing ExecutorService 'taskScheduler'
2020-10-28 11:03:24,489 INFO org.apache.juli.logging.DirectJDKLog [main] Starting ProtocolHandler ["http-nio-8083"]
2020-10-28 11:03:24,569 INFO org.springframework.boot.web.embedded.tomcat.TomcatWebServer [main] Tomcat started on port(s): 8083 (http) with context path ''
2020-10-28 11:03:24,573 INFO org.springframework.boot.StartupInfoLogger [main] Started CrmApplication in 33.925 seconds (JVM running for 40.868)
2020-10-28 11:04:13,322 INFO org.apache.juli.logging.DirectJDKLog [http-nio-8083-exec-1] Initializing Spring DispatcherServlet 'dispatcherServlet'
2020-10-28 11:04:13,327 INFO org.springframework.web.servlet.FrameworkServlet [http-nio-8083-exec-1] Initializing Servlet 'dispatcherServlet'
2020-10-28 11:04:13,353 INFO org.springframework.web.servlet.FrameworkServlet [http-nio-8083-exec-1] Completed initialization in 26 ms
2020-10-28 11:04:13,383 DEBUG org.springframework.web.filter.CommonsRequestLoggingFilter [http-nio-8083-exec-1] Before request [POST /activity/getleadactivitypage]
2020-10-28 11:04:13,666 INFO com.ec.crm.Service.LeadActivityService [http-nio-8083-exec-1] Invoked findFilteredList with payload - FilterDataList [filterData=[], getFilterData()=[], getClass()=class com.ec.crm.Filters.FilterDataList, hashCode()=1238636329, toString()=com.ec.crm.Filters.FilterDataList@49d41729]
2020-10-28 11:04:13,666 INFO com.ec.crm.Service.LeadActivityService [http-nio-8083-exec-1] Fetching filteration based on filter data received
2020-10-28 11:04:13,911 INFO com.ec.crm.Service.LeadActivityService [http-nio-8083-exec-1] Setting dropdown data
2020-10-28 11:04:14,012 INFO com.ec.crm.Service.UserDetailsService [http-nio-8083-exec-1] Making API Call to fetch userlist
2020-10-28 11:04:20,302 INFO com.ec.crm.Service.LeadActivityService [http-nio-8083-exec-1] Setting typeahead data
2020-10-28 11:04:20,303 INFO com.ec.crm.Service.LeadService [http-nio-8083-exec-1] Invoked fetchTypeAheadForLeadGlobalSearch
2020-10-28 11:04:20,517 INFO Deserializers.ToUsernameSerializer [http-nio-8083-exec-1] Invoked username serialization
2020-10-28 11:04:20,517 INFO Deserializers.ToUsernameSerializer [http-nio-8083-exec-1] Getting username for userid - 43
2020-10-28 11:04:20,518 INFO com.ec.crm.Service.UserDetailsService [http-nio-8083-exec-1] Making API Call to fetch user from ID
2020-10-28 11:04:20,643 INFO Deserializers.ToUsernameSerializer [http-nio-8083-exec-1] Invoked username serialization
2020-10-28 11:04:20,645 INFO Deserializers.ToUsernameSerializer [http-nio-8083-exec-1] Getting username for userid - 252
2020-10-28 11:04:20,646 INFO com.ec.crm.Service.UserDetailsService [http-nio-8083-exec-1] Making API Call to fetch user from ID
2020-10-28 11:04:20,750 INFO Deserializers.ToUsernameSerializer [http-nio-8083-exec-1] Invoked username serialization
2020-10-28 11:04:20,750 INFO Deserializers.ToUsernameSerializer [http-nio-8083-exec-1] Getting username for userid - 252
2020-10-28 11:04:20,751 INFO com.ec.crm.Service.UserDetailsService [http-nio-8083-exec-1] Making API Call to fetch user from ID
2020-10-28 11:04:20,797 INFO Deserializers.ToUsernameSerializer [http-nio-8083-exec-1] Invoked username serialization
2020-10-28 11:04:20,798 INFO Deserializers.ToUsernameSerializer [http-nio-8083-exec-1] Getting username for userid - 252
2020-10-28 11:04:20,798 INFO com.ec.crm.Service.UserDetailsService [http-nio-8083-exec-1] Making API Call to fetch user from ID
2020-10-28 11:04:20,842 INFO Deserializers.ToUsernameSerializer [http-nio-8083-exec-1] Invoked username serialization
2020-10-28 11:04:20,843 INFO Deserializers.ToUsernameSerializer [http-nio-8083-exec-1] Getting username for userid - 252
2020-10-28 11:04:20,843 INFO com.ec.crm.Service.UserDetailsService [http-nio-8083-exec-1] Making API Call to fetch user from ID
2020-10-28 11:04:20,895 INFO Deserializers.ToUsernameSerializer [http-nio-8083-exec-1] Invoked username serialization
2020-10-28 11:04:20,897 INFO Deserializers.ToUsernameSerializer [http-nio-8083-exec-1] Getting username for userid - 252
2020-10-28 11:04:20,898 INFO com.ec.crm.Service.UserDetailsService [http-nio-8083-exec-1] Making API Call to fetch user from ID
2020-10-28 11:04:20,949 INFO Deserializers.ToUsernameSerializer [http-nio-8083-exec-1] Invoked username serialization
2020-10-28 11:04:20,950 INFO Deserializers.ToUsernameSerializer [http-nio-8083-exec-1] Getting username for userid - 252
2020-10-28 11:04:20,951 INFO com.ec.crm.Service.UserDetailsService [http-nio-8083-exec-1] Making API Call to fetch user from ID
2020-10-28 11:04:21,003 INFO Deserializers.ToUsernameSerializer [http-nio-8083-exec-1] Invoked username serialization
2020-10-28 11:04:21,004 INFO Deserializers.ToUsernameSerializer [http-nio-8083-exec-1] Getting username for userid - 252
2020-10-28 11:04:21,007 INFO com.ec.crm.Service.UserDetailsService [http-nio-8083-exec-1] Making API Call to fetch user from ID
2020-10-28 11:04:21,047 INFO Deserializers.ToUsernameSerializer [http-nio-8083-exec-1] Invoked username serialization
2020-10-28 11:04:21,048 INFO Deserializers.ToUsernameSerializer [http-nio-8083-exec-1] Getting username for userid - 252
2020-10-28 11:04:21,049 INFO com.ec.crm.Service.UserDetailsService [http-nio-8083-exec-1] Making API Call to fetch user from ID
2020-10-28 11:04:21,081 INFO Deserializers.ToUsernameSerializer [http-nio-8083-exec-1] Invoked username serialization
2020-10-28 11:04:21,081 INFO Deserializers.ToUsernameSerializer [http-nio-8083-exec-1] Getting username for userid - 252
2020-10-28 11:04:21,082 INFO com.ec.crm.Service.UserDetailsService [http-nio-8083-exec-1] Making API Call to fetch user from ID
2020-10-28 11:04:21,157 DEBUG org.springframework.web.filter.CommonsRequestLoggingFilter [http-nio-8083-exec-1] REQUEST DATA : POST /activity/getleadactivitypage, payload={
    "filterData": [
        
    ]
}]
2020-10-28 11:05:33,935 DEBUG org.springframework.web.filter.CommonsRequestLoggingFilter [http-nio-8083-exec-3] Before request [POST /activity/getleadactivitypage]
2020-10-28 11:05:33,944 INFO com.ec.crm.Service.LeadActivityService [http-nio-8083-exec-3] Invoked findFilteredList with payload - FilterDataList [filterData=[FilterAttributeData [attrName=showRescheduled, attrValue=[true], getAttrName()=showRescheduled, getAttrValue()=[true], getClass()=class com.ec.crm.Filters.FilterAttributeData, hashCode()=569758369, toString()=com.ec.crm.Filters.FilterAttributeData@21f5d2a1]], getFilterData()=[FilterAttributeData [attrName=showRescheduled, attrValue=[true], getAttrName()=showRescheduled, getAttrValue()=[true], getClass()=class com.ec.crm.Filters.FilterAttributeData, hashCode()=569758369, toString()=com.ec.crm.Filters.FilterAttributeData@21f5d2a1]], getClass()=class com.ec.crm.Filters.FilterDataList, hashCode()=791820527, toString()=com.ec.crm.Filters.FilterDataList@2f3238ef]
2020-10-28 11:05:33,945 INFO com.ec.crm.Service.LeadActivityService [http-nio-8083-exec-3] Fetching filteration based on filter data received
2020-10-28 11:05:34,043 INFO com.ec.crm.Service.LeadActivityService [http-nio-8083-exec-3] Setting dropdown data
2020-10-28 11:05:34,067 INFO com.ec.crm.Service.UserDetailsService [http-nio-8083-exec-3] Making API Call to fetch userlist
2020-10-28 11:05:34,163 INFO com.ec.crm.Service.LeadActivityService [http-nio-8083-exec-3] Setting typeahead data
2020-10-28 11:05:34,165 INFO com.ec.crm.Service.LeadService [http-nio-8083-exec-3] Invoked fetchTypeAheadForLeadGlobalSearch
2020-10-28 11:05:34,195 INFO Deserializers.ToUsernameSerializer [http-nio-8083-exec-3] Invoked username serialization
2020-10-28 11:05:34,197 INFO Deserializers.ToUsernameSerializer [http-nio-8083-exec-3] Getting username for userid - 252
2020-10-28 11:05:34,198 INFO com.ec.crm.Service.UserDetailsService [http-nio-8083-exec-3] Making API Call to fetch user from ID
2020-10-28 11:05:34,239 INFO Deserializers.ToUsernameSerializer [http-nio-8083-exec-3] Invoked username serialization
2020-10-28 11:05:34,239 INFO Deserializers.ToUsernameSerializer [http-nio-8083-exec-3] Getting username for userid - 252
2020-10-28 11:05:34,240 INFO com.ec.crm.Service.UserDetailsService [http-nio-8083-exec-3] Making API Call to fetch user from ID
2020-10-28 11:05:34,301 INFO Deserializers.ToUsernameSerializer [http-nio-8083-exec-3] Invoked username serialization
2020-10-28 11:05:34,302 INFO Deserializers.ToUsernameSerializer [http-nio-8083-exec-3] Getting username for userid - 19
2020-10-28 11:05:34,302 INFO com.ec.crm.Service.UserDetailsService [http-nio-8083-exec-3] Making API Call to fetch user from ID
2020-10-28 11:05:34,328 INFO Deserializers.ToUsernameSerializer [http-nio-8083-exec-3] Invoked username serialization
2020-10-28 11:05:34,329 INFO Deserializers.ToUsernameSerializer [http-nio-8083-exec-3] Getting username for userid - 19
2020-10-28 11:05:34,329 INFO com.ec.crm.Service.UserDetailsService [http-nio-8083-exec-3] Making API Call to fetch user from ID
2020-10-28 11:05:34,386 DEBUG org.springframework.web.filter.CommonsRequestLoggingFilter [http-nio-8083-exec-3] REQUEST DATA : POST /activity/getleadactivitypage, payload={
    "filterData": [
        {
            "attrName": "showRescheduled",
            "attrValue": ["true"]
        }
    ]
}]
2020-10-28 11:05:45,986 DEBUG org.springframework.web.filter.CommonsRequestLoggingFilter [http-nio-8083-exec-4] Before request [POST /activity/getleadactivitypage]
2020-10-28 11:05:45,991 INFO com.ec.crm.Service.LeadActivityService [http-nio-8083-exec-4] Invoked findFilteredList with payload - FilterDataList [filterData=[FilterAttributeData [attrName=showRescheduled, attrValue=[false], getAttrName()=showRescheduled, getAttrValue()=[false], getClass()=class com.ec.crm.Filters.FilterAttributeData, hashCode()=2130577531, toString()=com.ec.crm.Filters.FilterAttributeData@7efe087b]], getFilterData()=[FilterAttributeData [attrName=showRescheduled, attrValue=[false], getAttrName()=showRescheduled, getAttrValue()=[false], getClass()=class com.ec.crm.Filters.FilterAttributeData, hashCode()=2130577531, toString()=com.ec.crm.Filters.FilterAttributeData@7efe087b]], getClass()=class com.ec.crm.Filters.FilterDataList, hashCode()=1882843604, toString()=com.ec.crm.Filters.FilterDataList@7039e9d4]
2020-10-28 11:05:45,992 INFO com.ec.crm.Service.LeadActivityService [http-nio-8083-exec-4] Fetching filteration based on filter data received
2020-10-28 11:05:46,052 INFO com.ec.crm.Service.LeadActivityService [http-nio-8083-exec-4] Setting dropdown data
2020-10-28 11:05:46,064 INFO com.ec.crm.Service.UserDetailsService [http-nio-8083-exec-4] Making API Call to fetch userlist
2020-10-28 11:05:46,189 INFO com.ec.crm.Service.LeadActivityService [http-nio-8083-exec-4] Setting typeahead data
2020-10-28 11:05:46,190 INFO com.ec.crm.Service.LeadService [http-nio-8083-exec-4] Invoked fetchTypeAheadForLeadGlobalSearch
2020-10-28 11:05:46,235 INFO Deserializers.ToUsernameSerializer [http-nio-8083-exec-4] Invoked username serialization
2020-10-28 11:05:46,236 INFO Deserializers.ToUsernameSerializer [http-nio-8083-exec-4] Getting username for userid - 43
2020-10-28 11:05:46,236 INFO com.ec.crm.Service.UserDetailsService [http-nio-8083-exec-4] Making API Call to fetch user from ID
2020-10-28 11:05:46,292 INFO Deserializers.ToUsernameSerializer [http-nio-8083-exec-4] Invoked username serialization
2020-10-28 11:05:46,293 INFO Deserializers.ToUsernameSerializer [http-nio-8083-exec-4] Getting username for userid - 252
2020-10-28 11:05:46,294 INFO com.ec.crm.Service.UserDetailsService [http-nio-8083-exec-4] Making API Call to fetch user from ID
2020-10-28 11:05:46,355 INFO Deserializers.ToUsernameSerializer [http-nio-8083-exec-4] Invoked username serialization
2020-10-28 11:05:46,356 INFO Deserializers.ToUsernameSerializer [http-nio-8083-exec-4] Getting username for userid - 252
2020-10-28 11:05:46,360 INFO com.ec.crm.Service.UserDetailsService [http-nio-8083-exec-4] Making API Call to fetch user from ID
2020-10-28 11:05:46,433 INFO Deserializers.ToUsernameSerializer [http-nio-8083-exec-4] Invoked username serialization
2020-10-28 11:05:46,437 INFO Deserializers.ToUsernameSerializer [http-nio-8083-exec-4] Getting username for userid - 252
2020-10-28 11:05:46,439 INFO com.ec.crm.Service.UserDetailsService [http-nio-8083-exec-4] Making API Call to fetch user from ID
2020-10-28 11:05:46,488 INFO Deserializers.ToUsernameSerializer [http-nio-8083-exec-4] Invoked username serialization
2020-10-28 11:05:46,489 INFO Deserializers.ToUsernameSerializer [http-nio-8083-exec-4] Getting username for userid - 252
2020-10-28 11:05:46,489 INFO com.ec.crm.Service.UserDetailsService [http-nio-8083-exec-4] Making API Call to fetch user from ID
2020-10-28 11:05:46,544 INFO Deserializers.ToUsernameSerializer [http-nio-8083-exec-4] Invoked username serialization
2020-10-28 11:05:46,545 INFO Deserializers.ToUsernameSerializer [http-nio-8083-exec-4] Getting username for userid - 252
2020-10-28 11:05:46,547 INFO com.ec.crm.Service.UserDetailsService [http-nio-8083-exec-4] Making API Call to fetch user from ID
2020-10-28 11:05:46,573 INFO Deserializers.ToUsernameSerializer [http-nio-8083-exec-4] Invoked username serialization
2020-10-28 11:05:46,574 INFO Deserializers.ToUsernameSerializer [http-nio-8083-exec-4] Getting username for userid - 252
2020-10-28 11:05:46,578 INFO com.ec.crm.Service.UserDetailsService [http-nio-8083-exec-4] Making API Call to fetch user from ID
2020-10-28 11:05:46,619 INFO Deserializers.ToUsernameSerializer [http-nio-8083-exec-4] Invoked username serialization
2020-10-28 11:05:46,620 INFO Deserializers.ToUsernameSerializer [http-nio-8083-exec-4] Getting username for userid - 252
2020-10-28 11:05:46,623 INFO com.ec.crm.Service.UserDetailsService [http-nio-8083-exec-4] Making API Call to fetch user from ID
2020-10-28 11:05:46,682 INFO Deserializers.ToUsernameSerializer [http-nio-8083-exec-4] Invoked username serialization
2020-10-28 11:05:46,684 INFO Deserializers.ToUsernameSerializer [http-nio-8083-exec-4] Getting username for userid - 252
2020-10-28 11:05:46,686 INFO com.ec.crm.Service.UserDetailsService [http-nio-8083-exec-4] Making API Call to fetch user from ID
2020-10-28 11:05:46,730 INFO Deserializers.ToUsernameSerializer [http-nio-8083-exec-4] Invoked username serialization
2020-10-28 11:05:46,731 INFO Deserializers.ToUsernameSerializer [http-nio-8083-exec-4] Getting username for userid - 19
2020-10-28 11:05:46,731 INFO com.ec.crm.Service.UserDetailsService [http-nio-8083-exec-4] Making API Call to fetch user from ID
2020-10-28 11:05:46,768 DEBUG org.springframework.web.filter.CommonsRequestLoggingFilter [http-nio-8083-exec-4] REQUEST DATA : POST /activity/getleadactivitypage, payload={
    "filterData": [
        {
            "attrName": "showRescheduled",
            "attrValue": ["false"]
        }
    ]
}]
2020-10-28 14:39:01,152 WARN com.zaxxer.hikari.pool.HikariPool$HouseKeeper [HikariPool-1 housekeeper] HikariPool-1 - Thread starvation or clock leap detected (housekeeper delta=2h24m43s629ms).
2020-10-28 14:42:42,825 WARN com.zaxxer.hikari.pool.HikariPool$HouseKeeper [HikariPool-1 housekeeper] HikariPool-1 - Thread starvation or clock leap detected (housekeeper delta=2m41s654ms).
2020-10-28 16:59:24,038 INFO org.springframework.boot.admin.SpringApplicationAdminMXBeanRegistrar$SpringApplicationAdmin [RMI TCP Connection(214)-127.0.0.1] Application shutdown requested.
2020-10-28 16:59:24,207 INFO org.springframework.boot.admin.SpringApplicationAdminMXBeanRegistrar$SpringApplicationAdmin [RMI TCP Connection(215)-127.0.0.1] Application shutdown requested.
2020-10-28 16:59:24,246 INFO org.springframework.scheduling.concurrent.ExecutorConfigurationSupport [RMI TCP Connection(214)-127.0.0.1] Shutting down ExecutorService 'taskScheduler'
2020-10-28 16:59:24,257 INFO org.springframework.scheduling.concurrent.ExecutorConfigurationSupport [RMI TCP Connection(214)-127.0.0.1] Shutting down ExecutorService 'applicationTaskExecutor'
2020-10-28 16:59:24,278 INFO org.springframework.orm.jpa.AbstractEntityManagerFactoryBean [RMI TCP Connection(214)-127.0.0.1] Closing JPA EntityManagerFactory for persistence unit 'default'
2020-10-28 16:59:26,552 INFO com.zaxxer.hikari.HikariDataSource [RMI TCP Connection(214)-127.0.0.1] HikariPool-1 - Shutdown initiated...
2020-10-28 16:59:26,571 INFO com.zaxxer.hikari.HikariDataSource [RMI TCP Connection(214)-127.0.0.1] HikariPool-1 - Shutdown completed.
