2020-10-29 07:41:13,132 WARN org.springframework.boot.StartupInfoLogger [main] InetAddress.getLocalHost().getHostName() took 5003 milliseconds to respond. Please verify your network configuration (macOS machines may need to add entries to /etc/hosts).
2020-10-29 07:41:18,145 INFO org.springframework.boot.StartupInfoLogger [main] Starting CrmApplication on Sridhars-MacBook-Air.local with PID 51100 (/Users/bsridharpatnaik/Documents/GitHub/Evergreen-City-Management-System/ec-crm-service/target/classes started by bsridharpatnaik in /Users/bsridharpatnaik/Documents/GitHub/Evergreen-City-Management-System/ec-crm-service)
2020-10-29 07:41:18,148 INFO org.springframework.boot.SpringApplication [main] No active profile set, falling back to default profiles: default
2020-10-29 07:41:20,094 INFO org.springframework.data.repository.config.RepositoryConfigurationDelegate [main] Bootstrapping Spring Data JPA repositories in DEFAULT mode.
2020-10-29 07:41:20,377 INFO org.springframework.data.repository.config.RepositoryConfigurationDelegate [main] Finished Spring Data repository scanning in 253ms. Found 10 JPA repository interfaces.
2020-10-29 07:41:21,070 INFO org.springframework.context.support.PostProcessorRegistrationDelegate$BeanPostProcessorChecker [main] Bean 'org.springframework.ws.config.annotation.DelegatingWsConfiguration' of type [org.springframework.ws.config.annotation.DelegatingWsConfiguration$$EnhancerBySpringCGLIB$$dcdbfc77] is not eligible for getting processed by all BeanPostProcessors (for example: not eligible for auto-proxying)
2020-10-29 07:41:21,134 INFO org.springframework.ws.soap.addressing.server.AbstractAddressingEndpointMapping [main] Supporting [WS-Addressing August 2004, WS-Addressing 1.0]
2020-10-29 07:41:21,161 INFO org.springframework.context.support.PostProcessorRegistrationDelegate$BeanPostProcessorChecker [main] Bean 'org.springframework.transaction.annotation.ProxyTransactionManagementConfiguration' of type [org.springframework.transaction.annotation.ProxyTransactionManagementConfiguration] is not eligible for getting processed by all BeanPostProcessors (for example: not eligible for auto-proxying)
2020-10-29 07:41:22,225 INFO org.springframework.boot.web.embedded.tomcat.TomcatWebServer [main] Tomcat initialized with port(s): 8083 (http)
2020-10-29 07:41:22,255 INFO org.apache.juli.logging.DirectJDKLog [main] Initializing ProtocolHandler ["http-nio-8083"]
2020-10-29 07:41:22,257 INFO org.apache.juli.logging.DirectJDKLog [main] Starting service [Tomcat]
2020-10-29 07:41:22,259 INFO org.apache.juli.logging.DirectJDKLog [main] Starting Servlet engine: [Apache Tomcat/9.0.29]
2020-10-29 07:41:23,455 INFO org.apache.juli.logging.DirectJDKLog [main] Initializing Spring embedded WebApplicationContext
2020-10-29 07:41:23,460 INFO org.springframework.boot.web.servlet.context.ServletWebServerApplicationContext [main] Root WebApplicationContext: initialization completed in 5180 ms
2020-10-29 07:41:23,649 DEBUG org.springframework.web.filter.GenericFilterBean [main] Filter 'logFilter' configured for use
2020-10-29 07:41:24,643 INFO org.hibernate.jpa.internal.util.LogHelper [main] HHH000204: Processing PersistenceUnitInfo [name: default]
2020-10-29 07:41:25,815 INFO org.hibernate.Version [main] HHH000412: Hibernate Core {5.4.9.Final}
2020-10-29 07:41:27,615 INFO org.hibernate.annotations.common.reflection.java.JavaReflectionManager [main] HCANN000001: Hibernate Commons Annotations {5.1.0.Final}
2020-10-29 07:41:28,304 INFO com.zaxxer.hikari.HikariDataSource [main] HikariPool-1 - Starting...
2020-10-29 07:41:28,311 WARN com.zaxxer.hikari.util.DriverDataSource [main] Registered driver with driverClassName=com.mysql.jdbc.Driver was not found, trying direct instantiation.
2020-10-29 07:41:29,372 INFO com.zaxxer.hikari.HikariDataSource [main] HikariPool-1 - Start completed.
2020-10-29 07:41:29,449 INFO org.hibernate.dialect.Dialect [main] HHH000400: Using dialect: org.hibernate.dialect.MySQL5InnoDBDialect
2020-10-29 07:41:29,827 INFO org.hibernate.envers.boot.internal.EnversServiceImpl [main] Envers integration enabled? : true
2020-10-29 07:41:30,290 WARN org.hibernate.cfg.AnnotationBinder [main] HHH000491: The [lead] association in the [com.ec.crm.Model.LeadActivity] entity uses both @NotFound(action = NotFoundAction.IGNORE) and FetchType.LAZY. The NotFoundAction.IGNORE @ManyToOne and @OneToOne associations are always fetched eagerly.
2020-10-29 07:41:30,320 WARN org.hibernate.cfg.AnnotationBinder [main] HHH000491: The [leadActivity] association in the [com.ec.crm.Model.LeadActivityNotificationHistory] entity uses both @NotFound(action = NotFoundAction.IGNORE) and FetchType.LAZY. The NotFoundAction.IGNORE @ManyToOne and @OneToOne associations are always fetched eagerly.
2020-10-29 07:41:30,330 WARN org.hibernate.cfg.AnnotationBinder [main] HHH000491: The [lead] association in the [com.ec.crm.Model.Note] entity uses both @NotFound(action = NotFoundAction.IGNORE) and FetchType.LAZY. The NotFoundAction.IGNORE @ManyToOne and @OneToOne associations are always fetched eagerly.
2020-10-29 07:41:35,677 INFO org.hibernate.engine.transaction.jta.platform.internal.JtaPlatformInitiator [main] HHH000490: Using JtaPlatform implementation: [org.hibernate.engine.transaction.jta.platform.internal.NoJtaPlatform]
2020-10-29 07:41:35,695 INFO org.springframework.orm.jpa.AbstractEntityManagerFactoryBean [main] Initialized JPA EntityManagerFactory for persistence unit 'default'
2020-10-29 07:41:38,371 WARN org.springframework.boot.autoconfigure.orm.jpa.JpaBaseConfiguration$JpaWebConfiguration [main] spring.jpa.open-in-view is enabled by default. Therefore, database queries may be performed during view rendering. Explicitly configure spring.jpa.open-in-view to disable this warning
2020-10-29 07:41:39,039 INFO org.springframework.scheduling.concurrent.ExecutorConfigurationSupport [main] Initializing ExecutorService 'applicationTaskExecutor'
2020-10-29 07:41:39,549 INFO org.springframework.scheduling.concurrent.ExecutorConfigurationSupport [main] Initializing ExecutorService 'taskScheduler'
2020-10-29 07:41:39,654 INFO org.apache.juli.logging.DirectJDKLog [main] Starting ProtocolHandler ["http-nio-8083"]
2020-10-29 07:41:39,709 INFO org.springframework.boot.web.embedded.tomcat.TomcatWebServer [main] Tomcat started on port(s): 8083 (http) with context path ''
2020-10-29 07:41:39,712 INFO org.springframework.boot.StartupInfoLogger [main] Started CrmApplication in 42.306 seconds (JVM running for 48.316)
2020-10-29 09:33:53,525 WARN org.springframework.boot.StartupInfoLogger [main] InetAddress.getLocalHost().getHostName() took 5007 milliseconds to respond. Please verify your network configuration (macOS machines may need to add entries to /etc/hosts).
2020-10-29 09:33:58,571 INFO org.springframework.boot.StartupInfoLogger [main] Starting CrmApplication on Sridhars-MacBook-Air.local with PID 52806 (/Users/bsridharpatnaik/Documents/GitHub/Evergreen-City-Management-System/ec-crm-service/target/classes started by bsridharpatnaik in /Users/bsridharpatnaik/Documents/GitHub/Evergreen-City-Management-System/ec-crm-service)
2020-10-29 09:33:58,572 INFO org.springframework.boot.SpringApplication [main] No active profile set, falling back to default profiles: default
2020-10-29 09:33:59,982 INFO org.springframework.data.repository.config.RepositoryConfigurationDelegate [main] Bootstrapping Spring Data JPA repositories in DEFAULT mode.
2020-10-29 09:34:00,297 INFO org.springframework.data.repository.config.RepositoryConfigurationDelegate [main] Finished Spring Data repository scanning in 295ms. Found 10 JPA repository interfaces.
2020-10-29 09:34:00,827 INFO org.springframework.context.support.PostProcessorRegistrationDelegate$BeanPostProcessorChecker [main] Bean 'org.springframework.ws.config.annotation.DelegatingWsConfiguration' of type [org.springframework.ws.config.annotation.DelegatingWsConfiguration$$EnhancerBySpringCGLIB$$3dd8ee3] is not eligible for getting processed by all BeanPostProcessors (for example: not eligible for auto-proxying)
2020-10-29 09:34:00,898 INFO org.springframework.ws.soap.addressing.server.AbstractAddressingEndpointMapping [main] Supporting [WS-Addressing August 2004, WS-Addressing 1.0]
2020-10-29 09:34:00,921 INFO org.springframework.context.support.PostProcessorRegistrationDelegate$BeanPostProcessorChecker [main] Bean 'org.springframework.transaction.annotation.ProxyTransactionManagementConfiguration' of type [org.springframework.transaction.annotation.ProxyTransactionManagementConfiguration] is not eligible for getting processed by all BeanPostProcessors (for example: not eligible for auto-proxying)
2020-10-29 09:34:01,301 INFO org.springframework.boot.web.embedded.tomcat.TomcatWebServer [main] Tomcat initialized with port(s): 8083 (http)
2020-10-29 09:34:01,313 INFO org.apache.juli.logging.DirectJDKLog [main] Initializing ProtocolHandler ["http-nio-8083"]
2020-10-29 09:34:01,314 INFO org.apache.juli.logging.DirectJDKLog [main] Starting service [Tomcat]
2020-10-29 09:34:01,315 INFO org.apache.juli.logging.DirectJDKLog [main] Starting Servlet engine: [Apache Tomcat/9.0.29]
2020-10-29 09:34:01,581 INFO org.apache.juli.logging.DirectJDKLog [main] Initializing Spring embedded WebApplicationContext
2020-10-29 09:34:01,582 INFO org.springframework.boot.web.servlet.context.ServletWebServerApplicationContext [main] Root WebApplicationContext: initialization completed in 2957 ms
2020-10-29 09:34:01,654 DEBUG org.springframework.web.filter.GenericFilterBean [main] Filter 'logFilter' configured for use
2020-10-29 09:34:01,899 INFO org.hibernate.jpa.internal.util.LogHelper [main] HHH000204: Processing PersistenceUnitInfo [name: default]
2020-10-29 09:34:02,159 INFO org.hibernate.Version [main] HHH000412: Hibernate Core {5.4.9.Final}
2020-10-29 09:34:02,434 INFO org.hibernate.annotations.common.reflection.java.JavaReflectionManager [main] HCANN000001: Hibernate Commons Annotations {5.1.0.Final}
2020-10-29 09:34:02,683 INFO com.zaxxer.hikari.HikariDataSource [main] HikariPool-1 - Starting...
2020-10-29 09:34:02,686 WARN com.zaxxer.hikari.util.DriverDataSource [main] Registered driver with driverClassName=com.mysql.jdbc.Driver was not found, trying direct instantiation.
2020-10-29 09:34:02,984 INFO com.zaxxer.hikari.HikariDataSource [main] HikariPool-1 - Start completed.
2020-10-29 09:34:03,006 INFO org.hibernate.dialect.Dialect [main] HHH000400: Using dialect: org.hibernate.dialect.MySQL5InnoDBDialect
2020-10-29 09:34:03,251 INFO org.hibernate.envers.boot.internal.EnversServiceImpl [main] Envers integration enabled? : true
2020-10-29 09:34:03,683 WARN org.hibernate.cfg.AnnotationBinder [main] HHH000491: The [lead] association in the [com.ec.crm.Model.LeadActivity] entity uses both @NotFound(action = NotFoundAction.IGNORE) and FetchType.LAZY. The NotFoundAction.IGNORE @ManyToOne and @OneToOne associations are always fetched eagerly.
2020-10-29 09:34:03,705 WARN org.hibernate.cfg.AnnotationBinder [main] HHH000491: The [leadActivity] association in the [com.ec.crm.Model.LeadActivityNotificationHistory] entity uses both @NotFound(action = NotFoundAction.IGNORE) and FetchType.LAZY. The NotFoundAction.IGNORE @ManyToOne and @OneToOne associations are always fetched eagerly.
2020-10-29 09:34:03,717 WARN org.hibernate.cfg.AnnotationBinder [main] HHH000491: The [lead] association in the [com.ec.crm.Model.Note] entity uses both @NotFound(action = NotFoundAction.IGNORE) and FetchType.LAZY. The NotFoundAction.IGNORE @ManyToOne and @OneToOne associations are always fetched eagerly.
2020-10-29 09:34:08,421 INFO org.hibernate.engine.transaction.jta.platform.internal.JtaPlatformInitiator [main] HHH000490: Using JtaPlatform implementation: [org.hibernate.engine.transaction.jta.platform.internal.NoJtaPlatform]
2020-10-29 09:34:08,432 INFO org.springframework.orm.jpa.AbstractEntityManagerFactoryBean [main] Initialized JPA EntityManagerFactory for persistence unit 'default'
2020-10-29 09:34:11,117 WARN org.springframework.boot.autoconfigure.orm.jpa.JpaBaseConfiguration$JpaWebConfiguration [main] spring.jpa.open-in-view is enabled by default. Therefore, database queries may be performed during view rendering. Explicitly configure spring.jpa.open-in-view to disable this warning
2020-10-29 09:34:11,499 INFO org.springframework.scheduling.concurrent.ExecutorConfigurationSupport [main] Initializing ExecutorService 'applicationTaskExecutor'
2020-10-29 09:34:11,981 INFO org.springframework.scheduling.concurrent.ExecutorConfigurationSupport [main] Initializing ExecutorService 'taskScheduler'
2020-10-29 09:34:12,274 INFO org.apache.juli.logging.DirectJDKLog [main] Starting ProtocolHandler ["http-nio-8083"]
2020-10-29 09:34:12,304 INFO org.apache.juli.logging.DirectJDKLog [main] Pausing ProtocolHandler ["http-nio-8083"]
2020-10-29 09:34:12,305 INFO org.apache.juli.logging.DirectJDKLog [main] Stopping service [Tomcat]
2020-10-29 09:34:12,313 INFO org.apache.juli.logging.DirectJDKLog [main] Stopping ProtocolHandler ["http-nio-8083"]
2020-10-29 09:34:12,313 INFO org.apache.juli.logging.DirectJDKLog [main] Destroying ProtocolHandler ["http-nio-8083"]
2020-10-29 09:34:12,318 INFO org.springframework.boot.autoconfigure.logging.ConditionEvaluationReportLoggingListener [main] 

Error starting ApplicationContext. To display the conditions report re-run your application with 'debug' enabled.
2020-10-29 09:34:12,328 ERROR org.springframework.boot.diagnostics.LoggingFailureAnalysisReporter [main] 

***************************
APPLICATION FAILED TO START
***************************

Description:

Web server failed to start. Port 8083 was already in use.

Action:

Identify and stop the process that's listening on port 8083 or configure this application to listen on another port.

2020-10-29 09:34:12,333 INFO org.springframework.scheduling.concurrent.ExecutorConfigurationSupport [main] Shutting down ExecutorService 'taskScheduler'
2020-10-29 09:34:12,337 INFO org.springframework.scheduling.concurrent.ExecutorConfigurationSupport [main] Shutting down ExecutorService 'applicationTaskExecutor'
2020-10-29 09:34:12,351 INFO org.springframework.orm.jpa.AbstractEntityManagerFactoryBean [main] Closing JPA EntityManagerFactory for persistence unit 'default'
2020-10-29 09:34:12,419 INFO com.zaxxer.hikari.HikariDataSource [main] HikariPool-1 - Shutdown initiated...
2020-10-29 09:34:12,436 INFO com.zaxxer.hikari.HikariDataSource [main] HikariPool-1 - Shutdown completed.
2020-10-29 09:37:12,450 INFO org.apache.juli.logging.DirectJDKLog [http-nio-8083-exec-2] Initializing Spring DispatcherServlet 'dispatcherServlet'
2020-10-29 09:37:12,456 INFO org.springframework.web.servlet.FrameworkServlet [http-nio-8083-exec-2] Initializing Servlet 'dispatcherServlet'
2020-10-29 09:37:12,542 INFO org.springframework.web.servlet.FrameworkServlet [http-nio-8083-exec-2] Completed initialization in 85 ms
2020-10-29 09:37:12,639 DEBUG org.springframework.web.filter.CommonsRequestLoggingFilter [http-nio-8083-exec-1] Before request [POST /activity/getleadactivitypage?size=12&page=0]
2020-10-29 09:37:12,639 DEBUG org.springframework.web.filter.CommonsRequestLoggingFilter [http-nio-8083-exec-2] Before request [POST /activity/getleadactivitypage?size=12&page=0]
2020-10-29 09:37:13,040 INFO com.ec.crm.Service.LeadActivityService [http-nio-8083-exec-2] Invoked findFilteredList with payload - FilterDataList [filterData=[FilterAttributeData [attrName=globalSearch, attrValue=[], getAttrName()=globalSearch, getAttrValue()=[], getClass()=class com.ec.crm.Filters.FilterAttributeData, hashCode()=493560986, toString()=com.ec.crm.Filters.FilterAttributeData@1d6b249a]], getFilterData()=[FilterAttributeData [attrName=globalSearch, attrValue=[], getAttrName()=globalSearch, getAttrValue()=[], getClass()=class com.ec.crm.Filters.FilterAttributeData, hashCode()=493560986, toString()=com.ec.crm.Filters.FilterAttributeData@1d6b249a]], getClass()=class com.ec.crm.Filters.FilterDataList, hashCode()=1711277077, toString()=com.ec.crm.Filters.FilterDataList@66000415]
2020-10-29 09:37:13,040 INFO com.ec.crm.Service.LeadActivityService [http-nio-8083-exec-1] Invoked findFilteredList with payload - FilterDataList [filterData=[FilterAttributeData [attrName=globalSearch, attrValue=[], getAttrName()=globalSearch, getAttrValue()=[], getClass()=class com.ec.crm.Filters.FilterAttributeData, hashCode()=1461877286, toString()=com.ec.crm.Filters.FilterAttributeData@57227a26]], getFilterData()=[FilterAttributeData [attrName=globalSearch, attrValue=[], getAttrName()=globalSearch, getAttrValue()=[], getClass()=class com.ec.crm.Filters.FilterAttributeData, hashCode()=1461877286, toString()=com.ec.crm.Filters.FilterAttributeData@57227a26]], getClass()=class com.ec.crm.Filters.FilterDataList, hashCode()=504494908, toString()=com.ec.crm.Filters.FilterDataList@1e11fb3c]
2020-10-29 09:37:13,041 INFO com.ec.crm.Service.LeadActivityService [http-nio-8083-exec-2] Fetching filteration based on filter data received
2020-10-29 09:37:13,041 INFO com.ec.crm.Service.LeadActivityService [http-nio-8083-exec-1] Fetching filteration based on filter data received
2020-10-29 09:37:13,568 INFO com.ec.crm.Service.LeadActivityService [http-nio-8083-exec-1] Setting dropdown data
2020-10-29 09:37:13,568 INFO com.ec.crm.Service.LeadActivityService [http-nio-8083-exec-2] Setting dropdown data
2020-10-29 09:37:13,653 INFO com.ec.crm.Service.UserDetailsService [http-nio-8083-exec-1] Making API Call to fetch userlist
2020-10-29 09:37:13,653 INFO com.ec.crm.Service.UserDetailsService [http-nio-8083-exec-2] Making API Call to fetch userlist
2020-10-29 09:37:19,763 INFO com.ec.crm.Service.LeadActivityService [http-nio-8083-exec-1] Setting typeahead data
2020-10-29 09:37:19,763 INFO com.ec.crm.Service.LeadActivityService [http-nio-8083-exec-2] Setting typeahead data
2020-10-29 09:37:19,764 INFO com.ec.crm.Service.LeadService [http-nio-8083-exec-2] Invoked fetchTypeAheadForLeadGlobalSearch
2020-10-29 09:37:19,764 INFO com.ec.crm.Service.LeadService [http-nio-8083-exec-1] Invoked fetchTypeAheadForLeadGlobalSearch
2020-10-29 09:37:19,989 INFO Deserializers.ToUsernameSerializer [http-nio-8083-exec-1] Invoked username serialization
2020-10-29 09:37:19,991 INFO Deserializers.ToUsernameSerializer [http-nio-8083-exec-2] Invoked username serialization
2020-10-29 09:37:19,992 INFO Deserializers.ToUsernameSerializer [http-nio-8083-exec-2] Getting username for userid - 43
2020-10-29 09:37:19,992 INFO Deserializers.ToUsernameSerializer [http-nio-8083-exec-1] Getting username for userid - 43
2020-10-29 09:37:19,993 INFO com.ec.crm.Service.UserDetailsService [http-nio-8083-exec-2] Making API Call to fetch user from ID
2020-10-29 09:37:19,993 INFO com.ec.crm.Service.UserDetailsService [http-nio-8083-exec-1] Making API Call to fetch user from ID
2020-10-29 09:37:20,045 INFO Deserializers.ToUsernameSerializer [http-nio-8083-exec-1] Invoked username serialization
2020-10-29 09:37:20,045 INFO Deserializers.ToUsernameSerializer [http-nio-8083-exec-2] Invoked username serialization
2020-10-29 09:37:20,045 INFO Deserializers.ToUsernameSerializer [http-nio-8083-exec-2] Getting username for userid - 252
2020-10-29 09:37:20,045 INFO Deserializers.ToUsernameSerializer [http-nio-8083-exec-1] Getting username for userid - 252
2020-10-29 09:37:20,046 INFO com.ec.crm.Service.UserDetailsService [http-nio-8083-exec-2] Making API Call to fetch user from ID
2020-10-29 09:37:20,046 INFO com.ec.crm.Service.UserDetailsService [http-nio-8083-exec-1] Making API Call to fetch user from ID
2020-10-29 09:37:20,072 INFO Deserializers.ToUsernameSerializer [http-nio-8083-exec-1] Invoked username serialization
2020-10-29 09:37:20,072 INFO Deserializers.ToUsernameSerializer [http-nio-8083-exec-2] Invoked username serialization
2020-10-29 09:37:20,073 INFO Deserializers.ToUsernameSerializer [http-nio-8083-exec-2] Getting username for userid - 252
2020-10-29 09:37:20,073 INFO com.ec.crm.Service.UserDetailsService [http-nio-8083-exec-2] Making API Call to fetch user from ID
2020-10-29 09:37:20,073 INFO Deserializers.ToUsernameSerializer [http-nio-8083-exec-1] Getting username for userid - 252
2020-10-29 09:37:20,075 INFO com.ec.crm.Service.UserDetailsService [http-nio-8083-exec-1] Making API Call to fetch user from ID
2020-10-29 09:37:20,111 INFO Deserializers.ToUsernameSerializer [http-nio-8083-exec-2] Invoked username serialization
2020-10-29 09:37:20,112 INFO Deserializers.ToUsernameSerializer [http-nio-8083-exec-2] Getting username for userid - 252
2020-10-29 09:37:20,111 INFO Deserializers.ToUsernameSerializer [http-nio-8083-exec-1] Invoked username serialization
2020-10-29 09:37:20,112 INFO com.ec.crm.Service.UserDetailsService [http-nio-8083-exec-2] Making API Call to fetch user from ID
2020-10-29 09:37:20,112 INFO Deserializers.ToUsernameSerializer [http-nio-8083-exec-1] Getting username for userid - 252
2020-10-29 09:37:20,113 INFO com.ec.crm.Service.UserDetailsService [http-nio-8083-exec-1] Making API Call to fetch user from ID
2020-10-29 09:37:20,152 INFO Deserializers.ToUsernameSerializer [http-nio-8083-exec-2] Invoked username serialization
2020-10-29 09:37:20,153 INFO Deserializers.ToUsernameSerializer [http-nio-8083-exec-2] Getting username for userid - 252
2020-10-29 09:37:20,154 INFO com.ec.crm.Service.UserDetailsService [http-nio-8083-exec-2] Making API Call to fetch user from ID
2020-10-29 09:37:20,221 INFO Deserializers.ToUsernameSerializer [http-nio-8083-exec-2] Invoked username serialization
2020-10-29 09:37:20,224 INFO Deserializers.ToUsernameSerializer [http-nio-8083-exec-1] Invoked username serialization
2020-10-29 09:37:20,224 INFO Deserializers.ToUsernameSerializer [http-nio-8083-exec-2] Getting username for userid - 252
2020-10-29 09:37:20,224 INFO com.ec.crm.Service.UserDetailsService [http-nio-8083-exec-2] Making API Call to fetch user from ID
2020-10-29 09:37:20,224 INFO Deserializers.ToUsernameSerializer [http-nio-8083-exec-1] Getting username for userid - 252
2020-10-29 09:37:20,225 INFO com.ec.crm.Service.UserDetailsService [http-nio-8083-exec-1] Making API Call to fetch user from ID
2020-10-29 09:37:20,272 INFO Deserializers.ToUsernameSerializer [http-nio-8083-exec-1] Invoked username serialization
2020-10-29 09:37:20,274 INFO Deserializers.ToUsernameSerializer [http-nio-8083-exec-2] Invoked username serialization
2020-10-29 09:37:20,274 INFO Deserializers.ToUsernameSerializer [http-nio-8083-exec-1] Getting username for userid - 252
2020-10-29 09:37:20,275 INFO Deserializers.ToUsernameSerializer [http-nio-8083-exec-2] Getting username for userid - 252
2020-10-29 09:37:20,276 INFO com.ec.crm.Service.UserDetailsService [http-nio-8083-exec-2] Making API Call to fetch user from ID
2020-10-29 09:37:20,275 INFO com.ec.crm.Service.UserDetailsService [http-nio-8083-exec-1] Making API Call to fetch user from ID
2020-10-29 09:37:20,306 INFO Deserializers.ToUsernameSerializer [http-nio-8083-exec-1] Invoked username serialization
2020-10-29 09:37:20,306 INFO Deserializers.ToUsernameSerializer [http-nio-8083-exec-1] Getting username for userid - 252
2020-10-29 09:37:20,306 INFO Deserializers.ToUsernameSerializer [http-nio-8083-exec-2] Invoked username serialization
2020-10-29 09:37:20,307 INFO com.ec.crm.Service.UserDetailsService [http-nio-8083-exec-1] Making API Call to fetch user from ID
2020-10-29 09:37:20,307 INFO Deserializers.ToUsernameSerializer [http-nio-8083-exec-2] Getting username for userid - 252
2020-10-29 09:37:20,307 INFO com.ec.crm.Service.UserDetailsService [http-nio-8083-exec-2] Making API Call to fetch user from ID
2020-10-29 09:37:20,338 INFO Deserializers.ToUsernameSerializer [http-nio-8083-exec-1] Invoked username serialization
2020-10-29 09:37:20,338 INFO Deserializers.ToUsernameSerializer [http-nio-8083-exec-2] Invoked username serialization
2020-10-29 09:37:20,339 INFO Deserializers.ToUsernameSerializer [http-nio-8083-exec-2] Getting username for userid - 252
2020-10-29 09:37:20,340 INFO com.ec.crm.Service.UserDetailsService [http-nio-8083-exec-2] Making API Call to fetch user from ID
2020-10-29 09:37:20,339 INFO Deserializers.ToUsernameSerializer [http-nio-8083-exec-1] Getting username for userid - 252
2020-10-29 09:37:20,341 INFO com.ec.crm.Service.UserDetailsService [http-nio-8083-exec-1] Making API Call to fetch user from ID
2020-10-29 09:37:20,385 INFO Deserializers.ToUsernameSerializer [http-nio-8083-exec-1] Invoked username serialization
2020-10-29 09:37:20,386 INFO Deserializers.ToUsernameSerializer [http-nio-8083-exec-1] Getting username for userid - 252
2020-10-29 09:37:20,387 INFO com.ec.crm.Service.UserDetailsService [http-nio-8083-exec-1] Making API Call to fetch user from ID
2020-10-29 09:37:20,389 INFO Deserializers.ToUsernameSerializer [http-nio-8083-exec-2] Invoked username serialization
2020-10-29 09:37:20,390 INFO Deserializers.ToUsernameSerializer [http-nio-8083-exec-2] Getting username for userid - 252
2020-10-29 09:37:20,391 INFO com.ec.crm.Service.UserDetailsService [http-nio-8083-exec-2] Making API Call to fetch user from ID
2020-10-29 09:37:20,421 INFO Deserializers.ToUsernameSerializer [http-nio-8083-exec-1] Invoked username serialization
2020-10-29 09:37:20,422 INFO Deserializers.ToUsernameSerializer [http-nio-8083-exec-1] Getting username for userid - 252
2020-10-29 09:37:20,422 INFO com.ec.crm.Service.UserDetailsService [http-nio-8083-exec-1] Making API Call to fetch user from ID
2020-10-29 09:37:20,430 INFO Deserializers.ToUsernameSerializer [http-nio-8083-exec-2] Invoked username serialization
2020-10-29 09:37:20,431 INFO Deserializers.ToUsernameSerializer [http-nio-8083-exec-2] Getting username for userid - 252
2020-10-29 09:37:20,432 INFO com.ec.crm.Service.UserDetailsService [http-nio-8083-exec-2] Making API Call to fetch user from ID
2020-10-29 09:37:20,456 INFO Deserializers.ToUsernameSerializer [http-nio-8083-exec-1] Invoked username serialization
2020-10-29 09:37:20,457 INFO Deserializers.ToUsernameSerializer [http-nio-8083-exec-1] Getting username for userid - 252
2020-10-29 09:37:20,458 INFO com.ec.crm.Service.UserDetailsService [http-nio-8083-exec-1] Making API Call to fetch user from ID
2020-10-29 09:37:20,469 INFO Deserializers.ToUsernameSerializer [http-nio-8083-exec-2] Invoked username serialization
2020-10-29 09:37:20,470 INFO Deserializers.ToUsernameSerializer [http-nio-8083-exec-2] Getting username for userid - 19
2020-10-29 09:37:20,471 INFO com.ec.crm.Service.UserDetailsService [http-nio-8083-exec-2] Making API Call to fetch user from ID
2020-10-29 09:37:20,502 INFO Deserializers.ToUsernameSerializer [http-nio-8083-exec-1] Invoked username serialization
2020-10-29 09:37:20,503 INFO Deserializers.ToUsernameSerializer [http-nio-8083-exec-1] Getting username for userid - 19
2020-10-29 09:37:20,503 INFO com.ec.crm.Service.UserDetailsService [http-nio-8083-exec-1] Making API Call to fetch user from ID
2020-10-29 09:37:20,561 DEBUG org.springframework.web.filter.CommonsRequestLoggingFilter [http-nio-8083-exec-2] REQUEST DATA : POST /activity/getleadactivitypage?size=12&page=0, payload={"filterData":[{"attrName":"globalSearch","attrValue":[]}]}]
2020-10-29 09:37:20,562 DEBUG org.springframework.web.filter.CommonsRequestLoggingFilter [http-nio-8083-exec-1] REQUEST DATA : POST /activity/getleadactivitypage?size=12&page=0, payload={"filterData":[{"attrName":"globalSearch","attrValue":[]}]}]
2020-10-29 09:37:26,672 DEBUG org.springframework.web.filter.CommonsRequestLoggingFilter [http-nio-8083-exec-3] Before request [POST /activity/getleadactivitypage?size=12&page=0]
2020-10-29 09:37:26,677 INFO com.ec.crm.Service.LeadActivityService [http-nio-8083-exec-3] Invoked findFilteredList with payload - FilterDataList [filterData=[FilterAttributeData [attrName=stagnantStatus, attrValue=[Green], getAttrName()=stagnantStatus, getAttrValue()=[Green], getClass()=class com.ec.crm.Filters.FilterAttributeData, hashCode()=1541073950, toString()=com.ec.crm.Filters.FilterAttributeData@5bdaec1e], FilterAttributeData [attrName=globalSearch, attrValue=[], getAttrName()=globalSearch, getAttrValue()=[], getClass()=class com.ec.crm.Filters.FilterAttributeData, hashCode()=1427966229, toString()=com.ec.crm.Filters.FilterAttributeData@551d0915]], getFilterData()=[FilterAttributeData [attrName=stagnantStatus, attrValue=[Green], getAttrName()=stagnantStatus, getAttrValue()=[Green], getClass()=class com.ec.crm.Filters.FilterAttributeData, hashCode()=1541073950, toString()=com.ec.crm.Filters.FilterAttributeData@5bdaec1e], FilterAttributeData [attrName=globalSearch, attrValue=[], getAttrName()=globalSearch, getAttrValue()=[], getClass()=class com.ec.crm.Filters.FilterAttributeData, hashCode()=1427966229, toString()=com.ec.crm.Filters.FilterAttributeData@551d0915]], getClass()=class com.ec.crm.Filters.FilterDataList, hashCode()=1361217390, toString()=com.ec.crm.Filters.FilterDataList@5122876e]
2020-10-29 09:37:26,677 INFO com.ec.crm.Service.LeadActivityService [http-nio-8083-exec-3] Fetching filteration based on filter data received
2020-10-29 09:37:26,731 DEBUG org.springframework.web.filter.CommonsRequestLoggingFilter [http-nio-8083-exec-3] REQUEST DATA : POST /activity/getleadactivitypage?size=12&page=0, payload={"filterData":[{"attrName":"stagnantStatus","attrValue":["Green"]},{"attrName":"globalSearch","attrValue":[]}]}]
2020-10-29 09:37:26,745 ERROR org.apache.juli.logging.DirectJDKLog [http-nio-8083-exec-3] Servlet.service() for servlet [dispatcherServlet] in context with path [] threw exception [Request processing failed; nested exception is org.springframework.dao.InvalidDataAccessApiUsageException: Unable to locate Attribute  with the the given name [stagnantDaysCount] on this ManagedType [com.ec.crm.ReusableClasses.ReusableFields]; nested exception is java.lang.IllegalArgumentException: Unable to locate Attribute  with the the given name [stagnantDaysCount] on this ManagedType [com.ec.crm.ReusableClasses.ReusableFields]] with root cause
java.lang.IllegalArgumentException: Unable to locate Attribute  with the the given name [stagnantDaysCount] on this ManagedType [com.ec.crm.ReusableClasses.ReusableFields]
	at org.hibernate.metamodel.model.domain.internal.AbstractManagedType.checkNotNull(AbstractManagedType.java:147)
	at org.hibernate.metamodel.model.domain.internal.AbstractManagedType.getAttribute(AbstractManagedType.java:118)
	at org.hibernate.metamodel.model.domain.internal.AbstractManagedType.getAttribute(AbstractManagedType.java:116)
	at org.hibernate.metamodel.model.domain.internal.AbstractManagedType.getAttribute(AbstractManagedType.java:43)
	at org.hibernate.query.criteria.internal.path.AbstractFromImpl.locateAttributeInternal(AbstractFromImpl.java:111)
	at org.hibernate.query.criteria.internal.path.AbstractPathImpl.locateAttribute(AbstractPathImpl.java:204)
	at org.hibernate.query.criteria.internal.path.AbstractPathImpl.get(AbstractPathImpl.java:177)
	at com.ec.crm.ReusableClasses.SpecificationsBuilder.lambda$12(SpecificationsBuilder.java:186)
	at org.springframework.data.jpa.domain.SpecificationComposition.toPredicate(SpecificationComposition.java:60)
	at org.springframework.data.jpa.domain.SpecificationComposition.lambda$composed$e1dcbe07$1(SpecificationComposition.java:47)
	at org.springframework.data.jpa.repository.support.SimpleJpaRepository.applySpecificationToCriteria(SimpleJpaRepository.java:762)
	at org.springframework.data.jpa.repository.support.SimpleJpaRepository.getQuery(SimpleJpaRepository.java:693)
	at org.springframework.data.jpa.repository.support.SimpleJpaRepository.getQuery(SimpleJpaRepository.java:651)
	at org.springframework.data.jpa.repository.support.SimpleJpaRepository.findAll(SimpleJpaRepository.java:443)
	at sun.reflect.NativeMethodAccessorImpl.invoke0(Native Method)
	at sun.reflect.NativeMethodAccessorImpl.invoke(NativeMethodAccessorImpl.java:62)
	at sun.reflect.DelegatingMethodAccessorImpl.invoke(DelegatingMethodAccessorImpl.java:43)
	at java.lang.reflect.Method.invoke(Method.java:498)
	at org.springframework.data.repository.core.support.RepositoryComposition$RepositoryFragments.invoke(RepositoryComposition.java:371)
	at org.springframework.data.repository.core.support.RepositoryComposition.invoke(RepositoryComposition.java:204)
	at org.springframework.data.repository.core.support.RepositoryFactorySupport$ImplementationMethodExecutionInterceptor.invoke(RepositoryFactorySupport.java:657)
	at org.springframework.aop.framework.ReflectiveMethodInvocation.proceed(ReflectiveMethodInvocation.java:186)
	at org.springframework.data.repository.core.support.RepositoryFactorySupport$QueryExecutorMethodInterceptor.doInvoke(RepositoryFactorySupport.java:621)
	at org.springframework.data.repository.core.support.RepositoryFactorySupport$QueryExecutorMethodInterceptor.invoke(RepositoryFactorySupport.java:605)
	at org.springframework.aop.framework.ReflectiveMethodInvocation.proceed(ReflectiveMethodInvocation.java:186)
	at org.springframework.data.projection.DefaultMethodInvokingMethodInterceptor.invoke(DefaultMethodInvokingMethodInterceptor.java:80)
	at org.springframework.aop.framework.ReflectiveMethodInvocation.proceed(ReflectiveMethodInvocation.java:186)
	at org.springframework.transaction.interceptor.TransactionAspectSupport.invokeWithinTransaction(TransactionAspectSupport.java:366)
	at org.springframework.transaction.interceptor.TransactionInterceptor.invoke(TransactionInterceptor.java:99)
	at org.springframework.aop.framework.ReflectiveMethodInvocation.proceed(ReflectiveMethodInvocation.java:186)
	at org.springframework.dao.support.PersistenceExceptionTranslationInterceptor.invoke(PersistenceExceptionTranslationInterceptor.java:139)
	at org.springframework.aop.framework.ReflectiveMethodInvocation.proceed(ReflectiveMethodInvocation.java:186)
	at org.springframework.data.jpa.repository.support.CrudMethodMetadataPostProcessor$CrudMethodMetadataPopulatingMethodInterceptor.invoke(CrudMethodMetadataPostProcessor.java:178)
	at org.springframework.aop.framework.ReflectiveMethodInvocation.proceed(ReflectiveMethodInvocation.java:186)
	at org.springframework.aop.interceptor.ExposeInvocationInterceptor.invoke(ExposeInvocationInterceptor.java:93)
	at org.springframework.aop.framework.ReflectiveMethodInvocation.proceed(ReflectiveMethodInvocation.java:186)
	at org.springframework.aop.framework.JdkDynamicAopProxy.invoke(JdkDynamicAopProxy.java:212)
	at com.sun.proxy.$Proxy178.findAll(Unknown Source)
	at com.ec.crm.Service.LeadActivityService.getLeadActivityPage(LeadActivityService.java:575)
	at com.ec.crm.Service.LeadActivityService$$FastClassBySpringCGLIB$$a818f6de.invoke(<generated>)
	at org.springframework.cglib.proxy.MethodProxy.invoke(MethodProxy.java:218)
	at org.springframework.aop.framework.CglibAopProxy$CglibMethodInvocation.invokeJoinpoint(CglibAopProxy.java:769)
	at org.springframework.aop.framework.ReflectiveMethodInvocation.proceed(ReflectiveMethodInvocation.java:163)
	at org.springframework.aop.framework.CglibAopProxy$CglibMethodInvocation.proceed(CglibAopProxy.java:747)
	at org.springframework.transaction.interceptor.TransactionAspectSupport.invokeWithinTransaction(TransactionAspectSupport.java:366)
	at org.springframework.transaction.interceptor.TransactionInterceptor.invoke(TransactionInterceptor.java:99)
	at org.springframework.aop.framework.ReflectiveMethodInvocation.proceed(ReflectiveMethodInvocation.java:186)
	at org.springframework.aop.framework.CglibAopProxy$CglibMethodInvocation.proceed(CglibAopProxy.java:747)
	at org.springframework.aop.framework.CglibAopProxy$DynamicAdvisedInterceptor.intercept(CglibAopProxy.java:689)
	at com.ec.crm.Service.LeadActivityService$$EnhancerBySpringCGLIB$$7a3d0a3b.getLeadActivityPage(<generated>)
	at com.ec.crm.Controller.LeadActivityController.getLeadActivityPage(LeadActivityController.java:108)
	at sun.reflect.NativeMethodAccessorImpl.invoke0(Native Method)
	at sun.reflect.NativeMethodAccessorImpl.invoke(NativeMethodAccessorImpl.java:62)
	at sun.reflect.DelegatingMethodAccessorImpl.invoke(DelegatingMethodAccessorImpl.java:43)
	at java.lang.reflect.Method.invoke(Method.java:498)
	at org.springframework.web.method.support.InvocableHandlerMethod.doInvoke(InvocableHandlerMethod.java:190)
	at org.springframework.web.method.support.InvocableHandlerMethod.invokeForRequest(InvocableHandlerMethod.java:138)
	at org.springframework.web.servlet.mvc.method.annotation.ServletInvocableHandlerMethod.invokeAndHandle(ServletInvocableHandlerMethod.java:106)
	at org.springframework.web.servlet.mvc.method.annotation.RequestMappingHandlerAdapter.invokeHandlerMethod(RequestMappingHandlerAdapter.java:888)
	at org.springframework.web.servlet.mvc.method.annotation.RequestMappingHandlerAdapter.handleInternal(RequestMappingHandlerAdapter.java:793)
	at org.springframework.web.servlet.mvc.method.AbstractHandlerMethodAdapter.handle(AbstractHandlerMethodAdapter.java:87)
	at org.springframework.web.servlet.DispatcherServlet.doDispatch(DispatcherServlet.java:1040)
	at org.springframework.web.servlet.DispatcherServlet.doService(DispatcherServlet.java:943)
	at org.springframework.web.servlet.FrameworkServlet.processRequest(FrameworkServlet.java:1006)
	at org.springframework.web.servlet.FrameworkServlet.doPost(FrameworkServlet.java:909)
	at javax.servlet.http.HttpServlet.service(HttpServlet.java:660)
	at org.springframework.web.servlet.FrameworkServlet.service(FrameworkServlet.java:883)
	at javax.servlet.http.HttpServlet.service(HttpServlet.java:741)
	at org.apache.catalina.core.ApplicationFilterChain.internalDoFilter(ApplicationFilterChain.java:231)
	at org.apache.catalina.core.ApplicationFilterChain.doFilter(ApplicationFilterChain.java:166)
	at org.apache.tomcat.websocket.server.WsFilter.doFilter(WsFilter.java:53)
	at org.apache.catalina.core.ApplicationFilterChain.internalDoFilter(ApplicationFilterChain.java:193)
	at org.apache.catalina.core.ApplicationFilterChain.doFilter(ApplicationFilterChain.java:166)
	at org.springframework.web.filter.AbstractRequestLoggingFilter.doFilterInternal(AbstractRequestLoggingFilter.java:289)
	at org.springframework.web.filter.OncePerRequestFilter.doFilter(OncePerRequestFilter.java:119)
	at org.apache.catalina.core.ApplicationFilterChain.internalDoFilter(ApplicationFilterChain.java:193)
	at org.apache.catalina.core.ApplicationFilterChain.doFilter(ApplicationFilterChain.java:166)
	at org.springframework.web.filter.RequestContextFilter.doFilterInternal(RequestContextFilter.java:100)
	at org.springframework.web.filter.OncePerRequestFilter.doFilter(OncePerRequestFilter.java:119)
	at org.apache.catalina.core.ApplicationFilterChain.internalDoFilter(ApplicationFilterChain.java:193)
	at org.apache.catalina.core.ApplicationFilterChain.doFilter(ApplicationFilterChain.java:166)
	at org.springframework.web.filter.FormContentFilter.doFilterInternal(FormContentFilter.java:93)
	at org.springframework.web.filter.OncePerRequestFilter.doFilter(OncePerRequestFilter.java:119)
	at org.apache.catalina.core.ApplicationFilterChain.internalDoFilter(ApplicationFilterChain.java:193)
	at org.apache.catalina.core.ApplicationFilterChain.doFilter(ApplicationFilterChain.java:166)
	at org.springframework.web.filter.CharacterEncodingFilter.doFilterInternal(CharacterEncodingFilter.java:201)
	at org.springframework.web.filter.OncePerRequestFilter.doFilter(OncePerRequestFilter.java:119)
	at org.apache.catalina.core.ApplicationFilterChain.internalDoFilter(ApplicationFilterChain.java:193)
	at org.apache.catalina.core.ApplicationFilterChain.doFilter(ApplicationFilterChain.java:166)
	at org.apache.catalina.core.StandardWrapperValve.invoke(StandardWrapperValve.java:202)
	at org.apache.catalina.core.StandardContextValve.invoke(StandardContextValve.java:96)
	at org.apache.catalina.authenticator.AuthenticatorBase.invoke(AuthenticatorBase.java:526)
	at org.apache.catalina.core.StandardHostValve.invoke(StandardHostValve.java:139)
	at org.apache.catalina.valves.ErrorReportValve.invoke(ErrorReportValve.java:92)
	at org.apache.catalina.core.StandardEngineValve.invoke(StandardEngineValve.java:74)
	at org.apache.catalina.connector.CoyoteAdapter.service(CoyoteAdapter.java:343)
	at org.apache.coyote.http11.Http11Processor.service(Http11Processor.java:367)
	at org.apache.coyote.AbstractProcessorLight.process(AbstractProcessorLight.java:65)
	at org.apache.coyote.AbstractProtocol$ConnectionHandler.process(AbstractProtocol.java:860)
	at org.apache.tomcat.util.net.NioEndpoint$SocketProcessor.doRun(NioEndpoint.java:1591)
	at org.apache.tomcat.util.net.SocketProcessorBase.run(SocketProcessorBase.java:49)
	at java.util.concurrent.ThreadPoolExecutor.runWorker(ThreadPoolExecutor.java:1149)
	at java.util.concurrent.ThreadPoolExecutor$Worker.run(ThreadPoolExecutor.java:624)
	at org.apache.tomcat.util.threads.TaskThread$WrappingRunnable.run(TaskThread.java:61)
	at java.lang.Thread.run(Thread.java:748)
2020-10-29 09:37:45,921 INFO org.springframework.boot.admin.SpringApplicationAdminMXBeanRegistrar$SpringApplicationAdmin [RMI TCP Connection(11)-127.0.0.1] Application shutdown requested.
2020-10-29 09:37:45,927 INFO org.springframework.scheduling.concurrent.ExecutorConfigurationSupport [RMI TCP Connection(11)-127.0.0.1] Shutting down ExecutorService 'taskScheduler'
2020-10-29 09:37:45,931 INFO org.springframework.scheduling.concurrent.ExecutorConfigurationSupport [RMI TCP Connection(11)-127.0.0.1] Shutting down ExecutorService 'applicationTaskExecutor'
2020-10-29 09:37:45,938 INFO org.springframework.orm.jpa.AbstractEntityManagerFactoryBean [RMI TCP Connection(11)-127.0.0.1] Closing JPA EntityManagerFactory for persistence unit 'default'
2020-10-29 09:37:48,009 INFO com.zaxxer.hikari.HikariDataSource [RMI TCP Connection(11)-127.0.0.1] HikariPool-1 - Shutdown initiated...
2020-10-29 09:37:48,036 INFO com.zaxxer.hikari.HikariDataSource [RMI TCP Connection(11)-127.0.0.1] HikariPool-1 - Shutdown completed.
2020-10-29 09:38:15,458 WARN org.springframework.boot.StartupInfoLogger [main] InetAddress.getLocalHost().getHostName() took 5004 milliseconds to respond. Please verify your network configuration (macOS machines may need to add entries to /etc/hosts).
2020-10-29 09:38:20,476 INFO org.springframework.boot.StartupInfoLogger [main] Starting CrmApplication on Sridhars-MacBook-Air.local with PID 52960 (/Users/bsridharpatnaik/Documents/GitHub/Evergreen-City-Management-System/ec-crm-service/target/classes started by bsridharpatnaik in /Users/bsridharpatnaik/Documents/GitHub/Evergreen-City-Management-System/ec-crm-service)
2020-10-29 09:38:20,478 INFO org.springframework.boot.SpringApplication [main] No active profile set, falling back to default profiles: default
2020-10-29 09:38:21,793 INFO org.springframework.data.repository.config.RepositoryConfigurationDelegate [main] Bootstrapping Spring Data JPA repositories in DEFAULT mode.
2020-10-29 09:38:21,979 INFO org.springframework.data.repository.config.RepositoryConfigurationDelegate [main] Finished Spring Data repository scanning in 165ms. Found 10 JPA repository interfaces.
2020-10-29 09:38:22,624 INFO org.springframework.context.support.PostProcessorRegistrationDelegate$BeanPostProcessorChecker [main] Bean 'org.springframework.ws.config.annotation.DelegatingWsConfiguration' of type [org.springframework.ws.config.annotation.DelegatingWsConfiguration$$EnhancerBySpringCGLIB$$5b36e057] is not eligible for getting processed by all BeanPostProcessors (for example: not eligible for auto-proxying)
2020-10-29 09:38:22,755 INFO org.springframework.ws.soap.addressing.server.AbstractAddressingEndpointMapping [main] Supporting [WS-Addressing August 2004, WS-Addressing 1.0]
2020-10-29 09:38:22,785 INFO org.springframework.context.support.PostProcessorRegistrationDelegate$BeanPostProcessorChecker [main] Bean 'org.springframework.transaction.annotation.ProxyTransactionManagementConfiguration' of type [org.springframework.transaction.annotation.ProxyTransactionManagementConfiguration] is not eligible for getting processed by all BeanPostProcessors (for example: not eligible for auto-proxying)
2020-10-29 09:38:23,272 INFO org.springframework.boot.web.embedded.tomcat.TomcatWebServer [main] Tomcat initialized with port(s): 8083 (http)
2020-10-29 09:38:23,287 INFO org.apache.juli.logging.DirectJDKLog [main] Initializing ProtocolHandler ["http-nio-8083"]
2020-10-29 09:38:23,289 INFO org.apache.juli.logging.DirectJDKLog [main] Starting service [Tomcat]
2020-10-29 09:38:23,290 INFO org.apache.juli.logging.DirectJDKLog [main] Starting Servlet engine: [Apache Tomcat/9.0.29]
2020-10-29 09:38:23,498 INFO org.apache.juli.logging.DirectJDKLog [main] Initializing Spring embedded WebApplicationContext
2020-10-29 09:38:23,498 INFO org.springframework.boot.web.servlet.context.ServletWebServerApplicationContext [main] Root WebApplicationContext: initialization completed in 2951 ms
2020-10-29 09:38:23,575 DEBUG org.springframework.web.filter.GenericFilterBean [main] Filter 'logFilter' configured for use
2020-10-29 09:38:23,960 INFO org.hibernate.jpa.internal.util.LogHelper [main] HHH000204: Processing PersistenceUnitInfo [name: default]
2020-10-29 09:38:24,100 INFO org.hibernate.Version [main] HHH000412: Hibernate Core {5.4.9.Final}
2020-10-29 09:38:24,371 INFO org.hibernate.annotations.common.reflection.java.JavaReflectionManager [main] HCANN000001: Hibernate Commons Annotations {5.1.0.Final}
2020-10-29 09:38:24,548 INFO com.zaxxer.hikari.HikariDataSource [main] HikariPool-1 - Starting...
2020-10-29 09:38:24,551 WARN com.zaxxer.hikari.util.DriverDataSource [main] Registered driver with driverClassName=com.mysql.jdbc.Driver was not found, trying direct instantiation.
2020-10-29 09:38:24,817 INFO com.zaxxer.hikari.HikariDataSource [main] HikariPool-1 - Start completed.
2020-10-29 09:38:24,846 INFO org.hibernate.dialect.Dialect [main] HHH000400: Using dialect: org.hibernate.dialect.MySQL5InnoDBDialect
2020-10-29 09:38:25,004 INFO org.hibernate.envers.boot.internal.EnversServiceImpl [main] Envers integration enabled? : true
2020-10-29 09:38:25,256 WARN org.hibernate.cfg.AnnotationBinder [main] HHH000491: The [lead] association in the [com.ec.crm.Model.LeadActivity] entity uses both @NotFound(action = NotFoundAction.IGNORE) and FetchType.LAZY. The NotFoundAction.IGNORE @ManyToOne and @OneToOne associations are always fetched eagerly.
2020-10-29 09:38:25,283 WARN org.hibernate.cfg.AnnotationBinder [main] HHH000491: The [leadActivity] association in the [com.ec.crm.Model.LeadActivityNotificationHistory] entity uses both @NotFound(action = NotFoundAction.IGNORE) and FetchType.LAZY. The NotFoundAction.IGNORE @ManyToOne and @OneToOne associations are always fetched eagerly.
2020-10-29 09:38:25,295 WARN org.hibernate.cfg.AnnotationBinder [main] HHH000491: The [lead] association in the [com.ec.crm.Model.Note] entity uses both @NotFound(action = NotFoundAction.IGNORE) and FetchType.LAZY. The NotFoundAction.IGNORE @ManyToOne and @OneToOne associations are always fetched eagerly.
2020-10-29 09:38:28,364 INFO org.hibernate.engine.transaction.jta.platform.internal.JtaPlatformInitiator [main] HHH000490: Using JtaPlatform implementation: [org.hibernate.engine.transaction.jta.platform.internal.NoJtaPlatform]
2020-10-29 09:38:28,376 INFO org.springframework.orm.jpa.AbstractEntityManagerFactoryBean [main] Initialized JPA EntityManagerFactory for persistence unit 'default'
2020-10-29 09:38:30,273 WARN org.springframework.boot.autoconfigure.orm.jpa.JpaBaseConfiguration$JpaWebConfiguration [main] spring.jpa.open-in-view is enabled by default. Therefore, database queries may be performed during view rendering. Explicitly configure spring.jpa.open-in-view to disable this warning
2020-10-29 09:38:30,549 INFO org.springframework.scheduling.concurrent.ExecutorConfigurationSupport [main] Initializing ExecutorService 'applicationTaskExecutor'
2020-10-29 09:38:31,246 INFO org.springframework.scheduling.concurrent.ExecutorConfigurationSupport [main] Initializing ExecutorService 'taskScheduler'
2020-10-29 09:38:31,399 INFO org.apache.juli.logging.DirectJDKLog [main] Starting ProtocolHandler ["http-nio-8083"]
2020-10-29 09:38:31,541 INFO org.springframework.boot.web.embedded.tomcat.TomcatWebServer [main] Tomcat started on port(s): 8083 (http) with context path ''
2020-10-29 09:38:31,546 INFO org.springframework.boot.StartupInfoLogger [main] Started CrmApplication in 31.689 seconds (JVM running for 37.993)
2020-10-29 09:40:21,235 WARN org.springframework.boot.StartupInfoLogger [main] InetAddress.getLocalHost().getHostName() took 5006 milliseconds to respond. Please verify your network configuration (macOS machines may need to add entries to /etc/hosts).
2020-10-29 09:40:26,252 INFO org.springframework.boot.StartupInfoLogger [main] Starting CrmApplication on Sridhars-MacBook-Air.local with PID 52984 (/Users/bsridharpatnaik/Documents/GitHub/Evergreen-City-Management-System/ec-crm-service/target/classes started by bsridharpatnaik in /Users/bsridharpatnaik/Documents/GitHub/Evergreen-City-Management-System/ec-crm-service)
2020-10-29 09:40:26,254 INFO org.springframework.boot.SpringApplication [main] No active profile set, falling back to default profiles: default
2020-10-29 09:40:27,255 INFO org.springframework.data.repository.config.RepositoryConfigurationDelegate [main] Bootstrapping Spring Data JPA repositories in DEFAULT mode.
2020-10-29 09:40:27,442 INFO org.springframework.data.repository.config.RepositoryConfigurationDelegate [main] Finished Spring Data repository scanning in 173ms. Found 10 JPA repository interfaces.
2020-10-29 09:40:27,804 INFO org.springframework.context.support.PostProcessorRegistrationDelegate$BeanPostProcessorChecker [main] Bean 'org.springframework.ws.config.annotation.DelegatingWsConfiguration' of type [org.springframework.ws.config.annotation.DelegatingWsConfiguration$$EnhancerBySpringCGLIB$$6154c39b] is not eligible for getting processed by all BeanPostProcessors (for example: not eligible for auto-proxying)
2020-10-29 09:40:27,840 INFO org.springframework.ws.soap.addressing.server.AbstractAddressingEndpointMapping [main] Supporting [WS-Addressing August 2004, WS-Addressing 1.0]
2020-10-29 09:40:27,862 INFO org.springframework.context.support.PostProcessorRegistrationDelegate$BeanPostProcessorChecker [main] Bean 'org.springframework.transaction.annotation.ProxyTransactionManagementConfiguration' of type [org.springframework.transaction.annotation.ProxyTransactionManagementConfiguration] is not eligible for getting processed by all BeanPostProcessors (for example: not eligible for auto-proxying)
2020-10-29 09:40:28,178 INFO org.springframework.boot.web.embedded.tomcat.TomcatWebServer [main] Tomcat initialized with port(s): 8083 (http)
2020-10-29 09:40:28,189 INFO org.apache.juli.logging.DirectJDKLog [main] Initializing ProtocolHandler ["http-nio-8083"]
2020-10-29 09:40:28,190 INFO org.apache.juli.logging.DirectJDKLog [main] Starting service [Tomcat]
2020-10-29 09:40:28,190 INFO org.apache.juli.logging.DirectJDKLog [main] Starting Servlet engine: [Apache Tomcat/9.0.29]
2020-10-29 09:40:28,403 INFO org.apache.juli.logging.DirectJDKLog [main] Initializing Spring embedded WebApplicationContext
2020-10-29 09:40:28,405 INFO org.springframework.boot.web.servlet.context.ServletWebServerApplicationContext [main] Root WebApplicationContext: initialization completed in 2101 ms
2020-10-29 09:40:28,460 DEBUG org.springframework.web.filter.GenericFilterBean [main] Filter 'logFilter' configured for use
2020-10-29 09:40:28,765 INFO org.hibernate.jpa.internal.util.LogHelper [main] HHH000204: Processing PersistenceUnitInfo [name: default]
2020-10-29 09:40:28,850 INFO org.hibernate.Version [main] HHH000412: Hibernate Core {5.4.9.Final}
2020-10-29 09:40:29,005 INFO org.hibernate.annotations.common.reflection.java.JavaReflectionManager [main] HCANN000001: Hibernate Commons Annotations {5.1.0.Final}
2020-10-29 09:40:29,120 INFO com.zaxxer.hikari.HikariDataSource [main] HikariPool-1 - Starting...
2020-10-29 09:40:29,122 WARN com.zaxxer.hikari.util.DriverDataSource [main] Registered driver with driverClassName=com.mysql.jdbc.Driver was not found, trying direct instantiation.
2020-10-29 09:40:29,274 INFO com.zaxxer.hikari.HikariDataSource [main] HikariPool-1 - Start completed.
2020-10-29 09:40:29,294 INFO org.hibernate.dialect.Dialect [main] HHH000400: Using dialect: org.hibernate.dialect.MySQL5InnoDBDialect
2020-10-29 09:40:29,427 INFO org.hibernate.envers.boot.internal.EnversServiceImpl [main] Envers integration enabled? : true
2020-10-29 09:40:29,633 WARN org.hibernate.cfg.AnnotationBinder [main] HHH000491: The [lead] association in the [com.ec.crm.Model.LeadActivity] entity uses both @NotFound(action = NotFoundAction.IGNORE) and FetchType.LAZY. The NotFoundAction.IGNORE @ManyToOne and @OneToOne associations are always fetched eagerly.
2020-10-29 09:40:29,647 WARN org.hibernate.cfg.AnnotationBinder [main] HHH000491: The [leadActivity] association in the [com.ec.crm.Model.LeadActivityNotificationHistory] entity uses both @NotFound(action = NotFoundAction.IGNORE) and FetchType.LAZY. The NotFoundAction.IGNORE @ManyToOne and @OneToOne associations are always fetched eagerly.
2020-10-29 09:40:29,653 WARN org.hibernate.cfg.AnnotationBinder [main] HHH000491: The [lead] association in the [com.ec.crm.Model.Note] entity uses both @NotFound(action = NotFoundAction.IGNORE) and FetchType.LAZY. The NotFoundAction.IGNORE @ManyToOne and @OneToOne associations are always fetched eagerly.
2020-10-29 09:40:32,109 INFO org.hibernate.engine.transaction.jta.platform.internal.JtaPlatformInitiator [main] HHH000490: Using JtaPlatform implementation: [org.hibernate.engine.transaction.jta.platform.internal.NoJtaPlatform]
2020-10-29 09:40:32,119 INFO org.springframework.orm.jpa.AbstractEntityManagerFactoryBean [main] Initialized JPA EntityManagerFactory for persistence unit 'default'
2020-10-29 09:40:33,590 WARN org.springframework.boot.autoconfigure.orm.jpa.JpaBaseConfiguration$JpaWebConfiguration [main] spring.jpa.open-in-view is enabled by default. Therefore, database queries may be performed during view rendering. Explicitly configure spring.jpa.open-in-view to disable this warning
2020-10-29 09:40:33,744 INFO org.springframework.scheduling.concurrent.ExecutorConfigurationSupport [main] Initializing ExecutorService 'applicationTaskExecutor'
2020-10-29 09:40:34,026 INFO org.springframework.scheduling.concurrent.ExecutorConfigurationSupport [main] Initializing ExecutorService 'taskScheduler'
2020-10-29 09:40:34,108 INFO org.apache.juli.logging.DirectJDKLog [main] Starting ProtocolHandler ["http-nio-8083"]
2020-10-29 09:40:34,175 INFO org.springframework.boot.web.embedded.tomcat.TomcatWebServer [main] Tomcat started on port(s): 8083 (http) with context path ''
2020-10-29 09:40:34,182 INFO org.springframework.boot.StartupInfoLogger [main] Started CrmApplication in 28.496 seconds (JVM running for 34.558)
2020-10-29 09:40:40,962 INFO org.apache.juli.logging.DirectJDKLog [http-nio-8083-exec-1] Initializing Spring DispatcherServlet 'dispatcherServlet'
2020-10-29 09:40:40,968 INFO org.springframework.web.servlet.FrameworkServlet [http-nio-8083-exec-1] Initializing Servlet 'dispatcherServlet'
2020-10-29 09:40:40,987 INFO org.springframework.web.servlet.FrameworkServlet [http-nio-8083-exec-1] Completed initialization in 18 ms
2020-10-29 09:40:41,012 DEBUG org.springframework.web.filter.CommonsRequestLoggingFilter [http-nio-8083-exec-1] Before request [POST /activity/getleadactivitypage?size=12&page=0]
2020-10-29 09:40:41,359 INFO com.ec.crm.Service.LeadActivityService [http-nio-8083-exec-1] Invoked findFilteredList with payload - FilterDataList [filterData=[FilterAttributeData [attrName=stagnantStatus, attrValue=[Green], getAttrName()=stagnantStatus, getAttrValue()=[Green], getClass()=class com.ec.crm.Filters.FilterAttributeData, hashCode()=1242233456, toString()=com.ec.crm.Filters.FilterAttributeData@4a0afa70], FilterAttributeData [attrName=globalSearch, attrValue=[], getAttrName()=globalSearch, getAttrValue()=[], getClass()=class com.ec.crm.Filters.FilterAttributeData, hashCode()=406945656, toString()=com.ec.crm.Filters.FilterAttributeData@18417f78]], getFilterData()=[FilterAttributeData [attrName=stagnantStatus, attrValue=[Green], getAttrName()=stagnantStatus, getAttrValue()=[Green], getClass()=class com.ec.crm.Filters.FilterAttributeData, hashCode()=1242233456, toString()=com.ec.crm.Filters.FilterAttributeData@4a0afa70], FilterAttributeData [attrName=globalSearch, attrValue=[], getAttrName()=globalSearch, getAttrValue()=[], getClass()=class com.ec.crm.Filters.FilterAttributeData, hashCode()=406945656, toString()=com.ec.crm.Filters.FilterAttributeData@18417f78]], getClass()=class com.ec.crm.Filters.FilterDataList, hashCode()=1971007253, toString()=com.ec.crm.Filters.FilterDataList@757b2f15]
2020-10-29 09:40:41,360 INFO com.ec.crm.Service.LeadActivityService [http-nio-8083-exec-1] Fetching filteration based on filter data received
2020-10-29 09:40:41,699 INFO com.ec.crm.Service.LeadActivityService [http-nio-8083-exec-1] Setting dropdown data
2020-10-29 09:40:41,805 INFO com.ec.crm.Service.UserDetailsService [http-nio-8083-exec-1] Making API Call to fetch userlist
2020-10-29 09:40:47,527 INFO com.ec.crm.Service.LeadActivityService [http-nio-8083-exec-1] Setting typeahead data
2020-10-29 09:40:47,528 INFO com.ec.crm.Service.LeadService [http-nio-8083-exec-1] Invoked fetchTypeAheadForLeadGlobalSearch
2020-10-29 09:40:47,679 INFO Deserializers.ToUsernameSerializer [http-nio-8083-exec-1] Invoked username serialization
2020-10-29 09:40:47,680 INFO Deserializers.ToUsernameSerializer [http-nio-8083-exec-1] Getting username for userid - 252
2020-10-29 09:40:47,689 INFO com.ec.crm.Service.UserDetailsService [http-nio-8083-exec-1] Making API Call to fetch user from ID
2020-10-29 09:40:47,730 INFO Deserializers.ToUsernameSerializer [http-nio-8083-exec-1] Invoked username serialization
2020-10-29 09:40:47,731 INFO Deserializers.ToUsernameSerializer [http-nio-8083-exec-1] Getting username for userid - 252
2020-10-29 09:40:47,733 INFO com.ec.crm.Service.UserDetailsService [http-nio-8083-exec-1] Making API Call to fetch user from ID
2020-10-29 09:40:47,774 INFO Deserializers.ToUsernameSerializer [http-nio-8083-exec-1] Invoked username serialization
2020-10-29 09:40:47,774 INFO Deserializers.ToUsernameSerializer [http-nio-8083-exec-1] Getting username for userid - 252
2020-10-29 09:40:47,775 INFO com.ec.crm.Service.UserDetailsService [http-nio-8083-exec-1] Making API Call to fetch user from ID
2020-10-29 09:40:47,812 INFO Deserializers.ToUsernameSerializer [http-nio-8083-exec-1] Invoked username serialization
2020-10-29 09:40:47,812 INFO Deserializers.ToUsernameSerializer [http-nio-8083-exec-1] Getting username for userid - 252
2020-10-29 09:40:47,813 INFO com.ec.crm.Service.UserDetailsService [http-nio-8083-exec-1] Making API Call to fetch user from ID
2020-10-29 09:40:47,853 INFO Deserializers.ToUsernameSerializer [http-nio-8083-exec-1] Invoked username serialization
2020-10-29 09:40:47,854 INFO Deserializers.ToUsernameSerializer [http-nio-8083-exec-1] Getting username for userid - 252
2020-10-29 09:40:47,855 INFO com.ec.crm.Service.UserDetailsService [http-nio-8083-exec-1] Making API Call to fetch user from ID
2020-10-29 09:40:47,902 INFO Deserializers.ToUsernameSerializer [http-nio-8083-exec-1] Invoked username serialization
2020-10-29 09:40:47,903 INFO Deserializers.ToUsernameSerializer [http-nio-8083-exec-1] Getting username for userid - 252
2020-10-29 09:40:47,903 INFO com.ec.crm.Service.UserDetailsService [http-nio-8083-exec-1] Making API Call to fetch user from ID
2020-10-29 09:40:47,932 INFO Deserializers.ToUsernameSerializer [http-nio-8083-exec-1] Invoked username serialization
2020-10-29 09:40:47,943 INFO Deserializers.ToUsernameSerializer [http-nio-8083-exec-1] Getting username for userid - 252
2020-10-29 09:40:47,944 INFO com.ec.crm.Service.UserDetailsService [http-nio-8083-exec-1] Making API Call to fetch user from ID
2020-10-29 09:40:47,977 INFO Deserializers.ToUsernameSerializer [http-nio-8083-exec-1] Invoked username serialization
2020-10-29 09:40:47,977 INFO Deserializers.ToUsernameSerializer [http-nio-8083-exec-1] Getting username for userid - 252
2020-10-29 09:40:47,978 INFO com.ec.crm.Service.UserDetailsService [http-nio-8083-exec-1] Making API Call to fetch user from ID
2020-10-29 09:40:48,050 DEBUG org.springframework.web.filter.CommonsRequestLoggingFilter [http-nio-8083-exec-1] REQUEST DATA : POST /activity/getleadactivitypage?size=12&page=0, payload={"filterData":[{"attrName":"stagnantStatus","attrValue":["Green"]},{"attrName":"globalSearch","attrValue":[]}]}]
2020-10-29 09:40:59,963 DEBUG org.springframework.web.filter.CommonsRequestLoggingFilter [http-nio-8083-exec-2] Before request [POST /activity/getleadactivitypage?size=12&page=0]
2020-10-29 09:40:59,970 INFO com.ec.crm.Service.LeadActivityService [http-nio-8083-exec-2] Invoked findFilteredList with payload - FilterDataList [filterData=[FilterAttributeData [attrName=stagnantStatus, attrValue=[Orange], getAttrName()=stagnantStatus, getAttrValue()=[Orange], getClass()=class com.ec.crm.Filters.FilterAttributeData, hashCode()=105046142, toString()=com.ec.crm.Filters.FilterAttributeData@642e07e], FilterAttributeData [attrName=globalSearch, attrValue=[], getAttrName()=globalSearch, getAttrValue()=[], getClass()=class com.ec.crm.Filters.FilterAttributeData, hashCode()=142937798, toString()=com.ec.crm.Filters.FilterAttributeData@8850ec6]], getFilterData()=[FilterAttributeData [attrName=stagnantStatus, attrValue=[Orange], getAttrName()=stagnantStatus, getAttrValue()=[Orange], getClass()=class com.ec.crm.Filters.FilterAttributeData, hashCode()=105046142, toString()=com.ec.crm.Filters.FilterAttributeData@642e07e], FilterAttributeData [attrName=globalSearch, attrValue=[], getAttrName()=globalSearch, getAttrValue()=[], getClass()=class com.ec.crm.Filters.FilterAttributeData, hashCode()=142937798, toString()=com.ec.crm.Filters.FilterAttributeData@8850ec6]], getClass()=class com.ec.crm.Filters.FilterDataList, hashCode()=213551886, toString()=com.ec.crm.Filters.FilterDataList@cba8b0e]
2020-10-29 09:40:59,971 INFO com.ec.crm.Service.LeadActivityService [http-nio-8083-exec-2] Fetching filteration based on filter data received
2020-10-29 09:41:00,027 INFO com.ec.crm.Service.LeadActivityService [http-nio-8083-exec-2] Setting dropdown data
2020-10-29 09:41:00,042 INFO com.ec.crm.Service.UserDetailsService [http-nio-8083-exec-2] Making API Call to fetch userlist
2020-10-29 09:41:00,097 INFO com.ec.crm.Service.LeadActivityService [http-nio-8083-exec-2] Setting typeahead data
2020-10-29 09:41:00,102 INFO com.ec.crm.Service.LeadService [http-nio-8083-exec-2] Invoked fetchTypeAheadForLeadGlobalSearch
2020-10-29 09:41:00,142 INFO Deserializers.ToUsernameSerializer [http-nio-8083-exec-2] Invoked username serialization
2020-10-29 09:41:00,142 INFO Deserializers.ToUsernameSerializer [http-nio-8083-exec-2] Getting username for userid - 252
2020-10-29 09:41:00,143 INFO com.ec.crm.Service.UserDetailsService [http-nio-8083-exec-2] Making API Call to fetch user from ID
2020-10-29 09:41:00,176 INFO Deserializers.ToUsernameSerializer [http-nio-8083-exec-2] Invoked username serialization
2020-10-29 09:41:00,177 INFO Deserializers.ToUsernameSerializer [http-nio-8083-exec-2] Getting username for userid - 252
2020-10-29 09:41:00,178 INFO com.ec.crm.Service.UserDetailsService [http-nio-8083-exec-2] Making API Call to fetch user from ID
2020-10-29 09:41:00,206 INFO Deserializers.ToUsernameSerializer [http-nio-8083-exec-2] Invoked username serialization
2020-10-29 09:41:00,206 INFO Deserializers.ToUsernameSerializer [http-nio-8083-exec-2] Getting username for userid - 252
2020-10-29 09:41:00,207 INFO com.ec.crm.Service.UserDetailsService [http-nio-8083-exec-2] Making API Call to fetch user from ID
2020-10-29 09:41:00,234 INFO Deserializers.ToUsernameSerializer [http-nio-8083-exec-2] Invoked username serialization
2020-10-29 09:41:00,235 INFO Deserializers.ToUsernameSerializer [http-nio-8083-exec-2] Getting username for userid - 252
2020-10-29 09:41:00,236 INFO com.ec.crm.Service.UserDetailsService [http-nio-8083-exec-2] Making API Call to fetch user from ID
2020-10-29 09:41:00,264 INFO Deserializers.ToUsernameSerializer [http-nio-8083-exec-2] Invoked username serialization
2020-10-29 09:41:00,264 INFO Deserializers.ToUsernameSerializer [http-nio-8083-exec-2] Getting username for userid - 252
2020-10-29 09:41:00,265 INFO com.ec.crm.Service.UserDetailsService [http-nio-8083-exec-2] Making API Call to fetch user from ID
2020-10-29 09:41:00,290 INFO Deserializers.ToUsernameSerializer [http-nio-8083-exec-2] Invoked username serialization
2020-10-29 09:41:00,291 INFO Deserializers.ToUsernameSerializer [http-nio-8083-exec-2] Getting username for userid - 19
2020-10-29 09:41:00,292 INFO com.ec.crm.Service.UserDetailsService [http-nio-8083-exec-2] Making API Call to fetch user from ID
2020-10-29 09:41:00,329 INFO Deserializers.ToUsernameSerializer [http-nio-8083-exec-2] Invoked username serialization
2020-10-29 09:41:00,329 INFO Deserializers.ToUsernameSerializer [http-nio-8083-exec-2] Getting username for userid - 19
2020-10-29 09:41:00,330 INFO com.ec.crm.Service.UserDetailsService [http-nio-8083-exec-2] Making API Call to fetch user from ID
2020-10-29 09:41:00,364 INFO Deserializers.ToUsernameSerializer [http-nio-8083-exec-2] Invoked username serialization
2020-10-29 09:41:00,368 INFO Deserializers.ToUsernameSerializer [http-nio-8083-exec-2] Getting username for userid - 19
2020-10-29 09:41:00,369 INFO com.ec.crm.Service.UserDetailsService [http-nio-8083-exec-2] Making API Call to fetch user from ID
2020-10-29 09:41:00,399 INFO Deserializers.ToUsernameSerializer [http-nio-8083-exec-2] Invoked username serialization
2020-10-29 09:41:00,400 INFO Deserializers.ToUsernameSerializer [http-nio-8083-exec-2] Getting username for userid - 19
2020-10-29 09:41:00,400 INFO com.ec.crm.Service.UserDetailsService [http-nio-8083-exec-2] Making API Call to fetch user from ID
2020-10-29 09:41:00,434 INFO Deserializers.ToUsernameSerializer [http-nio-8083-exec-2] Invoked username serialization
2020-10-29 09:41:00,434 INFO Deserializers.ToUsernameSerializer [http-nio-8083-exec-2] Getting username for userid - 19520
2020-10-29 09:41:00,435 INFO com.ec.crm.Service.UserDetailsService [http-nio-8083-exec-2] Making API Call to fetch user from ID
2020-10-29 09:41:00,474 INFO Deserializers.ToUsernameSerializer [http-nio-8083-exec-2] Invoked username serialization
2020-10-29 09:41:00,475 INFO Deserializers.ToUsernameSerializer [http-nio-8083-exec-2] Getting username for userid - 19520
2020-10-29 09:41:00,476 INFO com.ec.crm.Service.UserDetailsService [http-nio-8083-exec-2] Making API Call to fetch user from ID
2020-10-29 09:41:00,507 INFO Deserializers.ToUsernameSerializer [http-nio-8083-exec-2] Invoked username serialization
2020-10-29 09:41:00,508 INFO Deserializers.ToUsernameSerializer [http-nio-8083-exec-2] Getting username for userid - 19520
2020-10-29 09:41:00,508 INFO com.ec.crm.Service.UserDetailsService [http-nio-8083-exec-2] Making API Call to fetch user from ID
2020-10-29 09:41:00,538 DEBUG org.springframework.web.filter.CommonsRequestLoggingFilter [http-nio-8083-exec-2] REQUEST DATA : POST /activity/getleadactivitypage?size=12&page=0, payload={"filterData":[{"attrName":"stagnantStatus","attrValue":["Orange"]},{"attrName":"globalSearch","attrValue":[]}]}]
