2020-10-07 22:53:39,018 WARN org.springframework.boot.StartupInfoLogger [main] InetAddress.getLocalHost().getHostName() took 5002 milliseconds to respond. Please verify your network configuration (macOS machines may need to add entries to /etc/hosts).
2020-10-07 22:53:44,033 INFO org.springframework.boot.StartupInfoLogger [main] Starting CrmApplication on Sridhars-MacBook-Air.local with PID 21460 (/Users/bsridharpatnaik/Documents/GitHub/Evergreen-City-Management-System/ec-crm-service/target/classes started by bsridharpatnaik in /Users/bsridharpatnaik/Documents/GitHub/Evergreen-City-Management-System/ec-crm-service)
2020-10-07 22:53:44,035 INFO org.springframework.boot.SpringApplication [main] No active profile set, falling back to default profiles: default
2020-10-07 22:53:45,555 INFO org.springframework.data.repository.config.RepositoryConfigurationDelegate [main] Bootstrapping Spring Data JPA repositories in DEFAULT mode.
2020-10-07 22:53:45,800 INFO org.springframework.data.repository.config.RepositoryConfigurationDelegate [main] Finished Spring Data repository scanning in 230ms. Found 9 JPA repository interfaces.
2020-10-07 22:53:46,268 INFO org.springframework.context.support.PostProcessorRegistrationDelegate$BeanPostProcessorChecker [main] Bean 'org.springframework.ws.config.annotation.DelegatingWsConfiguration' of type [org.springframework.ws.config.annotation.DelegatingWsConfiguration$$EnhancerBySpringCGLIB$$4db9f5a4] is not eligible for getting processed by all BeanPostProcessors (for example: not eligible for auto-proxying)
2020-10-07 22:53:46,315 INFO org.springframework.ws.soap.addressing.server.AbstractAddressingEndpointMapping [main] Supporting [WS-Addressing August 2004, WS-Addressing 1.0]
2020-10-07 22:53:46,351 INFO org.springframework.context.support.PostProcessorRegistrationDelegate$BeanPostProcessorChecker [main] Bean 'org.springframework.transaction.annotation.ProxyTransactionManagementConfiguration' of type [org.springframework.transaction.annotation.ProxyTransactionManagementConfiguration] is not eligible for getting processed by all BeanPostProcessors (for example: not eligible for auto-proxying)
2020-10-07 22:53:47,250 INFO org.springframework.boot.web.embedded.tomcat.TomcatWebServer [main] Tomcat initialized with port(s): 8083 (http)
2020-10-07 22:53:47,277 INFO org.apache.juli.logging.DirectJDKLog [main] Initializing ProtocolHandler ["http-nio-8083"]
2020-10-07 22:53:47,282 INFO org.apache.juli.logging.DirectJDKLog [main] Starting service [Tomcat]
2020-10-07 22:53:47,283 INFO org.apache.juli.logging.DirectJDKLog [main] Starting Servlet engine: [Apache Tomcat/9.0.29]
2020-10-07 22:53:47,997 INFO org.apache.juli.logging.DirectJDKLog [main] Initializing Spring embedded WebApplicationContext
2020-10-07 22:53:48,000 INFO org.springframework.boot.web.servlet.context.ServletWebServerApplicationContext [main] Root WebApplicationContext: initialization completed in 3877 ms
2020-10-07 22:53:48,212 DEBUG org.springframework.web.filter.GenericFilterBean [main] Filter 'logFilter' configured for use
2020-10-07 22:53:48,556 INFO org.hibernate.jpa.internal.util.LogHelper [main] HHH000204: Processing PersistenceUnitInfo [name: default]
2020-10-07 22:53:48,823 INFO org.hibernate.Version [main] HHH000412: Hibernate Core {5.4.9.Final}
2020-10-07 22:53:49,074 INFO org.hibernate.annotations.common.reflection.java.JavaReflectionManager [main] HCANN000001: Hibernate Commons Annotations {5.1.0.Final}
2020-10-07 22:53:49,546 INFO com.zaxxer.hikari.HikariDataSource [main] HikariPool-1 - Starting...
2020-10-07 22:53:49,549 WARN com.zaxxer.hikari.util.DriverDataSource [main] Registered driver with driverClassName=com.mysql.jdbc.Driver was not found, trying direct instantiation.
2020-10-07 22:53:50,115 INFO com.zaxxer.hikari.HikariDataSource [main] HikariPool-1 - Start completed.
2020-10-07 22:53:50,146 INFO org.hibernate.dialect.Dialect [main] HHH000400: Using dialect: org.hibernate.dialect.MySQL5InnoDBDialect
2020-10-07 22:53:50,340 INFO org.hibernate.envers.boot.internal.EnversServiceImpl [main] Envers integration enabled? : true
2020-10-07 22:53:50,621 WARN org.hibernate.cfg.AnnotationBinder [main] HHH000491: The [lead] association in the [com.ec.crm.Model.LeadActivity] entity uses both @NotFound(action = NotFoundAction.IGNORE) and FetchType.LAZY. The NotFoundAction.IGNORE @ManyToOne and @OneToOne associations are always fetched eagerly.
2020-10-07 22:53:50,649 WARN org.hibernate.cfg.AnnotationBinder [main] HHH000491: The [lead] association in the [com.ec.crm.Model.Note] entity uses both @NotFound(action = NotFoundAction.IGNORE) and FetchType.LAZY. The NotFoundAction.IGNORE @ManyToOne and @OneToOne associations are always fetched eagerly.
2020-10-07 22:54:00,058 INFO org.hibernate.engine.transaction.jta.platform.internal.JtaPlatformInitiator [main] HHH000490: Using JtaPlatform implementation: [org.hibernate.engine.transaction.jta.platform.internal.NoJtaPlatform]
2020-10-07 22:54:00,073 INFO org.springframework.orm.jpa.AbstractEntityManagerFactoryBean [main] Initialized JPA EntityManagerFactory for persistence unit 'default'
2020-10-07 22:54:02,157 WARN org.springframework.boot.autoconfigure.orm.jpa.JpaBaseConfiguration$JpaWebConfiguration [main] spring.jpa.open-in-view is enabled by default. Therefore, database queries may be performed during view rendering. Explicitly configure spring.jpa.open-in-view to disable this warning
2020-10-07 22:54:02,303 INFO org.springframework.scheduling.concurrent.ExecutorConfigurationSupport [main] Initializing ExecutorService 'applicationTaskExecutor'
2020-10-07 22:54:02,707 INFO org.apache.juli.logging.DirectJDKLog [main] Starting ProtocolHandler ["http-nio-8083"]
2020-10-07 22:54:02,751 INFO org.springframework.boot.web.embedded.tomcat.TomcatWebServer [main] Tomcat started on port(s): 8083 (http) with context path ''
2020-10-07 22:54:02,758 INFO org.springframework.boot.StartupInfoLogger [main] Started CrmApplication in 39.497 seconds (JVM running for 45.565)
2020-10-07 22:54:44,198 INFO org.apache.juli.logging.DirectJDKLog [http-nio-8083-exec-1] Initializing Spring DispatcherServlet 'dispatcherServlet'
2020-10-07 22:54:44,286 INFO org.springframework.web.servlet.FrameworkServlet [http-nio-8083-exec-1] Initializing Servlet 'dispatcherServlet'
2020-10-07 22:54:44,370 INFO org.springframework.web.servlet.FrameworkServlet [http-nio-8083-exec-1] Completed initialization in 84 ms
2020-10-07 22:54:44,501 DEBUG org.springframework.web.filter.CommonsRequestLoggingFilter [http-nio-8083-exec-1] Before request [POST /dashboard/customerpipeline]
2020-10-07 22:54:44,920 INFO com.ec.crm.Service.DashboardService [http-nio-8083-exec-1] fromdate : Thu Oct 01 00:00:00 IST 2020 todate: Sat Oct 31 00:00:00 IST 2020
2020-10-07 22:54:45,984 INFO com.ec.crm.Service.DashboardService [http-nio-8083-exec-1] Fetching Lead Generated Stats
2020-10-07 22:54:46,008 DEBUG org.springframework.web.filter.CommonsRequestLoggingFilter [http-nio-8083-exec-1] REQUEST DATA : POST /dashboard/customerpipeline, payload={"fromDate":"2020-10-01","toDate":"2020-10-31"}]
2020-10-07 22:54:46,018 ERROR org.apache.juli.logging.DirectJDKLog [http-nio-8083-exec-1] Servlet.service() for servlet [dispatcherServlet] in context with path [] threw exception [Request processing failed; nested exception is java.lang.NullPointerException] with root cause
java.lang.NullPointerException: null
	at com.ec.crm.Service.DashboardService.lambda$0(DashboardService.java:58)
	at java.util.stream.ReferencePipeline$2$1.accept(ReferencePipeline.java:174)
	at java.util.ArrayList$ArrayListSpliterator.forEachRemaining(ArrayList.java:1382)
	at java.util.stream.AbstractPipeline.copyInto(AbstractPipeline.java:481)
	at java.util.stream.AbstractPipeline.wrapAndCopyInto(AbstractPipeline.java:471)
	at java.util.stream.ReduceOps$ReduceOp.evaluateSequential(ReduceOps.java:708)
	at java.util.stream.AbstractPipeline.evaluate(AbstractPipeline.java:234)
	at java.util.stream.LongPipeline.reduce(LongPipeline.java:438)
	at java.util.stream.LongPipeline.sum(LongPipeline.java:396)
	at java.util.stream.ReferencePipeline.count(ReferencePipeline.java:526)
	at com.ec.crm.Service.DashboardService.customerpipeline(DashboardService.java:58)
	at com.ec.crm.Controller.DashboardController.customerpipeline(DashboardController.java:52)
	at sun.reflect.NativeMethodAccessorImpl.invoke0(Native Method)
	at sun.reflect.NativeMethodAccessorImpl.invoke(NativeMethodAccessorImpl.java:62)
	at sun.reflect.DelegatingMethodAccessorImpl.invoke(DelegatingMethodAccessorImpl.java:43)
	at java.lang.reflect.Method.invoke(Method.java:498)
	at org.springframework.web.method.support.InvocableHandlerMethod.doInvoke(InvocableHandlerMethod.java:190)
	at org.springframework.web.method.support.InvocableHandlerMethod.invokeForRequest(InvocableHandlerMethod.java:138)
	at org.springframework.web.servlet.mvc.method.annotation.ServletInvocableHandlerMethod.invokeAndHandle(ServletInvocableHandlerMethod.java:106)
	at org.springframework.web.servlet.mvc.method.annotation.RequestMappingHandlerAdapter.invokeHandlerMethod(RequestMappingHandlerAdapter.java:888)
	at org.springframework.web.servlet.mvc.method.annotation.RequestMappingHandlerAdapter.handleInternal(RequestMappingHandlerAdapter.java:793)
	at org.springframework.web.servlet.mvc.method.AbstractHandlerMethodAdapter.handle(AbstractHandlerMethodAdapter.java:87)
	at org.springframework.web.servlet.DispatcherServlet.doDispatch(DispatcherServlet.java:1040)
	at org.springframework.web.servlet.DispatcherServlet.doService(DispatcherServlet.java:943)
	at org.springframework.web.servlet.FrameworkServlet.processRequest(FrameworkServlet.java:1006)
	at org.springframework.web.servlet.FrameworkServlet.doPost(FrameworkServlet.java:909)
	at javax.servlet.http.HttpServlet.service(HttpServlet.java:660)
	at org.springframework.web.servlet.FrameworkServlet.service(FrameworkServlet.java:883)
	at javax.servlet.http.HttpServlet.service(HttpServlet.java:741)
	at org.apache.catalina.core.ApplicationFilterChain.internalDoFilter(ApplicationFilterChain.java:231)
	at org.apache.catalina.core.ApplicationFilterChain.doFilter(ApplicationFilterChain.java:166)
	at org.apache.tomcat.websocket.server.WsFilter.doFilter(WsFilter.java:53)
	at org.apache.catalina.core.ApplicationFilterChain.internalDoFilter(ApplicationFilterChain.java:193)
	at org.apache.catalina.core.ApplicationFilterChain.doFilter(ApplicationFilterChain.java:166)
	at org.springframework.web.filter.AbstractRequestLoggingFilter.doFilterInternal(AbstractRequestLoggingFilter.java:289)
	at org.springframework.web.filter.OncePerRequestFilter.doFilter(OncePerRequestFilter.java:119)
	at org.apache.catalina.core.ApplicationFilterChain.internalDoFilter(ApplicationFilterChain.java:193)
	at org.apache.catalina.core.ApplicationFilterChain.doFilter(ApplicationFilterChain.java:166)
	at org.springframework.web.filter.RequestContextFilter.doFilterInternal(RequestContextFilter.java:100)
	at org.springframework.web.filter.OncePerRequestFilter.doFilter(OncePerRequestFilter.java:119)
	at org.apache.catalina.core.ApplicationFilterChain.internalDoFilter(ApplicationFilterChain.java:193)
	at org.apache.catalina.core.ApplicationFilterChain.doFilter(ApplicationFilterChain.java:166)
	at org.springframework.web.filter.FormContentFilter.doFilterInternal(FormContentFilter.java:93)
	at org.springframework.web.filter.OncePerRequestFilter.doFilter(OncePerRequestFilter.java:119)
	at org.apache.catalina.core.ApplicationFilterChain.internalDoFilter(ApplicationFilterChain.java:193)
	at org.apache.catalina.core.ApplicationFilterChain.doFilter(ApplicationFilterChain.java:166)
	at org.springframework.web.filter.CharacterEncodingFilter.doFilterInternal(CharacterEncodingFilter.java:201)
	at org.springframework.web.filter.OncePerRequestFilter.doFilter(OncePerRequestFilter.java:119)
	at org.apache.catalina.core.ApplicationFilterChain.internalDoFilter(ApplicationFilterChain.java:193)
	at org.apache.catalina.core.ApplicationFilterChain.doFilter(ApplicationFilterChain.java:166)
	at org.apache.catalina.core.StandardWrapperValve.invoke(StandardWrapperValve.java:202)
	at org.apache.catalina.core.StandardContextValve.invoke(StandardContextValve.java:96)
	at org.apache.catalina.authenticator.AuthenticatorBase.invoke(AuthenticatorBase.java:526)
	at org.apache.catalina.core.StandardHostValve.invoke(StandardHostValve.java:139)
	at org.apache.catalina.valves.ErrorReportValve.invoke(ErrorReportValve.java:92)
	at org.apache.catalina.core.StandardEngineValve.invoke(StandardEngineValve.java:74)
	at org.apache.catalina.connector.CoyoteAdapter.service(CoyoteAdapter.java:343)
	at org.apache.coyote.http11.Http11Processor.service(Http11Processor.java:367)
	at org.apache.coyote.AbstractProcessorLight.process(AbstractProcessorLight.java:65)
	at org.apache.coyote.AbstractProtocol$ConnectionHandler.process(AbstractProtocol.java:860)
	at org.apache.tomcat.util.net.NioEndpoint$SocketProcessor.doRun(NioEndpoint.java:1591)
	at org.apache.tomcat.util.net.SocketProcessorBase.run(SocketProcessorBase.java:49)
	at java.util.concurrent.ThreadPoolExecutor.runWorker(ThreadPoolExecutor.java:1149)
	at java.util.concurrent.ThreadPoolExecutor$Worker.run(ThreadPoolExecutor.java:624)
	at org.apache.tomcat.util.threads.TaskThread$WrappingRunnable.run(TaskThread.java:61)
	at java.lang.Thread.run(Thread.java:748)
2020-10-07 23:03:21,515 WARN org.springframework.boot.StartupInfoLogger [main] InetAddress.getLocalHost().getHostName() took 5005 milliseconds to respond. Please verify your network configuration (macOS machines may need to add entries to /etc/hosts).
2020-10-07 23:03:26,524 INFO org.springframework.boot.StartupInfoLogger [main] Starting CrmApplication on Sridhars-MacBook-Air.local with PID 21683 (/Users/bsridharpatnaik/Documents/GitHub/Evergreen-City-Management-System/ec-crm-service/target/classes started by bsridharpatnaik in /Users/bsridharpatnaik/Documents/GitHub/Evergreen-City-Management-System/ec-crm-service)
2020-10-07 23:03:26,526 INFO org.springframework.boot.SpringApplication [main] No active profile set, falling back to default profiles: default
2020-10-07 23:03:29,122 INFO org.springframework.data.repository.config.RepositoryConfigurationDelegate [main] Bootstrapping Spring Data JPA repositories in DEFAULT mode.
2020-10-07 23:03:30,003 INFO org.springframework.data.repository.config.RepositoryConfigurationDelegate [main] Finished Spring Data repository scanning in 753ms. Found 9 JPA repository interfaces.
2020-10-07 23:03:30,470 INFO org.springframework.context.support.PostProcessorRegistrationDelegate$BeanPostProcessorChecker [main] Bean 'org.springframework.ws.config.annotation.DelegatingWsConfiguration' of type [org.springframework.ws.config.annotation.DelegatingWsConfiguration$$EnhancerBySpringCGLIB$$ff413109] is not eligible for getting processed by all BeanPostProcessors (for example: not eligible for auto-proxying)
2020-10-07 23:03:30,512 INFO org.springframework.ws.soap.addressing.server.AbstractAddressingEndpointMapping [main] Supporting [WS-Addressing August 2004, WS-Addressing 1.0]
2020-10-07 23:03:30,535 INFO org.springframework.context.support.PostProcessorRegistrationDelegate$BeanPostProcessorChecker [main] Bean 'org.springframework.transaction.annotation.ProxyTransactionManagementConfiguration' of type [org.springframework.transaction.annotation.ProxyTransactionManagementConfiguration] is not eligible for getting processed by all BeanPostProcessors (for example: not eligible for auto-proxying)
2020-10-07 23:03:31,001 INFO org.springframework.boot.web.embedded.tomcat.TomcatWebServer [main] Tomcat initialized with port(s): 8083 (http)
2020-10-07 23:03:31,012 INFO org.apache.juli.logging.DirectJDKLog [main] Initializing ProtocolHandler ["http-nio-8083"]
2020-10-07 23:03:31,013 INFO org.apache.juli.logging.DirectJDKLog [main] Starting service [Tomcat]
2020-10-07 23:03:31,014 INFO org.apache.juli.logging.DirectJDKLog [main] Starting Servlet engine: [Apache Tomcat/9.0.29]
2020-10-07 23:03:31,155 INFO org.apache.juli.logging.DirectJDKLog [main] Initializing Spring embedded WebApplicationContext
2020-10-07 23:03:31,156 INFO org.springframework.boot.web.servlet.context.ServletWebServerApplicationContext [main] Root WebApplicationContext: initialization completed in 4581 ms
2020-10-07 23:03:31,210 DEBUG org.springframework.web.filter.GenericFilterBean [main] Filter 'logFilter' configured for use
2020-10-07 23:03:31,389 INFO org.hibernate.jpa.internal.util.LogHelper [main] HHH000204: Processing PersistenceUnitInfo [name: default]
2020-10-07 23:03:31,782 INFO org.hibernate.Version [main] HHH000412: Hibernate Core {5.4.9.Final}
2020-10-07 23:03:32,036 INFO org.hibernate.annotations.common.reflection.java.JavaReflectionManager [main] HCANN000001: Hibernate Commons Annotations {5.1.0.Final}
2020-10-07 23:03:32,272 INFO com.zaxxer.hikari.HikariDataSource [main] HikariPool-1 - Starting...
2020-10-07 23:03:32,275 WARN com.zaxxer.hikari.util.DriverDataSource [main] Registered driver with driverClassName=com.mysql.jdbc.Driver was not found, trying direct instantiation.
2020-10-07 23:03:32,698 INFO com.zaxxer.hikari.HikariDataSource [main] HikariPool-1 - Start completed.
2020-10-07 23:03:32,719 INFO org.hibernate.dialect.Dialect [main] HHH000400: Using dialect: org.hibernate.dialect.MySQL5InnoDBDialect
2020-10-07 23:03:32,812 INFO org.hibernate.envers.boot.internal.EnversServiceImpl [main] Envers integration enabled? : true
2020-10-07 23:03:33,158 WARN org.hibernate.cfg.AnnotationBinder [main] HHH000491: The [lead] association in the [com.ec.crm.Model.LeadActivity] entity uses both @NotFound(action = NotFoundAction.IGNORE) and FetchType.LAZY. The NotFoundAction.IGNORE @ManyToOne and @OneToOne associations are always fetched eagerly.
2020-10-07 23:03:33,177 WARN org.hibernate.cfg.AnnotationBinder [main] HHH000491: The [lead] association in the [com.ec.crm.Model.Note] entity uses both @NotFound(action = NotFoundAction.IGNORE) and FetchType.LAZY. The NotFoundAction.IGNORE @ManyToOne and @OneToOne associations are always fetched eagerly.
2020-10-07 23:03:40,113 INFO org.hibernate.engine.transaction.jta.platform.internal.JtaPlatformInitiator [main] HHH000490: Using JtaPlatform implementation: [org.hibernate.engine.transaction.jta.platform.internal.NoJtaPlatform]
2020-10-07 23:03:40,131 INFO org.springframework.orm.jpa.AbstractEntityManagerFactoryBean [main] Initialized JPA EntityManagerFactory for persistence unit 'default'
2020-10-07 23:03:41,864 WARN org.springframework.boot.autoconfigure.orm.jpa.JpaBaseConfiguration$JpaWebConfiguration [main] spring.jpa.open-in-view is enabled by default. Therefore, database queries may be performed during view rendering. Explicitly configure spring.jpa.open-in-view to disable this warning
2020-10-07 23:03:42,087 INFO org.springframework.scheduling.concurrent.ExecutorConfigurationSupport [main] Initializing ExecutorService 'applicationTaskExecutor'
2020-10-07 23:03:42,449 INFO org.apache.juli.logging.DirectJDKLog [main] Starting ProtocolHandler ["http-nio-8083"]
2020-10-07 23:03:42,532 INFO org.springframework.boot.web.embedded.tomcat.TomcatWebServer [main] Tomcat started on port(s): 8083 (http) with context path ''
2020-10-07 23:03:42,540 INFO org.springframework.boot.StartupInfoLogger [main] Started CrmApplication in 36.78 seconds (JVM running for 43.08)
2020-10-07 23:03:52,081 INFO org.apache.juli.logging.DirectJDKLog [http-nio-8083-exec-1] Initializing Spring DispatcherServlet 'dispatcherServlet'
2020-10-07 23:03:52,086 INFO org.springframework.web.servlet.FrameworkServlet [http-nio-8083-exec-1] Initializing Servlet 'dispatcherServlet'
2020-10-07 23:03:52,130 INFO org.springframework.web.servlet.FrameworkServlet [http-nio-8083-exec-1] Completed initialization in 42 ms
2020-10-07 23:03:52,194 DEBUG org.springframework.web.filter.CommonsRequestLoggingFilter [http-nio-8083-exec-1] Before request [POST /dashboard/customerpipeline]
2020-10-07 23:03:52,676 INFO com.ec.crm.Service.DashboardService [http-nio-8083-exec-1] fromdate : Thu Oct 01 00:00:00 IST 2020 todate: Sat Oct 31 00:00:00 IST 2020
2020-10-07 23:03:53,843 INFO com.ec.crm.Service.DashboardService [http-nio-8083-exec-1] Fetching Lead Generated Stats
2020-10-07 23:03:53,862 INFO com.ec.crm.Service.UserDetailsService [http-nio-8083-exec-1] Making API Call to fetch user from ID
2020-10-07 23:03:59,923 INFO com.ec.crm.Service.UserDetailsService [http-nio-8083-exec-1] Making API Call to fetch user from ID
2020-10-07 23:04:00,162 INFO com.ec.crm.Service.UserDetailsService [http-nio-8083-exec-1] Making API Call to fetch user from ID
2020-10-07 23:04:00,349 INFO com.ec.crm.Service.UserDetailsService [http-nio-8083-exec-1] Making API Call to fetch user from ID
2020-10-07 23:04:00,513 INFO com.ec.crm.Service.UserDetailsService [http-nio-8083-exec-1] Making API Call to fetch user from ID
2020-10-07 23:04:00,699 INFO com.ec.crm.Service.UserDetailsService [http-nio-8083-exec-1] Making API Call to fetch user from ID
2020-10-07 23:04:00,867 INFO com.ec.crm.Service.UserDetailsService [http-nio-8083-exec-1] Making API Call to fetch user from ID
2020-10-07 23:04:01,058 INFO com.ec.crm.Service.UserDetailsService [http-nio-8083-exec-1] Making API Call to fetch user from ID
2020-10-07 23:04:01,243 INFO com.ec.crm.Service.UserDetailsService [http-nio-8083-exec-1] Making API Call to fetch user from ID
2020-10-07 23:04:01,420 INFO com.ec.crm.Service.UserDetailsService [http-nio-8083-exec-1] Making API Call to fetch user from ID
2020-10-07 23:04:01,590 INFO com.ec.crm.Service.UserDetailsService [http-nio-8083-exec-1] Making API Call to fetch user from ID
2020-10-07 23:04:01,760 INFO com.ec.crm.Service.UserDetailsService [http-nio-8083-exec-1] Making API Call to fetch user from ID
2020-10-07 23:04:01,945 INFO com.ec.crm.Service.UserDetailsService [http-nio-8083-exec-1] Making API Call to fetch user from ID
2020-10-07 23:04:02,146 INFO com.ec.crm.Service.UserDetailsService [http-nio-8083-exec-1] Making API Call to fetch user from ID
2020-10-07 23:04:02,323 INFO com.ec.crm.Service.UserDetailsService [http-nio-8083-exec-1] Making API Call to fetch user from ID
2020-10-07 23:04:02,489 INFO com.ec.crm.Service.UserDetailsService [http-nio-8083-exec-1] Making API Call to fetch user from ID
2020-10-07 23:04:02,654 INFO com.ec.crm.Service.UserDetailsService [http-nio-8083-exec-1] Making API Call to fetch user from ID
2020-10-07 23:04:02,812 INFO com.ec.crm.Service.UserDetailsService [http-nio-8083-exec-1] Making API Call to fetch user from ID
2020-10-07 23:04:02,975 INFO com.ec.crm.Service.UserDetailsService [http-nio-8083-exec-1] Making API Call to fetch user from ID
2020-10-07 23:04:03,359 INFO com.ec.crm.Service.UserDetailsService [http-nio-8083-exec-1] Making API Call to fetch user from ID
2020-10-07 23:04:03,696 INFO com.ec.crm.Service.UserDetailsService [http-nio-8083-exec-1] Making API Call to fetch user from ID
2020-10-07 23:04:03,874 INFO com.ec.crm.Service.UserDetailsService [http-nio-8083-exec-1] Making API Call to fetch user from ID
2020-10-07 23:04:04,063 INFO com.ec.crm.Service.UserDetailsService [http-nio-8083-exec-1] Making API Call to fetch user from ID
2020-10-07 23:04:04,253 INFO com.ec.crm.Service.UserDetailsService [http-nio-8083-exec-1] Making API Call to fetch user from ID
2020-10-07 23:04:04,446 INFO com.ec.crm.Service.UserDetailsService [http-nio-8083-exec-1] Making API Call to fetch user from ID
2020-10-07 23:04:04,630 INFO com.ec.crm.Service.UserDetailsService [http-nio-8083-exec-1] Making API Call to fetch user from ID
2020-10-07 23:04:04,807 INFO com.ec.crm.Service.UserDetailsService [http-nio-8083-exec-1] Making API Call to fetch user from ID
2020-10-07 23:04:04,973 INFO com.ec.crm.Service.UserDetailsService [http-nio-8083-exec-1] Making API Call to fetch user from ID
2020-10-07 23:04:05,188 INFO com.ec.crm.Service.UserDetailsService [http-nio-8083-exec-1] Making API Call to fetch user from ID
2020-10-07 23:04:05,413 INFO com.ec.crm.Service.UserDetailsService [http-nio-8083-exec-1] Making API Call to fetch user from ID
2020-10-07 23:04:05,592 INFO com.ec.crm.Service.UserDetailsService [http-nio-8083-exec-1] Making API Call to fetch user from ID
2020-10-07 23:04:05,997 INFO com.ec.crm.Service.UserDetailsService [http-nio-8083-exec-1] Making API Call to fetch user from ID
2020-10-07 23:04:06,161 INFO com.ec.crm.Service.UserDetailsService [http-nio-8083-exec-1] Making API Call to fetch user from ID
2020-10-07 23:04:06,343 INFO com.ec.crm.Service.UserDetailsService [http-nio-8083-exec-1] Making API Call to fetch user from ID
2020-10-07 23:04:06,519 INFO com.ec.crm.Service.DashboardService [http-nio-8083-exec-1] Fetching Activities Created Stats
2020-10-07 23:04:06,521 INFO com.ec.crm.Service.UserDetailsService [http-nio-8083-exec-1] Making API Call to fetch user from ID
2020-10-07 23:04:06,696 INFO com.ec.crm.Service.UserDetailsService [http-nio-8083-exec-1] Making API Call to fetch user from ID
2020-10-07 23:04:06,875 INFO com.ec.crm.Service.UserDetailsService [http-nio-8083-exec-1] Making API Call to fetch user from ID
2020-10-07 23:04:07,039 INFO com.ec.crm.Service.UserDetailsService [http-nio-8083-exec-1] Making API Call to fetch user from ID
2020-10-07 23:04:07,225 INFO com.ec.crm.Service.UserDetailsService [http-nio-8083-exec-1] Making API Call to fetch user from ID
2020-10-07 23:04:07,406 INFO com.ec.crm.Service.UserDetailsService [http-nio-8083-exec-1] Making API Call to fetch user from ID
2020-10-07 23:04:07,578 INFO com.ec.crm.Service.UserDetailsService [http-nio-8083-exec-1] Making API Call to fetch user from ID
2020-10-07 23:04:07,749 INFO com.ec.crm.Service.UserDetailsService [http-nio-8083-exec-1] Making API Call to fetch user from ID
2020-10-07 23:04:07,924 INFO com.ec.crm.Service.UserDetailsService [http-nio-8083-exec-1] Making API Call to fetch user from ID
2020-10-07 23:04:08,090 INFO com.ec.crm.Service.UserDetailsService [http-nio-8083-exec-1] Making API Call to fetch user from ID
2020-10-07 23:04:08,263 INFO com.ec.crm.Service.UserDetailsService [http-nio-8083-exec-1] Making API Call to fetch user from ID
2020-10-07 23:04:08,500 INFO com.ec.crm.Service.UserDetailsService [http-nio-8083-exec-1] Making API Call to fetch user from ID
2020-10-07 23:04:08,664 INFO com.ec.crm.Service.UserDetailsService [http-nio-8083-exec-1] Making API Call to fetch user from ID
2020-10-07 23:04:08,858 INFO com.ec.crm.Service.UserDetailsService [http-nio-8083-exec-1] Making API Call to fetch user from ID
2020-10-07 23:04:09,048 INFO com.ec.crm.Service.UserDetailsService [http-nio-8083-exec-1] Making API Call to fetch user from ID
2020-10-07 23:04:09,279 INFO com.ec.crm.Service.UserDetailsService [http-nio-8083-exec-1] Making API Call to fetch user from ID
2020-10-07 23:04:09,535 INFO com.ec.crm.Service.UserDetailsService [http-nio-8083-exec-1] Making API Call to fetch user from ID
2020-10-07 23:04:09,725 INFO com.ec.crm.Service.UserDetailsService [http-nio-8083-exec-1] Making API Call to fetch user from ID
2020-10-07 23:04:09,908 INFO com.ec.crm.Service.UserDetailsService [http-nio-8083-exec-1] Making API Call to fetch user from ID
2020-10-07 23:04:10,081 INFO com.ec.crm.Service.UserDetailsService [http-nio-8083-exec-1] Making API Call to fetch user from ID
2020-10-07 23:04:10,244 INFO com.ec.crm.Service.UserDetailsService [http-nio-8083-exec-1] Making API Call to fetch user from ID
2020-10-07 23:04:10,428 INFO com.ec.crm.Service.UserDetailsService [http-nio-8083-exec-1] Making API Call to fetch user from ID
2020-10-07 23:04:10,594 INFO com.ec.crm.Service.UserDetailsService [http-nio-8083-exec-1] Making API Call to fetch user from ID
2020-10-07 23:04:10,765 INFO com.ec.crm.Service.UserDetailsService [http-nio-8083-exec-1] Making API Call to fetch user from ID
2020-10-07 23:04:10,947 INFO com.ec.crm.Service.UserDetailsService [http-nio-8083-exec-1] Making API Call to fetch user from ID
2020-10-07 23:04:11,138 INFO com.ec.crm.Service.UserDetailsService [http-nio-8083-exec-1] Making API Call to fetch user from ID
2020-10-07 23:04:11,314 INFO com.ec.crm.Service.UserDetailsService [http-nio-8083-exec-1] Making API Call to fetch user from ID
2020-10-07 23:04:11,518 INFO com.ec.crm.Service.UserDetailsService [http-nio-8083-exec-1] Making API Call to fetch user from ID
2020-10-07 23:04:11,709 INFO com.ec.crm.Service.UserDetailsService [http-nio-8083-exec-1] Making API Call to fetch user from ID
2020-10-07 23:04:11,908 INFO com.ec.crm.Service.UserDetailsService [http-nio-8083-exec-1] Making API Call to fetch user from ID
2020-10-07 23:04:12,098 INFO com.ec.crm.Service.UserDetailsService [http-nio-8083-exec-1] Making API Call to fetch user from ID
2020-10-07 23:04:12,271 INFO com.ec.crm.Service.UserDetailsService [http-nio-8083-exec-1] Making API Call to fetch user from ID
2020-10-07 23:04:12,439 INFO com.ec.crm.Service.UserDetailsService [http-nio-8083-exec-1] Making API Call to fetch user from ID
2020-10-07 23:04:12,607 INFO com.ec.crm.Service.UserDetailsService [http-nio-8083-exec-1] Making API Call to fetch user from ID
2020-10-07 23:04:12,780 INFO com.ec.crm.Service.UserDetailsService [http-nio-8083-exec-1] Making API Call to fetch user from ID
2020-10-07 23:04:12,961 INFO com.ec.crm.Service.UserDetailsService [http-nio-8083-exec-1] Making API Call to fetch user from ID
2020-10-07 23:04:13,148 INFO com.ec.crm.Service.UserDetailsService [http-nio-8083-exec-1] Making API Call to fetch user from ID
2020-10-07 23:04:13,463 INFO com.ec.crm.Service.UserDetailsService [http-nio-8083-exec-1] Making API Call to fetch user from ID
2020-10-07 23:04:13,644 INFO com.ec.crm.Service.UserDetailsService [http-nio-8083-exec-1] Making API Call to fetch user from ID
2020-10-07 23:04:13,814 INFO com.ec.crm.Service.UserDetailsService [http-nio-8083-exec-1] Making API Call to fetch user from ID
2020-10-07 23:04:14,223 INFO com.ec.crm.Service.UserDetailsService [http-nio-8083-exec-1] Making API Call to fetch user from ID
2020-10-07 23:04:14,382 INFO com.ec.crm.Service.UserDetailsService [http-nio-8083-exec-1] Making API Call to fetch user from ID
2020-10-07 23:04:14,559 INFO com.ec.crm.Service.UserDetailsService [http-nio-8083-exec-1] Making API Call to fetch user from ID
2020-10-07 23:04:14,764 INFO com.ec.crm.Service.UserDetailsService [http-nio-8083-exec-1] Making API Call to fetch user from ID
2020-10-07 23:04:14,965 INFO com.ec.crm.Service.UserDetailsService [http-nio-8083-exec-1] Making API Call to fetch user from ID
2020-10-07 23:04:15,141 INFO com.ec.crm.Service.UserDetailsService [http-nio-8083-exec-1] Making API Call to fetch user from ID
2020-10-07 23:04:15,350 INFO com.ec.crm.Service.UserDetailsService [http-nio-8083-exec-1] Making API Call to fetch user from ID
2020-10-07 23:04:15,528 INFO com.ec.crm.Service.UserDetailsService [http-nio-8083-exec-1] Making API Call to fetch user from ID
2020-10-07 23:04:15,713 INFO com.ec.crm.Service.UserDetailsService [http-nio-8083-exec-1] Making API Call to fetch user from ID
2020-10-07 23:04:15,947 INFO com.ec.crm.Service.UserDetailsService [http-nio-8083-exec-1] Making API Call to fetch user from ID
2020-10-07 23:04:16,132 INFO com.ec.crm.Service.UserDetailsService [http-nio-8083-exec-1] Making API Call to fetch user from ID
2020-10-07 23:04:16,357 INFO com.ec.crm.Service.UserDetailsService [http-nio-8083-exec-1] Making API Call to fetch user from ID
2020-10-07 23:04:16,555 INFO com.ec.crm.Service.UserDetailsService [http-nio-8083-exec-1] Making API Call to fetch user from ID
2020-10-07 23:04:16,721 INFO com.ec.crm.Service.UserDetailsService [http-nio-8083-exec-1] Making API Call to fetch user from ID
2020-10-07 23:04:17,028 INFO com.ec.crm.Service.UserDetailsService [http-nio-8083-exec-1] Making API Call to fetch user from ID
2020-10-07 23:04:17,223 INFO com.ec.crm.Service.UserDetailsService [http-nio-8083-exec-1] Making API Call to fetch user from ID
2020-10-07 23:04:17,406 INFO com.ec.crm.Service.UserDetailsService [http-nio-8083-exec-1] Making API Call to fetch user from ID
2020-10-07 23:04:17,580 INFO com.ec.crm.Service.UserDetailsService [http-nio-8083-exec-1] Making API Call to fetch user from ID
2020-10-07 23:04:17,743 INFO com.ec.crm.Service.UserDetailsService [http-nio-8083-exec-1] Making API Call to fetch user from ID
2020-10-07 23:04:17,913 INFO com.ec.crm.Service.UserDetailsService [http-nio-8083-exec-1] Making API Call to fetch user from ID
2020-10-07 23:04:18,110 INFO com.ec.crm.Service.UserDetailsService [http-nio-8083-exec-1] Making API Call to fetch user from ID
2020-10-07 23:04:18,273 INFO com.ec.crm.Service.UserDetailsService [http-nio-8083-exec-1] Making API Call to fetch user from ID
2020-10-07 23:04:18,438 INFO com.ec.crm.Service.UserDetailsService [http-nio-8083-exec-1] Making API Call to fetch user from ID
2020-10-07 23:04:18,596 INFO com.ec.crm.Service.DashboardService [http-nio-8083-exec-1] Fetching Property Visit Stats
2020-10-07 23:04:18,597 INFO com.ec.crm.Service.UserDetailsService [http-nio-8083-exec-1] Making API Call to fetch user from ID
2020-10-07 23:04:18,777 INFO com.ec.crm.Service.UserDetailsService [http-nio-8083-exec-1] Making API Call to fetch user from ID
2020-10-07 23:04:18,942 INFO com.ec.crm.Service.UserDetailsService [http-nio-8083-exec-1] Making API Call to fetch user from ID
2020-10-07 23:04:19,140 INFO com.ec.crm.Service.UserDetailsService [http-nio-8083-exec-1] Making API Call to fetch user from ID
2020-10-07 23:04:19,356 INFO com.ec.crm.Service.UserDetailsService [http-nio-8083-exec-1] Making API Call to fetch user from ID
2020-10-07 23:04:19,521 INFO com.ec.crm.Service.UserDetailsService [http-nio-8083-exec-1] Making API Call to fetch user from ID
2020-10-07 23:04:19,690 INFO com.ec.crm.Service.UserDetailsService [http-nio-8083-exec-1] Making API Call to fetch user from ID
2020-10-07 23:04:19,862 INFO com.ec.crm.Service.UserDetailsService [http-nio-8083-exec-1] Making API Call to fetch user from ID
2020-10-07 23:04:20,027 INFO com.ec.crm.Service.UserDetailsService [http-nio-8083-exec-1] Making API Call to fetch user from ID
2020-10-07 23:04:20,184 INFO com.ec.crm.Service.UserDetailsService [http-nio-8083-exec-1] Making API Call to fetch user from ID
2020-10-07 23:04:20,341 INFO com.ec.crm.Service.UserDetailsService [http-nio-8083-exec-1] Making API Call to fetch user from ID
2020-10-07 23:04:20,524 INFO com.ec.crm.Service.UserDetailsService [http-nio-8083-exec-1] Making API Call to fetch user from ID
2020-10-07 23:04:20,691 INFO com.ec.crm.Service.DashboardService [http-nio-8083-exec-1] Fetching Deal close Stats
2020-10-07 23:04:20,693 INFO com.ec.crm.Service.UserDetailsService [http-nio-8083-exec-1] Making API Call to fetch user from ID
2020-10-07 23:04:20,858 INFO com.ec.crm.Service.UserDetailsService [http-nio-8083-exec-1] Making API Call to fetch user from ID
2020-10-07 23:04:21,023 INFO com.ec.crm.Service.UserDetailsService [http-nio-8083-exec-1] Making API Call to fetch user from ID
2020-10-07 23:04:21,417 INFO com.ec.crm.Service.UserDetailsService [http-nio-8083-exec-1] Making API Call to fetch user from ID
2020-10-07 23:04:21,579 INFO com.ec.crm.Service.DashboardService [http-nio-8083-exec-1] Fetching deal lost Stats
2020-10-07 23:04:21,581 INFO com.ec.crm.Service.UserDetailsService [http-nio-8083-exec-1] Making API Call to fetch user from ID
2020-10-07 23:04:21,759 INFO com.ec.crm.Service.UserDetailsService [http-nio-8083-exec-1] Making API Call to fetch user from ID
2020-10-07 23:04:21,931 INFO com.ec.crm.Service.DashboardService [http-nio-8083-exec-1] Fetching today's activities Stats
2020-10-07 23:04:21,933 INFO com.ec.crm.Service.UserDetailsService [http-nio-8083-exec-1] Making API Call to fetch user from ID
2020-10-07 23:04:22,108 INFO com.ec.crm.Service.UserDetailsService [http-nio-8083-exec-1] Making API Call to fetch user from ID
2020-10-07 23:04:22,290 INFO com.ec.crm.Service.UserDetailsService [http-nio-8083-exec-1] Making API Call to fetch user from ID
2020-10-07 23:04:22,457 INFO com.ec.crm.Service.UserDetailsService [http-nio-8083-exec-1] Making API Call to fetch user from ID
2020-10-07 23:04:22,631 INFO com.ec.crm.Service.UserDetailsService [http-nio-8083-exec-1] Making API Call to fetch user from ID
2020-10-07 23:04:22,808 INFO com.ec.crm.Service.UserDetailsService [http-nio-8083-exec-1] Making API Call to fetch user from ID
2020-10-07 23:04:22,977 INFO com.ec.crm.Service.UserDetailsService [http-nio-8083-exec-1] Making API Call to fetch user from ID
2020-10-07 23:04:23,141 INFO com.ec.crm.Service.UserDetailsService [http-nio-8083-exec-1] Making API Call to fetch user from ID
2020-10-07 23:04:23,321 INFO com.ec.crm.Service.UserDetailsService [http-nio-8083-exec-1] Making API Call to fetch user from ID
2020-10-07 23:04:23,494 INFO com.ec.crm.Service.UserDetailsService [http-nio-8083-exec-1] Making API Call to fetch user from ID
2020-10-07 23:04:23,659 INFO com.ec.crm.Service.UserDetailsService [http-nio-8083-exec-1] Making API Call to fetch user from ID
2020-10-07 23:04:23,847 INFO com.ec.crm.Service.UserDetailsService [http-nio-8083-exec-1] Making API Call to fetch user from ID
2020-10-07 23:04:24,024 INFO com.ec.crm.Service.UserDetailsService [http-nio-8083-exec-1] Making API Call to fetch user from ID
2020-10-07 23:04:24,411 INFO com.ec.crm.Service.UserDetailsService [http-nio-8083-exec-1] Making API Call to fetch user from ID
2020-10-07 23:04:24,575 INFO com.ec.crm.Service.UserDetailsService [http-nio-8083-exec-1] Making API Call to fetch user from ID
2020-10-07 23:04:24,810 INFO com.ec.crm.Service.UserDetailsService [http-nio-8083-exec-1] Making API Call to fetch user from ID
2020-10-07 23:04:24,976 INFO com.ec.crm.Service.UserDetailsService [http-nio-8083-exec-1] Making API Call to fetch user from ID
2020-10-07 23:04:25,160 INFO com.ec.crm.Service.UserDetailsService [http-nio-8083-exec-1] Making API Call to fetch user from ID
2020-10-07 23:04:25,332 INFO com.ec.crm.Service.UserDetailsService [http-nio-8083-exec-1] Making API Call to fetch user from ID
2020-10-07 23:04:25,510 INFO com.ec.crm.Service.UserDetailsService [http-nio-8083-exec-1] Making API Call to fetch user from ID
2020-10-07 23:04:25,687 INFO com.ec.crm.Service.UserDetailsService [http-nio-8083-exec-1] Making API Call to fetch user from ID
2020-10-07 23:04:25,945 INFO com.ec.crm.Service.UserDetailsService [http-nio-8083-exec-1] Making API Call to fetch user from ID
2020-10-07 23:04:26,181 INFO com.ec.crm.Service.UserDetailsService [http-nio-8083-exec-1] Making API Call to fetch user from ID
2020-10-07 23:04:26,345 INFO com.ec.crm.Service.UserDetailsService [http-nio-8083-exec-1] Making API Call to fetch user from ID
2020-10-07 23:04:26,539 INFO com.ec.crm.Service.UserDetailsService [http-nio-8083-exec-1] Making API Call to fetch user from ID
2020-10-07 23:04:26,705 INFO com.ec.crm.Service.UserDetailsService [http-nio-8083-exec-1] Making API Call to fetch user from ID
2020-10-07 23:04:26,951 INFO com.ec.crm.Service.UserDetailsService [http-nio-8083-exec-1] Making API Call to fetch user from ID
2020-10-07 23:04:27,259 INFO com.ec.crm.Service.UserDetailsService [http-nio-8083-exec-1] Making API Call to fetch user from ID
2020-10-07 23:04:27,484 INFO com.ec.crm.Service.UserDetailsService [http-nio-8083-exec-1] Making API Call to fetch user from ID
2020-10-07 23:04:27,703 INFO com.ec.crm.Service.UserDetailsService [http-nio-8083-exec-1] Making API Call to fetch user from ID
2020-10-07 23:04:27,895 INFO com.ec.crm.Service.UserDetailsService [http-nio-8083-exec-1] Making API Call to fetch user from ID
2020-10-07 23:04:28,069 INFO com.ec.crm.Service.UserDetailsService [http-nio-8083-exec-1] Making API Call to fetch user from ID
2020-10-07 23:04:28,241 INFO com.ec.crm.Service.UserDetailsService [http-nio-8083-exec-1] Making API Call to fetch user from ID
2020-10-07 23:04:28,463 INFO com.ec.crm.Service.UserDetailsService [http-nio-8083-exec-1] Making API Call to fetch user from ID
2020-10-07 23:04:28,629 INFO com.ec.crm.Service.UserDetailsService [http-nio-8083-exec-1] Making API Call to fetch user from ID
2020-10-07 23:04:28,806 INFO com.ec.crm.Service.UserDetailsService [http-nio-8083-exec-1] Making API Call to fetch user from ID
2020-10-07 23:04:28,979 INFO com.ec.crm.Service.UserDetailsService [http-nio-8083-exec-1] Making API Call to fetch user from ID
2020-10-07 23:04:29,364 INFO com.ec.crm.Service.UserDetailsService [http-nio-8083-exec-1] Making API Call to fetch user from ID
2020-10-07 23:04:29,546 INFO com.ec.crm.Service.DashboardService [http-nio-8083-exec-1] Fetching pending activities Stats
2020-10-07 23:04:29,549 INFO com.ec.crm.Service.UserDetailsService [http-nio-8083-exec-1] Making API Call to fetch user from ID
2020-10-07 23:04:29,737 INFO com.ec.crm.Service.UserDetailsService [http-nio-8083-exec-1] Making API Call to fetch user from ID
2020-10-07 23:04:29,914 INFO com.ec.crm.Service.UserDetailsService [http-nio-8083-exec-1] Making API Call to fetch user from ID
2020-10-07 23:04:30,110 INFO com.ec.crm.Service.UserDetailsService [http-nio-8083-exec-1] Making API Call to fetch user from ID
2020-10-07 23:04:30,332 INFO com.ec.crm.Service.UserDetailsService [http-nio-8083-exec-1] Making API Call to fetch user from ID
2020-10-07 23:04:30,514 INFO com.ec.crm.Service.UserDetailsService [http-nio-8083-exec-1] Making API Call to fetch user from ID
2020-10-07 23:04:30,702 INFO com.ec.crm.Service.UserDetailsService [http-nio-8083-exec-1] Making API Call to fetch user from ID
2020-10-07 23:04:30,882 INFO com.ec.crm.Service.UserDetailsService [http-nio-8083-exec-1] Making API Call to fetch user from ID
2020-10-07 23:04:31,060 INFO com.ec.crm.Service.UserDetailsService [http-nio-8083-exec-1] Making API Call to fetch user from ID
2020-10-07 23:04:31,249 INFO com.ec.crm.Service.UserDetailsService [http-nio-8083-exec-1] Making API Call to fetch user from ID
2020-10-07 23:04:31,438 INFO com.ec.crm.Service.UserDetailsService [http-nio-8083-exec-1] Making API Call to fetch user from ID
2020-10-07 23:04:31,627 INFO com.ec.crm.Service.UserDetailsService [http-nio-8083-exec-1] Making API Call to fetch user from ID
2020-10-07 23:04:31,790 INFO com.ec.crm.Service.UserDetailsService [http-nio-8083-exec-1] Making API Call to fetch user from ID
2020-10-07 23:04:31,964 INFO com.ec.crm.Service.UserDetailsService [http-nio-8083-exec-1] Making API Call to fetch user from ID
2020-10-07 23:04:32,138 INFO com.ec.crm.Service.UserDetailsService [http-nio-8083-exec-1] Making API Call to fetch user from ID
2020-10-07 23:04:32,324 INFO com.ec.crm.Service.UserDetailsService [http-nio-8083-exec-1] Making API Call to fetch user from ID
2020-10-07 23:04:32,544 INFO com.ec.crm.Service.UserDetailsService [http-nio-8083-exec-1] Making API Call to fetch user from ID
2020-10-07 23:04:32,716 INFO com.ec.crm.Service.UserDetailsService [http-nio-8083-exec-1] Making API Call to fetch user from ID
2020-10-07 23:04:32,916 INFO com.ec.crm.Service.UserDetailsService [http-nio-8083-exec-1] Making API Call to fetch user from ID
2020-10-07 23:04:33,103 INFO com.ec.crm.Service.UserDetailsService [http-nio-8083-exec-1] Making API Call to fetch user from ID
2020-10-07 23:04:33,325 INFO com.ec.crm.Service.UserDetailsService [http-nio-8083-exec-1] Making API Call to fetch user from ID
2020-10-07 23:04:33,674 INFO com.ec.crm.Service.UserDetailsService [http-nio-8083-exec-1] Making API Call to fetch user from ID
2020-10-07 23:04:33,836 INFO com.ec.crm.Service.UserDetailsService [http-nio-8083-exec-1] Making API Call to fetch user from ID
2020-10-07 23:04:33,996 INFO com.ec.crm.Service.UserDetailsService [http-nio-8083-exec-1] Making API Call to fetch user from ID
2020-10-07 23:04:34,264 INFO com.ec.crm.Service.UserDetailsService [http-nio-8083-exec-1] Making API Call to fetch user from ID
2020-10-07 23:04:34,424 INFO com.ec.crm.Service.UserDetailsService [http-nio-8083-exec-1] Making API Call to fetch user from ID
2020-10-07 23:04:34,614 INFO com.ec.crm.Service.UserDetailsService [http-nio-8083-exec-1] Making API Call to fetch user from ID
2020-10-07 23:04:34,808 INFO com.ec.crm.Service.UserDetailsService [http-nio-8083-exec-1] Making API Call to fetch user from ID
2020-10-07 23:04:34,968 INFO com.ec.crm.Service.UserDetailsService [http-nio-8083-exec-1] Making API Call to fetch user from ID
2020-10-07 23:04:35,127 INFO com.ec.crm.Service.UserDetailsService [http-nio-8083-exec-1] Making API Call to fetch user from ID
2020-10-07 23:04:35,315 INFO com.ec.crm.Service.UserDetailsService [http-nio-8083-exec-1] Making API Call to fetch user from ID
2020-10-07 23:04:35,482 INFO com.ec.crm.Service.UserDetailsService [http-nio-8083-exec-1] Making API Call to fetch user from ID
2020-10-07 23:04:35,651 INFO com.ec.crm.Service.UserDetailsService [http-nio-8083-exec-1] Making API Call to fetch user from ID
2020-10-07 23:04:35,827 INFO com.ec.crm.Service.UserDetailsService [http-nio-8083-exec-1] Making API Call to fetch user from ID
2020-10-07 23:04:35,990 INFO com.ec.crm.Service.UserDetailsService [http-nio-8083-exec-1] Making API Call to fetch user from ID
2020-10-07 23:04:36,199 INFO com.ec.crm.Service.UserDetailsService [http-nio-8083-exec-1] Making API Call to fetch user from ID
2020-10-07 23:04:36,363 INFO com.ec.crm.Service.DashboardService [http-nio-8083-exec-1] Fetching upcoming activities Stats
2020-10-07 23:04:36,365 INFO com.ec.crm.Service.UserDetailsService [http-nio-8083-exec-1] Making API Call to fetch user from ID
2020-10-07 23:04:36,570 INFO com.ec.crm.Service.UserDetailsService [http-nio-8083-exec-1] Making API Call to fetch user from ID
2020-10-07 23:04:36,958 DEBUG org.springframework.web.filter.CommonsRequestLoggingFilter [http-nio-8083-exec-1] REQUEST DATA : POST /dashboard/customerpipeline, payload={"fromDate":"2020-10-01","toDate":"2020-10-31"}]
