2020-11-30 20:21:19,376 WARN org.springframework.boot.StartupInfoLogger [main] InetAddress.getLocalHost().getHostName() took 5003 milliseconds to respond. Please verify your network configuration (macOS machines may need to add entries to /etc/hosts).
2020-11-30 20:21:24,388 INFO org.springframework.boot.StartupInfoLogger [main] Starting CrmApplication on Sridhars-MacBook-Air.local with PID 58206 (/Users/bsridharpatnaik/Documents/GitHub/Evergreen-City-Management-System/ec-crm-service/target/classes started by bsridharpatnaik in /Users/bsridharpatnaik/Documents/GitHub/Evergreen-City-Management-System/ec-crm-service)
2020-11-30 20:21:24,390 INFO org.springframework.boot.SpringApplication [main] No active profile set, falling back to default profiles: default
2020-11-30 20:21:26,195 INFO org.springframework.data.repository.config.RepositoryConfigurationDelegate [main] Bootstrapping Spring Data JPA repositories in DEFAULT mode.
2020-11-30 20:21:26,491 INFO org.springframework.data.repository.config.RepositoryConfigurationDelegate [main] Finished Spring Data repository scanning in 270ms. Found 14 JPA repository interfaces.
2020-11-30 20:21:27,370 INFO org.springframework.context.support.PostProcessorRegistrationDelegate$BeanPostProcessorChecker [main] Bean 'org.springframework.ws.config.annotation.DelegatingWsConfiguration' of type [org.springframework.ws.config.annotation.DelegatingWsConfiguration$$EnhancerBySpringCGLIB$$afd74ccc] is not eligible for getting processed by all BeanPostProcessors (for example: not eligible for auto-proxying)
2020-11-30 20:21:27,428 INFO org.springframework.ws.soap.addressing.server.AbstractAddressingEndpointMapping [main] Supporting [WS-Addressing August 2004, WS-Addressing 1.0]
2020-11-30 20:21:27,455 INFO org.springframework.context.support.PostProcessorRegistrationDelegate$BeanPostProcessorChecker [main] Bean 'org.springframework.transaction.annotation.ProxyTransactionManagementConfiguration' of type [org.springframework.transaction.annotation.ProxyTransactionManagementConfiguration] is not eligible for getting processed by all BeanPostProcessors (for example: not eligible for auto-proxying)
2020-11-30 20:21:28,233 INFO org.springframework.boot.web.embedded.tomcat.TomcatWebServer [main] Tomcat initialized with port(s): 8083 (http)
2020-11-30 20:21:28,259 INFO org.apache.juli.logging.DirectJDKLog [main] Initializing ProtocolHandler ["http-nio-8083"]
2020-11-30 20:21:28,261 INFO org.apache.juli.logging.DirectJDKLog [main] Starting service [Tomcat]
2020-11-30 20:21:28,261 INFO org.apache.juli.logging.DirectJDKLog [main] Starting Servlet engine: [Apache Tomcat/9.0.29]
2020-11-30 20:21:28,689 INFO org.apache.juli.logging.DirectJDKLog [main] Initializing Spring embedded WebApplicationContext
2020-11-30 20:21:28,690 INFO org.springframework.boot.web.servlet.context.ServletWebServerApplicationContext [main] Root WebApplicationContext: initialization completed in 4157 ms
2020-11-30 20:21:28,798 DEBUG org.springframework.web.filter.GenericFilterBean [main] Filter 'logFilter' configured for use
2020-11-30 20:21:29,129 INFO org.hibernate.jpa.internal.util.LogHelper [main] HHH000204: Processing PersistenceUnitInfo [name: default]
2020-11-30 20:21:29,641 INFO org.hibernate.Version [main] HHH000412: Hibernate Core {5.4.9.Final}
2020-11-30 20:21:30,118 INFO org.hibernate.annotations.common.reflection.java.JavaReflectionManager [main] HCANN000001: Hibernate Commons Annotations {5.1.0.Final}
2020-11-30 20:21:30,381 INFO com.zaxxer.hikari.HikariDataSource [main] HikariPool-1 - Starting...
2020-11-30 20:21:30,384 WARN com.zaxxer.hikari.util.DriverDataSource [main] Registered driver with driverClassName=com.mysql.jdbc.Driver was not found, trying direct instantiation.
2020-11-30 20:21:32,919 INFO com.zaxxer.hikari.HikariDataSource [main] HikariPool-1 - Start completed.
2020-11-30 20:21:32,955 INFO org.hibernate.dialect.Dialect [main] HHH000400: Using dialect: org.hibernate.dialect.MySQL5InnoDBDialect
2020-11-30 20:21:33,121 INFO org.hibernate.envers.boot.internal.EnversServiceImpl [main] Envers integration enabled? : true
2020-11-30 20:21:33,480 WARN org.hibernate.cfg.AnnotationBinder [main] HHH000491: The [lead] association in the [com.ec.crm.Model.LeadActivity] entity uses both @NotFound(action = NotFoundAction.IGNORE) and FetchType.LAZY. The NotFoundAction.IGNORE @ManyToOne and @OneToOne associations are always fetched eagerly.
2020-11-30 20:21:33,505 WARN org.hibernate.cfg.AnnotationBinder [main] HHH000491: The [leadActivity] association in the [com.ec.crm.Model.LeadActivityNotificationHistory] entity uses both @NotFound(action = NotFoundAction.IGNORE) and FetchType.LAZY. The NotFoundAction.IGNORE @ManyToOne and @OneToOne associations are always fetched eagerly.
2020-11-30 20:21:33,515 WARN org.hibernate.cfg.AnnotationBinder [main] HHH000491: The [lead] association in the [com.ec.crm.Model.Note] entity uses both @NotFound(action = NotFoundAction.IGNORE) and FetchType.LAZY. The NotFoundAction.IGNORE @ManyToOne and @OneToOne associations are always fetched eagerly.
2020-11-30 20:22:07,282 INFO org.hibernate.engine.transaction.jta.platform.internal.JtaPlatformInitiator [main] HHH000490: Using JtaPlatform implementation: [org.hibernate.engine.transaction.jta.platform.internal.NoJtaPlatform]
2020-11-30 20:22:07,295 INFO org.springframework.orm.jpa.AbstractEntityManagerFactoryBean [main] Initialized JPA EntityManagerFactory for persistence unit 'default'
2020-11-30 20:22:09,568 WARN org.springframework.context.support.AbstractApplicationContext [main] Exception encountered during context initialization - cancelling refresh attempt: org.springframework.beans.factory.UnsatisfiedDependencyException: Error creating bean with name 'crmApplication': Unsatisfied dependency expressed through field 'leadActivityService'; nested exception is org.springframework.beans.factory.UnsatisfiedDependencyException: Error creating bean with name 'leadActivityService': Unsatisfied dependency expressed through field 'laMapper'; nested exception is org.springframework.beans.factory.NoSuchBeanDefinitionException: No qualifying bean of type 'com.ec.crm.Mapper.LeadActivityMapper' available: expected at least 1 bean which qualifies as autowire candidate. Dependency annotations: {@org.springframework.beans.factory.annotation.Autowired(required=true)}
2020-11-30 20:22:09,569 INFO org.springframework.orm.jpa.AbstractEntityManagerFactoryBean [main] Closing JPA EntityManagerFactory for persistence unit 'default'
2020-11-30 20:22:09,618 INFO com.zaxxer.hikari.HikariDataSource [main] HikariPool-1 - Shutdown initiated...
2020-11-30 20:22:09,631 INFO com.zaxxer.hikari.HikariDataSource [main] HikariPool-1 - Shutdown completed.
2020-11-30 20:22:09,641 INFO org.apache.juli.logging.DirectJDKLog [main] Stopping service [Tomcat]
2020-11-30 20:22:09,663 INFO org.springframework.boot.autoconfigure.logging.ConditionEvaluationReportLoggingListener [main] 

Error starting ApplicationContext. To display the conditions report re-run your application with 'debug' enabled.
2020-11-30 20:22:09,878 ERROR org.springframework.boot.diagnostics.LoggingFailureAnalysisReporter [main] 

***************************
APPLICATION FAILED TO START
***************************

Description:

Field laMapper in com.ec.crm.Service.LeadActivityService required a bean of type 'com.ec.crm.Mapper.LeadActivityMapper' that could not be found.

The injection point has the following annotations:
	- @org.springframework.beans.factory.annotation.Autowired(required=true)


Action:

Consider defining a bean of type 'com.ec.crm.Mapper.LeadActivityMapper' in your configuration.

2020-11-30 20:33:10,043 WARN org.springframework.boot.StartupInfoLogger [main] InetAddress.getLocalHost().getHostName() took 5007 milliseconds to respond. Please verify your network configuration (macOS machines may need to add entries to /etc/hosts).
2020-11-30 20:33:15,057 INFO org.springframework.boot.StartupInfoLogger [main] Starting CrmApplication on Sridhars-MacBook-Air.local with PID 58529 (/Users/bsridharpatnaik/Documents/GitHub/Evergreen-City-Management-System/ec-crm-service/target/classes started by bsridharpatnaik in /Users/bsridharpatnaik/Documents/GitHub/Evergreen-City-Management-System/ec-crm-service)
2020-11-30 20:33:15,060 INFO org.springframework.boot.SpringApplication [main] No active profile set, falling back to default profiles: default
2020-11-30 20:33:16,304 INFO org.springframework.data.repository.config.RepositoryConfigurationDelegate [main] Bootstrapping Spring Data JPA repositories in DEFAULT mode.
2020-11-30 20:33:16,480 INFO org.springframework.data.repository.config.RepositoryConfigurationDelegate [main] Finished Spring Data repository scanning in 163ms. Found 14 JPA repository interfaces.
2020-11-30 20:33:16,775 INFO org.springframework.context.support.PostProcessorRegistrationDelegate$BeanPostProcessorChecker [main] Bean 'org.springframework.ws.config.annotation.DelegatingWsConfiguration' of type [org.springframework.ws.config.annotation.DelegatingWsConfiguration$$EnhancerBySpringCGLIB$$d1c720eb] is not eligible for getting processed by all BeanPostProcessors (for example: not eligible for auto-proxying)
2020-11-30 20:33:16,802 INFO org.springframework.ws.soap.addressing.server.AbstractAddressingEndpointMapping [main] Supporting [WS-Addressing August 2004, WS-Addressing 1.0]
2020-11-30 20:33:16,819 INFO org.springframework.context.support.PostProcessorRegistrationDelegate$BeanPostProcessorChecker [main] Bean 'org.springframework.transaction.annotation.ProxyTransactionManagementConfiguration' of type [org.springframework.transaction.annotation.ProxyTransactionManagementConfiguration] is not eligible for getting processed by all BeanPostProcessors (for example: not eligible for auto-proxying)
2020-11-30 20:33:17,083 INFO org.springframework.boot.web.embedded.tomcat.TomcatWebServer [main] Tomcat initialized with port(s): 8083 (http)
2020-11-30 20:33:17,093 INFO org.apache.juli.logging.DirectJDKLog [main] Initializing ProtocolHandler ["http-nio-8083"]
2020-11-30 20:33:17,094 INFO org.apache.juli.logging.DirectJDKLog [main] Starting service [Tomcat]
2020-11-30 20:33:17,094 INFO org.apache.juli.logging.DirectJDKLog [main] Starting Servlet engine: [Apache Tomcat/9.0.29]
2020-11-30 20:33:17,246 INFO org.apache.juli.logging.DirectJDKLog [main] Initializing Spring embedded WebApplicationContext
2020-11-30 20:33:17,247 INFO org.springframework.boot.web.servlet.context.ServletWebServerApplicationContext [main] Root WebApplicationContext: initialization completed in 2081 ms
2020-11-30 20:33:17,296 DEBUG org.springframework.web.filter.GenericFilterBean [main] Filter 'logFilter' configured for use
2020-11-30 20:33:17,453 INFO org.hibernate.jpa.internal.util.LogHelper [main] HHH000204: Processing PersistenceUnitInfo [name: default]
2020-11-30 20:33:17,687 INFO org.hibernate.Version [main] HHH000412: Hibernate Core {5.4.9.Final}
2020-11-30 20:33:17,838 INFO org.hibernate.annotations.common.reflection.java.JavaReflectionManager [main] HCANN000001: Hibernate Commons Annotations {5.1.0.Final}
2020-11-30 20:33:17,934 INFO com.zaxxer.hikari.HikariDataSource [main] HikariPool-1 - Starting...
2020-11-30 20:33:17,936 WARN com.zaxxer.hikari.util.DriverDataSource [main] Registered driver with driverClassName=com.mysql.jdbc.Driver was not found, trying direct instantiation.
2020-11-30 20:33:18,556 INFO com.zaxxer.hikari.HikariDataSource [main] HikariPool-1 - Start completed.
2020-11-30 20:33:18,570 INFO org.hibernate.dialect.Dialect [main] HHH000400: Using dialect: org.hibernate.dialect.MySQL5InnoDBDialect
2020-11-30 20:33:18,638 INFO org.hibernate.envers.boot.internal.EnversServiceImpl [main] Envers integration enabled? : true
2020-11-30 20:33:18,797 WARN org.hibernate.cfg.AnnotationBinder [main] HHH000491: The [lead] association in the [com.ec.crm.Model.LeadActivity] entity uses both @NotFound(action = NotFoundAction.IGNORE) and FetchType.LAZY. The NotFoundAction.IGNORE @ManyToOne and @OneToOne associations are always fetched eagerly.
2020-11-30 20:33:18,810 WARN org.hibernate.cfg.AnnotationBinder [main] HHH000491: The [leadActivity] association in the [com.ec.crm.Model.LeadActivityNotificationHistory] entity uses both @NotFound(action = NotFoundAction.IGNORE) and FetchType.LAZY. The NotFoundAction.IGNORE @ManyToOne and @OneToOne associations are always fetched eagerly.
2020-11-30 20:33:18,816 WARN org.hibernate.cfg.AnnotationBinder [main] HHH000491: The [lead] association in the [com.ec.crm.Model.Note] entity uses both @NotFound(action = NotFoundAction.IGNORE) and FetchType.LAZY. The NotFoundAction.IGNORE @ManyToOne and @OneToOne associations are always fetched eagerly.
2020-11-30 20:33:32,146 INFO org.hibernate.engine.transaction.jta.platform.internal.JtaPlatformInitiator [main] HHH000490: Using JtaPlatform implementation: [org.hibernate.engine.transaction.jta.platform.internal.NoJtaPlatform]
2020-11-30 20:33:32,165 INFO org.springframework.orm.jpa.AbstractEntityManagerFactoryBean [main] Initialized JPA EntityManagerFactory for persistence unit 'default'
2020-11-30 20:33:35,967 WARN org.springframework.boot.autoconfigure.orm.jpa.JpaBaseConfiguration$JpaWebConfiguration [main] spring.jpa.open-in-view is enabled by default. Therefore, database queries may be performed during view rendering. Explicitly configure spring.jpa.open-in-view to disable this warning
2020-11-30 20:33:36,443 INFO org.springframework.scheduling.concurrent.ExecutorConfigurationSupport [main] Initializing ExecutorService 'applicationTaskExecutor'
2020-11-30 20:33:37,487 INFO org.springframework.scheduling.concurrent.ExecutorConfigurationSupport [main] Initializing ExecutorService 'taskScheduler'
2020-11-30 20:33:37,592 INFO org.apache.juli.logging.DirectJDKLog [main] Starting ProtocolHandler ["http-nio-8083"]
2020-11-30 20:33:37,666 INFO org.springframework.boot.web.embedded.tomcat.TomcatWebServer [main] Tomcat started on port(s): 8083 (http) with context path ''
2020-11-30 20:33:37,677 INFO org.springframework.boot.StartupInfoLogger [main] Started CrmApplication in 43.17 seconds (JVM running for 49.168)
2020-11-30 20:33:37,731 INFO com.ec.crm.Service.SendCRMNotificationsService [scheduling-1] No upcoming activities.
2020-11-30 20:34:37,824 INFO com.ec.crm.Service.SendCRMNotificationsService [scheduling-1] No upcoming activities.
2020-11-30 20:35:37,917 INFO com.ec.crm.Service.SendCRMNotificationsService [scheduling-1] No upcoming activities.
2020-11-30 20:36:38,014 INFO com.ec.crm.Service.SendCRMNotificationsService [scheduling-1] No upcoming activities.
2020-11-30 20:37:38,109 INFO com.ec.crm.Service.SendCRMNotificationsService [scheduling-1] No upcoming activities.
2020-11-30 20:38:38,219 INFO com.ec.crm.Service.SendCRMNotificationsService [scheduling-1] No upcoming activities.
2020-11-30 20:39:38,323 INFO com.ec.crm.Service.SendCRMNotificationsService [scheduling-1] No upcoming activities.
2020-11-30 20:40:38,426 INFO com.ec.crm.Service.SendCRMNotificationsService [scheduling-1] No upcoming activities.
2020-11-30 20:41:38,526 INFO com.ec.crm.Service.SendCRMNotificationsService [scheduling-1] No upcoming activities.
2020-11-30 20:42:38,622 INFO com.ec.crm.Service.SendCRMNotificationsService [scheduling-1] No upcoming activities.
2020-11-30 20:43:38,732 INFO com.ec.crm.Service.SendCRMNotificationsService [scheduling-1] No upcoming activities.
2020-11-30 20:44:38,840 INFO com.ec.crm.Service.SendCRMNotificationsService [scheduling-1] No upcoming activities.
2020-11-30 20:45:38,930 INFO com.ec.crm.Service.SendCRMNotificationsService [scheduling-1] No upcoming activities.
2020-11-30 20:46:39,028 INFO com.ec.crm.Service.SendCRMNotificationsService [scheduling-1] No upcoming activities.
2020-11-30 20:47:39,126 INFO com.ec.crm.Service.SendCRMNotificationsService [scheduling-1] No upcoming activities.
2020-11-30 20:48:39,224 INFO com.ec.crm.Service.SendCRMNotificationsService [scheduling-1] No upcoming activities.
2020-11-30 20:49:39,316 INFO com.ec.crm.Service.SendCRMNotificationsService [scheduling-1] No upcoming activities.
2020-11-30 20:50:39,410 INFO com.ec.crm.Service.SendCRMNotificationsService [scheduling-1] No upcoming activities.
2020-11-30 20:51:39,505 INFO com.ec.crm.Service.SendCRMNotificationsService [scheduling-1] No upcoming activities.
2020-11-30 20:52:39,598 INFO com.ec.crm.Service.SendCRMNotificationsService [scheduling-1] No upcoming activities.
2020-11-30 20:53:39,703 INFO com.ec.crm.Service.SendCRMNotificationsService [scheduling-1] No upcoming activities.
2020-11-30 20:54:39,804 INFO com.ec.crm.Service.SendCRMNotificationsService [scheduling-1] No upcoming activities.
2020-11-30 20:55:39,898 INFO com.ec.crm.Service.SendCRMNotificationsService [scheduling-1] No upcoming activities.
2020-11-30 20:56:39,993 INFO com.ec.crm.Service.SendCRMNotificationsService [scheduling-1] No upcoming activities.
2020-11-30 20:57:40,096 INFO com.ec.crm.Service.SendCRMNotificationsService [scheduling-1] No upcoming activities.
2020-11-30 20:58:40,208 INFO com.ec.crm.Service.SendCRMNotificationsService [scheduling-1] No upcoming activities.
2020-11-30 20:59:40,300 INFO com.ec.crm.Service.SendCRMNotificationsService [scheduling-1] No upcoming activities.
2020-11-30 21:00:40,406 INFO com.ec.crm.Service.SendCRMNotificationsService [scheduling-1] No upcoming activities.
2020-11-30 21:01:40,517 INFO com.ec.crm.Service.SendCRMNotificationsService [scheduling-1] No upcoming activities.
2020-11-30 21:02:40,627 INFO com.ec.crm.Service.SendCRMNotificationsService [scheduling-1] No upcoming activities.
2020-11-30 21:03:40,750 INFO com.ec.crm.Service.SendCRMNotificationsService [scheduling-1] No upcoming activities.
2020-11-30 21:04:41,657 INFO com.ec.crm.Service.SendCRMNotificationsService [scheduling-1] No upcoming activities.
2020-11-30 21:05:41,770 INFO com.ec.crm.Service.SendCRMNotificationsService [scheduling-1] No upcoming activities.
2020-11-30 21:06:41,879 INFO com.ec.crm.Service.SendCRMNotificationsService [scheduling-1] No upcoming activities.
2020-11-30 21:07:41,995 INFO com.ec.crm.Service.SendCRMNotificationsService [scheduling-1] No upcoming activities.
2020-11-30 21:08:42,110 INFO com.ec.crm.Service.SendCRMNotificationsService [scheduling-1] No upcoming activities.
2020-11-30 21:09:42,218 INFO com.ec.crm.Service.SendCRMNotificationsService [scheduling-1] No upcoming activities.
2020-11-30 21:10:42,329 INFO com.ec.crm.Service.SendCRMNotificationsService [scheduling-1] No upcoming activities.
2020-11-30 21:11:42,444 INFO com.ec.crm.Service.SendCRMNotificationsService [scheduling-1] No upcoming activities.
2020-11-30 21:12:42,557 INFO com.ec.crm.Service.SendCRMNotificationsService [scheduling-1] No upcoming activities.
2020-11-30 21:13:42,667 INFO com.ec.crm.Service.SendCRMNotificationsService [scheduling-1] No upcoming activities.
2020-11-30 21:14:42,777 INFO com.ec.crm.Service.SendCRMNotificationsService [scheduling-1] No upcoming activities.
2020-11-30 21:47:42,844 WARN com.zaxxer.hikari.pool.HikariPool$HouseKeeper [HikariPool-1 housekeeper] HikariPool-1 - Thread starvation or clock leap detected (housekeeper delta=32m53s861ms).
2020-11-30 21:48:11,708 WARN com.zaxxer.hikari.pool.PoolBase [scheduling-1] HikariPool-1 - Failed to validate connection com.mysql.cj.jdbc.ConnectionImpl@512c68ab (No operations allowed after connection closed.). Possibly consider using a shorter maxLifetime value.
2020-11-30 21:48:16,716 WARN com.zaxxer.hikari.pool.PoolBase [scheduling-1] HikariPool-1 - Failed to validate connection com.mysql.cj.jdbc.ConnectionImpl@634b80ae (No operations allowed after connection closed.). Possibly consider using a shorter maxLifetime value.
2020-11-30 21:48:21,721 WARN com.zaxxer.hikari.pool.PoolBase [scheduling-1] HikariPool-1 - Failed to validate connection com.mysql.cj.jdbc.ConnectionImpl@2ddb3c7 (No operations allowed after connection closed.). Possibly consider using a shorter maxLifetime value.
2020-11-30 21:48:26,730 WARN com.zaxxer.hikari.pool.PoolBase [scheduling-1] HikariPool-1 - Failed to validate connection com.mysql.cj.jdbc.ConnectionImpl@45e42f88 (No operations allowed after connection closed.). Possibly consider using a shorter maxLifetime value.
2020-11-30 21:48:31,736 WARN com.zaxxer.hikari.pool.PoolBase [scheduling-1] HikariPool-1 - Failed to validate connection com.mysql.cj.jdbc.ConnectionImpl@2dab8ff8 (No operations allowed after connection closed.). Possibly consider using a shorter maxLifetime value.
2020-11-30 21:48:36,742 WARN com.zaxxer.hikari.pool.PoolBase [scheduling-1] HikariPool-1 - Failed to validate connection com.mysql.cj.jdbc.ConnectionImpl@1fe0bdf3 (No operations allowed after connection closed.). Possibly consider using a shorter maxLifetime value.
2020-11-30 21:48:36,755 WARN org.hibernate.engine.jdbc.spi.SqlExceptionHelper [scheduling-1] SQL Error: 0, SQLState: 08003
2020-11-30 21:48:36,756 ERROR org.hibernate.engine.jdbc.spi.SqlExceptionHelper [scheduling-1] HikariPool-1 - Connection is not available, request timed out after 30096ms.
2020-11-30 21:48:36,757 ERROR org.hibernate.engine.jdbc.spi.SqlExceptionHelper [scheduling-1] No operations allowed after connection closed.
2020-11-30 21:48:36,818 ERROR org.springframework.scheduling.support.TaskUtils$LoggingErrorHandler [scheduling-1] Unexpected error occurred in scheduled task
org.springframework.dao.DataAccessResourceFailureException: Unable to acquire JDBC Connection; nested exception is org.hibernate.exception.JDBCConnectionException: Unable to acquire JDBC Connection
	at org.springframework.orm.jpa.vendor.HibernateJpaDialect.convertHibernateAccessException(HibernateJpaDialect.java:277)
	at org.springframework.orm.jpa.vendor.HibernateJpaDialect.translateExceptionIfPossible(HibernateJpaDialect.java:255)
	at org.springframework.orm.jpa.AbstractEntityManagerFactoryBean.translateExceptionIfPossible(AbstractEntityManagerFactoryBean.java:528)
	at org.springframework.dao.support.ChainedPersistenceExceptionTranslator.translateExceptionIfPossible(ChainedPersistenceExceptionTranslator.java:61)
	at org.springframework.dao.support.DataAccessUtils.translateIfNecessary(DataAccessUtils.java:242)
	at org.springframework.dao.support.PersistenceExceptionTranslationInterceptor.invoke(PersistenceExceptionTranslationInterceptor.java:153)
	at org.springframework.aop.framework.ReflectiveMethodInvocation.proceed(ReflectiveMethodInvocation.java:186)
	at org.springframework.data.jpa.repository.support.CrudMethodMetadataPostProcessor$CrudMethodMetadataPopulatingMethodInterceptor.invoke(CrudMethodMetadataPostProcessor.java:149)
	at org.springframework.aop.framework.ReflectiveMethodInvocation.proceed(ReflectiveMethodInvocation.java:186)
	at org.springframework.aop.interceptor.ExposeInvocationInterceptor.invoke(ExposeInvocationInterceptor.java:93)
	at org.springframework.aop.framework.ReflectiveMethodInvocation.proceed(ReflectiveMethodInvocation.java:186)
	at org.springframework.aop.framework.JdkDynamicAopProxy.invoke(JdkDynamicAopProxy.java:212)
	at com.sun.proxy.$Proxy183.findUpcomingActivities(Unknown Source)
	at com.ec.crm.Service.SendCRMNotificationsService.sendNotificationForUpcomingActivities(SendCRMNotificationsService.java:58)
	at com.ec.crm.Service.SchedulerService.sendStockNotificationEmailInEvening(SchedulerService.java:24)
	at sun.reflect.GeneratedMethodAccessor99.invoke(Unknown Source)
	at sun.reflect.DelegatingMethodAccessorImpl.invoke(DelegatingMethodAccessorImpl.java:43)
	at java.lang.reflect.Method.invoke(Method.java:498)
	at org.springframework.scheduling.support.ScheduledMethodRunnable.run(ScheduledMethodRunnable.java:84)
	at org.springframework.scheduling.support.DelegatingErrorHandlingRunnable.run(DelegatingErrorHandlingRunnable.java:54)
	at java.util.concurrent.Executors$RunnableAdapter.call(Executors.java:511)
	at java.util.concurrent.FutureTask.runAndReset(FutureTask.java:308)
	at java.util.concurrent.ScheduledThreadPoolExecutor$ScheduledFutureTask.access$301(ScheduledThreadPoolExecutor.java:180)
	at java.util.concurrent.ScheduledThreadPoolExecutor$ScheduledFutureTask.run(ScheduledThreadPoolExecutor.java:294)
	at java.util.concurrent.ThreadPoolExecutor.runWorker(ThreadPoolExecutor.java:1149)
	at java.util.concurrent.ThreadPoolExecutor$Worker.run(ThreadPoolExecutor.java:624)
	at java.lang.Thread.run(Thread.java:748)
Caused by: org.hibernate.exception.JDBCConnectionException: Unable to acquire JDBC Connection
	at org.hibernate.exception.internal.SQLExceptionTypeDelegate.convert(SQLExceptionTypeDelegate.java:48)
	at org.hibernate.exception.internal.StandardSQLExceptionConverter.convert(StandardSQLExceptionConverter.java:42)
	at org.hibernate.engine.jdbc.spi.SqlExceptionHelper.convert(SqlExceptionHelper.java:113)
	at org.hibernate.engine.jdbc.spi.SqlExceptionHelper.convert(SqlExceptionHelper.java:99)
	at org.hibernate.resource.jdbc.internal.LogicalConnectionManagedImpl.acquireConnectionIfNeeded(LogicalConnectionManagedImpl.java:107)
	at org.hibernate.resource.jdbc.internal.LogicalConnectionManagedImpl.getPhysicalConnection(LogicalConnectionManagedImpl.java:134)
	at org.hibernate.engine.jdbc.internal.StatementPreparerImpl.connection(StatementPreparerImpl.java:50)
	at org.hibernate.engine.jdbc.internal.StatementPreparerImpl$5.doPrepare(StatementPreparerImpl.java:149)
	at org.hibernate.engine.jdbc.internal.StatementPreparerImpl$StatementPreparationTemplate.prepareStatement(StatementPreparerImpl.java:176)
	at org.hibernate.engine.jdbc.internal.StatementPreparerImpl.prepareQueryStatement(StatementPreparerImpl.java:151)
	at org.hibernate.loader.Loader.prepareQueryStatement(Loader.java:2104)
	at org.hibernate.loader.Loader.executeQueryStatement(Loader.java:2034)
	at org.hibernate.loader.Loader.executeQueryStatement(Loader.java:2012)
	at org.hibernate.loader.Loader.doQuery(Loader.java:953)
	at org.hibernate.loader.Loader.doQueryAndInitializeNonLazyCollections(Loader.java:354)
	at org.hibernate.loader.Loader.doList(Loader.java:2815)
	at org.hibernate.loader.Loader.doList(Loader.java:2797)
	at org.hibernate.loader.Loader.listIgnoreQueryCache(Loader.java:2629)
	at org.hibernate.loader.Loader.list(Loader.java:2624)
	at org.hibernate.loader.hql.QueryLoader.list(QueryLoader.java:506)
	at org.hibernate.hql.internal.ast.QueryTranslatorImpl.list(QueryTranslatorImpl.java:396)
	at org.hibernate.engine.query.spi.HQLQueryPlan.performList(HQLQueryPlan.java:219)
	at org.hibernate.internal.SessionImpl.list(SessionImpl.java:1396)
	at org.hibernate.query.internal.AbstractProducedQuery.doList(AbstractProducedQuery.java:1558)
	at org.hibernate.query.internal.AbstractProducedQuery.list(AbstractProducedQuery.java:1526)
	at org.hibernate.query.Query.getResultList(Query.java:165)
	at sun.reflect.GeneratedMethodAccessor100.invoke(Unknown Source)
	at sun.reflect.DelegatingMethodAccessorImpl.invoke(DelegatingMethodAccessorImpl.java:43)
	at java.lang.reflect.Method.invoke(Method.java:498)
	at org.springframework.orm.jpa.SharedEntityManagerCreator$DeferredQueryInvocationHandler.invoke(SharedEntityManagerCreator.java:409)
	at com.sun.proxy.$Proxy214.getResultList(Unknown Source)
	at org.springframework.data.jpa.repository.query.JpaQueryExecution$CollectionExecution.doExecute(JpaQueryExecution.java:126)
	at org.springframework.data.jpa.repository.query.JpaQueryExecution.execute(JpaQueryExecution.java:88)
	at org.springframework.data.jpa.repository.query.AbstractJpaQuery.doExecute(AbstractJpaQuery.java:154)
	at org.springframework.data.jpa.repository.query.AbstractJpaQuery.execute(AbstractJpaQuery.java:142)
	at org.springframework.data.repository.core.support.RepositoryFactorySupport$QueryExecutorMethodInterceptor.doInvoke(RepositoryFactorySupport.java:618)
	at org.springframework.data.repository.core.support.RepositoryFactorySupport$QueryExecutorMethodInterceptor.invoke(RepositoryFactorySupport.java:605)
	at org.springframework.aop.framework.ReflectiveMethodInvocation.proceed(ReflectiveMethodInvocation.java:186)
	at org.springframework.data.projection.DefaultMethodInvokingMethodInterceptor.invoke(DefaultMethodInvokingMethodInterceptor.java:80)
	at org.springframework.aop.framework.ReflectiveMethodInvocation.proceed(ReflectiveMethodInvocation.java:186)
	at org.springframework.transaction.interceptor.TransactionAspectSupport.invokeWithinTransaction(TransactionAspectSupport.java:366)
	at org.springframework.transaction.interceptor.TransactionInterceptor.invoke(TransactionInterceptor.java:99)
	at org.springframework.aop.framework.ReflectiveMethodInvocation.proceed(ReflectiveMethodInvocation.java:186)
	at org.springframework.dao.support.PersistenceExceptionTranslationInterceptor.invoke(PersistenceExceptionTranslationInterceptor.java:139)
	... 21 common frames omitted
Caused by: java.sql.SQLTransientConnectionException: HikariPool-1 - Connection is not available, request timed out after 30096ms.
	at com.zaxxer.hikari.pool.HikariPool.createTimeoutException(HikariPool.java:697)
	at com.zaxxer.hikari.pool.HikariPool.getConnection(HikariPool.java:196)
	at com.zaxxer.hikari.pool.HikariPool.getConnection(HikariPool.java:161)
	at com.zaxxer.hikari.HikariDataSource.getConnection(HikariDataSource.java:128)
	at org.hibernate.engine.jdbc.connections.internal.DatasourceConnectionProviderImpl.getConnection(DatasourceConnectionProviderImpl.java:122)
	at org.hibernate.internal.NonContextualJdbcConnectionAccess.obtainConnection(NonContextualJdbcConnectionAccess.java:38)
	at org.hibernate.resource.jdbc.internal.LogicalConnectionManagedImpl.acquireConnectionIfNeeded(LogicalConnectionManagedImpl.java:104)
	... 60 common frames omitted
Caused by: java.sql.SQLNonTransientConnectionException: No operations allowed after connection closed.
	at com.mysql.cj.jdbc.exceptions.SQLError.createSQLException(SQLError.java:110)
	at com.mysql.cj.jdbc.exceptions.SQLError.createSQLException(SQLError.java:97)
	at com.mysql.cj.jdbc.exceptions.SQLError.createSQLException(SQLError.java:89)
	at com.mysql.cj.jdbc.exceptions.SQLError.createSQLException(SQLError.java:63)
	at com.mysql.cj.jdbc.exceptions.SQLError.createSQLException(SQLError.java:73)
	at com.mysql.cj.jdbc.exceptions.SQLExceptionsMapping.translateException(SQLExceptionsMapping.java:73)
	at com.mysql.cj.jdbc.ConnectionImpl.setNetworkTimeout(ConnectionImpl.java:2490)
	at com.zaxxer.hikari.pool.PoolBase.setNetworkTimeout(PoolBase.java:552)
	at com.zaxxer.hikari.pool.PoolBase.isConnectionAlive(PoolBase.java:168)
	at com.zaxxer.hikari.pool.HikariPool.getConnection(HikariPool.java:185)
	... 65 common frames omitted
Caused by: com.mysql.cj.exceptions.ConnectionIsClosedException: No operations allowed after connection closed.
	at sun.reflect.NativeConstructorAccessorImpl.newInstance0(Native Method)
	at sun.reflect.NativeConstructorAccessorImpl.newInstance(NativeConstructorAccessorImpl.java:62)
	at sun.reflect.DelegatingConstructorAccessorImpl.newInstance(DelegatingConstructorAccessorImpl.java:45)
	at java.lang.reflect.Constructor.newInstance(Constructor.java:423)
	at com.mysql.cj.exceptions.ExceptionFactory.createException(ExceptionFactory.java:61)
	at com.mysql.cj.exceptions.ExceptionFactory.createException(ExceptionFactory.java:105)
	at com.mysql.cj.exceptions.ExceptionFactory.createException(ExceptionFactory.java:151)
	at com.mysql.cj.NativeSession.checkClosed(NativeSession.java:1171)
	at com.mysql.cj.jdbc.ConnectionImpl.checkClosed(ConnectionImpl.java:576)
	at com.mysql.cj.jdbc.ConnectionImpl.setNetworkTimeout(ConnectionImpl.java:2486)
	... 68 common frames omitted
2020-11-30 21:49:41,844 WARN com.zaxxer.hikari.pool.PoolBase [scheduling-1] HikariPool-1 - Failed to validate connection com.mysql.cj.jdbc.ConnectionImpl@1b3b94f5 (No operations allowed after connection closed.). Possibly consider using a shorter maxLifetime value.
2020-11-30 21:49:46,854 WARN com.zaxxer.hikari.pool.PoolBase [scheduling-1] HikariPool-1 - Failed to validate connection com.mysql.cj.jdbc.ConnectionImpl@23771595 (No operations allowed after connection closed.). Possibly consider using a shorter maxLifetime value.
2020-11-30 21:49:51,864 WARN com.zaxxer.hikari.pool.PoolBase [scheduling-1] HikariPool-1 - Failed to validate connection com.mysql.cj.jdbc.ConnectionImpl@3aa03b9d (No operations allowed after connection closed.). Possibly consider using a shorter maxLifetime value.
2020-11-30 21:49:56,874 WARN com.zaxxer.hikari.pool.PoolBase [scheduling-1] HikariPool-1 - Failed to validate connection com.mysql.cj.jdbc.ConnectionImpl@7f071f01 (No operations allowed after connection closed.). Possibly consider using a shorter maxLifetime value.
2020-11-30 21:49:57,128 INFO com.ec.crm.Service.SendCRMNotificationsService [scheduling-1] No upcoming activities.
2020-11-30 21:50:57,394 INFO com.ec.crm.Service.SendCRMNotificationsService [scheduling-1] No upcoming activities.
2020-11-30 21:51:57,650 INFO com.ec.crm.Service.SendCRMNotificationsService [scheduling-1] No upcoming activities.
2020-11-30 21:52:57,893 INFO com.ec.crm.Service.SendCRMNotificationsService [scheduling-1] No upcoming activities.
2020-11-30 21:53:58,161 INFO com.ec.crm.Service.SendCRMNotificationsService [scheduling-1] No upcoming activities.
2020-11-30 21:54:58,435 INFO com.ec.crm.Service.SendCRMNotificationsService [scheduling-1] No upcoming activities.
2020-11-30 21:55:58,737 INFO com.ec.crm.Service.SendCRMNotificationsService [scheduling-1] No upcoming activities.
2020-11-30 21:56:24,571 INFO org.springframework.boot.admin.SpringApplicationAdminMXBeanRegistrar$SpringApplicationAdmin [RMI TCP Connection(57)-127.0.0.1] Application shutdown requested.
2020-11-30 21:56:24,579 INFO org.springframework.scheduling.concurrent.ExecutorConfigurationSupport [RMI TCP Connection(57)-127.0.0.1] Shutting down ExecutorService 'taskScheduler'
2020-11-30 21:56:24,581 INFO org.springframework.scheduling.concurrent.ExecutorConfigurationSupport [RMI TCP Connection(57)-127.0.0.1] Shutting down ExecutorService 'applicationTaskExecutor'
2020-11-30 21:56:24,586 INFO org.springframework.orm.jpa.AbstractEntityManagerFactoryBean [RMI TCP Connection(57)-127.0.0.1] Closing JPA EntityManagerFactory for persistence unit 'default'
2020-11-30 21:56:24,614 INFO com.zaxxer.hikari.HikariDataSource [RMI TCP Connection(57)-127.0.0.1] HikariPool-1 - Shutdown initiated...
2020-11-30 21:56:24,618 INFO com.zaxxer.hikari.HikariDataSource [RMI TCP Connection(57)-127.0.0.1] HikariPool-1 - Shutdown completed.
