2020-11-18 01:02:27,679 DEBUG org.springframework.web.filter.CommonsRequestLoggingFilter [http-nio-8083-exec-7] Before request [POST /dashboard/customerpipeline]
2020-11-18 01:02:27,684 INFO com.ec.crm.Service.DashboardService [http-nio-8083-exec-7] fromdate : Sun Nov 01 00:00:00 IST 2020 todate: Mon Nov 30 00:00:00 IST 2020
2020-11-18 01:02:48,391 INFO com.ec.crm.Service.DashboardService [http-nio-8083-exec-7] Fetching Lead Generated Stats
2020-11-18 01:02:48,442 DEBUG org.springframework.web.filter.CommonsRequestLoggingFilter [http-nio-8083-exec-7] REQUEST DATA : POST /dashboard/customerpipeline, payload={
    "fromDate":"2020-11-01",
    "toDate":"2020-11-30"
}]
2020-11-18 10:08:35,632 WARN org.springframework.boot.StartupInfoLogger [main] InetAddress.getLocalHost().getHostName() took 5001 milliseconds to respond. Please verify your network configuration (macOS machines may need to add entries to /etc/hosts).
2020-11-18 10:08:40,646 INFO org.springframework.boot.StartupInfoLogger [main] Starting CrmApplication on Sridhars-MacBook-Air.local with PID 14073 (/Users/bsridharpatnaik/Documents/GitHub/Evergreen-City-Management-System/ec-crm-service/target/classes started by bsridharpatnaik in /Users/bsridharpatnaik/Documents/GitHub/Evergreen-City-Management-System/ec-crm-service)
2020-11-18 10:08:40,648 INFO org.springframework.boot.SpringApplication [main] No active profile set, falling back to default profiles: default
2020-11-18 10:08:42,449 INFO org.springframework.data.repository.config.RepositoryConfigurationDelegate [main] Bootstrapping Spring Data JPA repositories in DEFAULT mode.
2020-11-18 10:08:42,691 INFO org.springframework.data.repository.config.RepositoryConfigurationDelegate [main] Finished Spring Data repository scanning in 209ms. Found 12 JPA repository interfaces.
2020-11-18 10:08:43,261 INFO org.springframework.context.support.PostProcessorRegistrationDelegate$BeanPostProcessorChecker [main] Bean 'org.springframework.ws.config.annotation.DelegatingWsConfiguration' of type [org.springframework.ws.config.annotation.DelegatingWsConfiguration$$EnhancerBySpringCGLIB$$9b6485d8] is not eligible for getting processed by all BeanPostProcessors (for example: not eligible for auto-proxying)
2020-11-18 10:08:43,313 INFO org.springframework.ws.soap.addressing.server.AbstractAddressingEndpointMapping [main] Supporting [WS-Addressing August 2004, WS-Addressing 1.0]
2020-11-18 10:08:43,336 INFO org.springframework.context.support.PostProcessorRegistrationDelegate$BeanPostProcessorChecker [main] Bean 'org.springframework.transaction.annotation.ProxyTransactionManagementConfiguration' of type [org.springframework.transaction.annotation.ProxyTransactionManagementConfiguration] is not eligible for getting processed by all BeanPostProcessors (for example: not eligible for auto-proxying)
2020-11-18 10:08:43,852 INFO org.springframework.boot.web.embedded.tomcat.TomcatWebServer [main] Tomcat initialized with port(s): 8083 (http)
2020-11-18 10:08:43,876 INFO org.apache.juli.logging.DirectJDKLog [main] Initializing ProtocolHandler ["http-nio-8083"]
2020-11-18 10:08:43,878 INFO org.apache.juli.logging.DirectJDKLog [main] Starting service [Tomcat]
2020-11-18 10:08:43,878 INFO org.apache.juli.logging.DirectJDKLog [main] Starting Servlet engine: [Apache Tomcat/9.0.29]
2020-11-18 10:08:44,095 INFO org.apache.juli.logging.DirectJDKLog [main] Initializing Spring embedded WebApplicationContext
2020-11-18 10:08:44,097 INFO org.springframework.boot.web.servlet.context.ServletWebServerApplicationContext [main] Root WebApplicationContext: initialization completed in 3317 ms
2020-11-18 10:08:44,168 DEBUG org.springframework.web.filter.GenericFilterBean [main] Filter 'logFilter' configured for use
2020-11-18 10:08:44,434 INFO org.hibernate.jpa.internal.util.LogHelper [main] HHH000204: Processing PersistenceUnitInfo [name: default]
2020-11-18 10:08:44,838 INFO org.hibernate.Version [main] HHH000412: Hibernate Core {5.4.9.Final}
2020-11-18 10:08:45,312 INFO org.hibernate.annotations.common.reflection.java.JavaReflectionManager [main] HCANN000001: Hibernate Commons Annotations {5.1.0.Final}
2020-11-18 10:08:45,598 INFO com.zaxxer.hikari.HikariDataSource [main] HikariPool-1 - Starting...
2020-11-18 10:08:45,601 WARN com.zaxxer.hikari.util.DriverDataSource [main] Registered driver with driverClassName=com.mysql.jdbc.Driver was not found, trying direct instantiation.
2020-11-18 10:08:45,860 INFO com.zaxxer.hikari.HikariDataSource [main] HikariPool-1 - Start completed.
2020-11-18 10:08:45,893 INFO org.hibernate.dialect.Dialect [main] HHH000400: Using dialect: org.hibernate.dialect.MySQL5InnoDBDialect
2020-11-18 10:08:46,070 INFO org.hibernate.envers.boot.internal.EnversServiceImpl [main] Envers integration enabled? : true
2020-11-18 10:08:46,358 WARN org.hibernate.cfg.AnnotationBinder [main] HHH000491: The [lead] association in the [com.ec.crm.Model.LeadActivity] entity uses both @NotFound(action = NotFoundAction.IGNORE) and FetchType.LAZY. The NotFoundAction.IGNORE @ManyToOne and @OneToOne associations are always fetched eagerly.
2020-11-18 10:08:46,377 WARN org.hibernate.cfg.AnnotationBinder [main] HHH000491: The [leadActivity] association in the [com.ec.crm.Model.LeadActivityNotificationHistory] entity uses both @NotFound(action = NotFoundAction.IGNORE) and FetchType.LAZY. The NotFoundAction.IGNORE @ManyToOne and @OneToOne associations are always fetched eagerly.
2020-11-18 10:08:46,383 WARN org.hibernate.cfg.AnnotationBinder [main] HHH000491: The [lead] association in the [com.ec.crm.Model.Note] entity uses both @NotFound(action = NotFoundAction.IGNORE) and FetchType.LAZY. The NotFoundAction.IGNORE @ManyToOne and @OneToOne associations are always fetched eagerly.
2020-11-18 10:08:51,086 INFO org.hibernate.engine.transaction.jta.platform.internal.JtaPlatformInitiator [main] HHH000490: Using JtaPlatform implementation: [org.hibernate.engine.transaction.jta.platform.internal.NoJtaPlatform]
2020-11-18 10:08:51,100 INFO org.springframework.orm.jpa.AbstractEntityManagerFactoryBean [main] Initialized JPA EntityManagerFactory for persistence unit 'default'
2020-11-18 10:08:53,644 WARN org.springframework.boot.autoconfigure.orm.jpa.JpaBaseConfiguration$JpaWebConfiguration [main] spring.jpa.open-in-view is enabled by default. Therefore, database queries may be performed during view rendering. Explicitly configure spring.jpa.open-in-view to disable this warning
2020-11-18 10:08:53,830 INFO org.springframework.scheduling.concurrent.ExecutorConfigurationSupport [main] Initializing ExecutorService 'applicationTaskExecutor'
2020-11-18 10:08:54,223 INFO org.springframework.scheduling.concurrent.ExecutorConfigurationSupport [main] Initializing ExecutorService 'taskScheduler'
2020-11-18 10:08:54,324 INFO org.apache.juli.logging.DirectJDKLog [main] Starting ProtocolHandler ["http-nio-8083"]
2020-11-18 10:08:54,361 INFO org.springframework.boot.web.embedded.tomcat.TomcatWebServer [main] Tomcat started on port(s): 8083 (http) with context path ''
2020-11-18 10:08:54,364 INFO org.springframework.boot.StartupInfoLogger [main] Started CrmApplication in 34.295 seconds (JVM running for 39.981)
2020-11-18 10:10:26,261 INFO org.apache.juli.logging.DirectJDKLog [http-nio-8083-exec-1] Initializing Spring DispatcherServlet 'dispatcherServlet'
2020-11-18 10:10:26,263 INFO org.springframework.web.servlet.FrameworkServlet [http-nio-8083-exec-1] Initializing Servlet 'dispatcherServlet'
2020-11-18 10:10:26,282 INFO org.springframework.web.servlet.FrameworkServlet [http-nio-8083-exec-1] Completed initialization in 19 ms
2020-11-18 10:10:26,307 DEBUG org.springframework.web.filter.CommonsRequestLoggingFilter [http-nio-8083-exec-1] Before request [POST /dashboard/customerpipeline]
2020-11-18 10:10:26,612 INFO com.ec.crm.Service.DashboardService [http-nio-8083-exec-1] fromdate : Sun Nov 01 00:00:00 IST 2020 todate: Mon Nov 30 00:00:00 IST 2020
2020-11-18 10:10:27,808 INFO com.ec.crm.Service.DashboardService [http-nio-8083-exec-1] Fetching Lead Generated Stats
2020-11-18 10:10:28,066 DEBUG org.springframework.web.filter.CommonsRequestLoggingFilter [http-nio-8083-exec-1] REQUEST DATA : POST /dashboard/customerpipeline, payload={
    "fromDate":"2020-11-01",
    "toDate":"2020-11-30"
}]
2020-11-18 10:10:35,561 DEBUG org.springframework.web.filter.CommonsRequestLoggingFilter [http-nio-8083-exec-2] Before request [POST /dashboard/customerpipeline]
2020-11-18 10:10:35,565 INFO com.ec.crm.Service.DashboardService [http-nio-8083-exec-2] fromdate : Sun Nov 01 00:00:00 IST 2020 todate: Mon Nov 30 00:00:00 IST 2020
2020-11-18 10:10:36,528 INFO com.ec.crm.Service.DashboardService [http-nio-8083-exec-2] Fetching Lead Generated Stats
2020-11-18 10:10:36,544 DEBUG org.springframework.web.filter.CommonsRequestLoggingFilter [http-nio-8083-exec-2] REQUEST DATA : POST /dashboard/customerpipeline, payload={
    "fromDate":"2020-11-01",
    "toDate":"2020-11-30"
}]
2020-11-18 10:10:41,602 DEBUG org.springframework.web.filter.CommonsRequestLoggingFilter [http-nio-8083-exec-3] Before request [POST /dashboard/customerpipeline]
2020-11-18 10:10:41,607 INFO com.ec.crm.Service.DashboardService [http-nio-8083-exec-3] fromdate : Sun Nov 01 00:00:00 IST 2020 todate: Mon Nov 30 00:00:00 IST 2020
2020-11-18 10:10:42,488 INFO com.ec.crm.Service.DashboardService [http-nio-8083-exec-3] Fetching Lead Generated Stats
2020-11-18 10:10:42,499 DEBUG org.springframework.web.filter.CommonsRequestLoggingFilter [http-nio-8083-exec-3] REQUEST DATA : POST /dashboard/customerpipeline, payload={
    "fromDate":"2020-11-01",
    "toDate":"2020-11-30"
}]
2020-11-18 10:10:48,345 DEBUG org.springframework.web.filter.CommonsRequestLoggingFilter [http-nio-8083-exec-4] Before request [POST /dashboard/customerpipeline]
2020-11-18 10:10:48,349 INFO com.ec.crm.Service.DashboardService [http-nio-8083-exec-4] fromdate : Sun Nov 01 00:00:00 IST 2020 todate: Mon Nov 30 00:00:00 IST 2020
2020-11-18 10:10:49,089 INFO com.ec.crm.Service.DashboardService [http-nio-8083-exec-4] Fetching Lead Generated Stats
2020-11-18 10:10:49,099 DEBUG org.springframework.web.filter.CommonsRequestLoggingFilter [http-nio-8083-exec-4] REQUEST DATA : POST /dashboard/customerpipeline, payload={
    "fromDate":"2020-11-01",
    "toDate":"2020-11-30"
}]
2020-11-18 10:10:55,342 DEBUG org.springframework.web.filter.CommonsRequestLoggingFilter [http-nio-8083-exec-5] Before request [POST /dashboard/customerpipeline]
2020-11-18 10:10:55,345 INFO com.ec.crm.Service.DashboardService [http-nio-8083-exec-5] fromdate : Sun Nov 01 00:00:00 IST 2020 todate: Mon Nov 30 00:00:00 IST 2020
2020-11-18 10:10:56,100 INFO com.ec.crm.Service.DashboardService [http-nio-8083-exec-5] Fetching Lead Generated Stats
2020-11-18 10:10:56,111 DEBUG org.springframework.web.filter.CommonsRequestLoggingFilter [http-nio-8083-exec-5] REQUEST DATA : POST /dashboard/customerpipeline, payload={
    "fromDate":"2020-11-01",
    "toDate":"2020-11-30"
}]
2020-11-18 10:11:03,768 DEBUG org.springframework.web.filter.CommonsRequestLoggingFilter [http-nio-8083-exec-6] Before request [POST /dashboard/customerpipeline]
2020-11-18 10:11:03,770 INFO com.ec.crm.Service.DashboardService [http-nio-8083-exec-6] fromdate : Sun Nov 01 00:00:00 IST 2020 todate: Mon Nov 30 00:00:00 IST 2020
2020-11-18 10:11:04,827 INFO com.ec.crm.Service.DashboardService [http-nio-8083-exec-6] Fetching Lead Generated Stats
2020-11-18 10:11:04,832 DEBUG org.springframework.web.filter.CommonsRequestLoggingFilter [http-nio-8083-exec-6] REQUEST DATA : POST /dashboard/customerpipeline, payload={
    "fromDate":"2020-11-01",
    "toDate":"2020-11-30"
}]
2020-11-18 10:11:13,208 DEBUG org.springframework.web.filter.CommonsRequestLoggingFilter [http-nio-8083-exec-7] Before request [POST /dashboard/customerpipeline]
2020-11-18 10:11:13,211 INFO com.ec.crm.Service.DashboardService [http-nio-8083-exec-7] fromdate : Sun Nov 01 00:00:00 IST 2020 todate: Mon Nov 30 00:00:00 IST 2020
2020-11-18 10:11:13,980 INFO com.ec.crm.Service.DashboardService [http-nio-8083-exec-7] Fetching Lead Generated Stats
2020-11-18 10:11:13,985 DEBUG org.springframework.web.filter.CommonsRequestLoggingFilter [http-nio-8083-exec-7] REQUEST DATA : POST /dashboard/customerpipeline, payload={
    "fromDate":"2020-11-01",
    "toDate":"2020-11-30"
}]
2020-11-18 10:11:20,249 DEBUG org.springframework.web.filter.CommonsRequestLoggingFilter [http-nio-8083-exec-8] Before request [POST /dashboard/customerpipeline]
2020-11-18 10:11:20,251 INFO com.ec.crm.Service.DashboardService [http-nio-8083-exec-8] fromdate : Sun Nov 01 00:00:00 IST 2020 todate: Mon Nov 30 00:00:00 IST 2020
2020-11-18 10:11:20,935 INFO com.ec.crm.Service.DashboardService [http-nio-8083-exec-8] Fetching Lead Generated Stats
2020-11-18 10:11:20,947 DEBUG org.springframework.web.filter.CommonsRequestLoggingFilter [http-nio-8083-exec-8] REQUEST DATA : POST /dashboard/customerpipeline, payload={
    "fromDate":"2020-11-01",
    "toDate":"2020-11-30"
}]
2020-11-18 10:13:29,528 DEBUG org.springframework.web.filter.CommonsRequestLoggingFilter [http-nio-8083-exec-10] Before request [GET /dashboard/topperformer]
2020-11-18 10:13:29,529 DEBUG org.springframework.web.filter.CommonsRequestLoggingFilter [http-nio-8083-exec-1] Before request [GET /dashboard/stagnant]
2020-11-18 10:13:29,586 DEBUG org.springframework.web.filter.CommonsRequestLoggingFilter [http-nio-8083-exec-2] Before request [POST /dashboard/customerpipeline]
2020-11-18 10:13:29,589 DEBUG org.springframework.web.filter.CommonsRequestLoggingFilter [http-nio-8083-exec-3] Before request [GET /dashboard/conversionratio]
2020-11-18 10:13:29,589 INFO com.ec.crm.Service.DashboardService [http-nio-8083-exec-2] fromdate : Sun Nov 01 00:00:00 IST 2020 todate: Mon Nov 30 00:00:00 IST 2020
2020-11-18 10:13:29,751 DEBUG org.springframework.web.filter.CommonsRequestLoggingFilter [http-nio-8083-exec-4] Before request [POST /dashboard/customerpipeline]
2020-11-18 10:13:29,753 INFO com.ec.crm.Service.DashboardService [http-nio-8083-exec-4] fromdate : Sun Nov 01 00:00:00 IST 2020 todate: Mon Nov 30 00:00:00 IST 2020
2020-11-18 10:13:29,778 DEBUG org.springframework.web.filter.CommonsRequestLoggingFilter [http-nio-8083-exec-3] REQUEST DATA : GET /dashboard/conversionratio]
2020-11-18 10:13:29,840 DEBUG org.springframework.web.filter.CommonsRequestLoggingFilter [http-nio-8083-exec-5] Before request [GET /dashboard/conversionratio]
2020-11-18 10:13:29,843 DEBUG org.springframework.web.filter.CommonsRequestLoggingFilter [http-nio-8083-exec-10] REQUEST DATA : GET /dashboard/topperformer]
2020-11-18 10:13:29,875 DEBUG org.springframework.web.filter.CommonsRequestLoggingFilter [http-nio-8083-exec-6] Before request [GET /dashboard/topperformer]
2020-11-18 10:13:29,901 DEBUG org.springframework.web.filter.CommonsRequestLoggingFilter [http-nio-8083-exec-5] REQUEST DATA : GET /dashboard/conversionratio]
2020-11-18 10:13:29,907 DEBUG org.springframework.web.filter.CommonsRequestLoggingFilter [http-nio-8083-exec-1] REQUEST DATA : GET /dashboard/stagnant]
2020-11-18 10:13:29,914 DEBUG org.springframework.web.filter.CommonsRequestLoggingFilter [http-nio-8083-exec-6] REQUEST DATA : GET /dashboard/topperformer]
2020-11-18 10:13:30,026 DEBUG org.springframework.web.filter.CommonsRequestLoggingFilter [http-nio-8083-exec-7] Before request [GET /dashboard/stagnant]
2020-11-18 10:13:30,163 DEBUG org.springframework.web.filter.CommonsRequestLoggingFilter [http-nio-8083-exec-7] REQUEST DATA : GET /dashboard/stagnant]
2020-11-18 10:13:30,721 INFO com.ec.crm.Service.DashboardService [http-nio-8083-exec-4] Fetching Lead Generated Stats
2020-11-18 10:13:30,726 DEBUG org.springframework.web.filter.CommonsRequestLoggingFilter [http-nio-8083-exec-4] REQUEST DATA : POST /dashboard/customerpipeline, payload={"fromDate":"2020-11-01","toDate":"2020-11-30"}]
2020-11-18 10:13:30,727 INFO com.ec.crm.Service.DashboardService [http-nio-8083-exec-2] Fetching Lead Generated Stats
2020-11-18 10:13:30,756 DEBUG org.springframework.web.filter.CommonsRequestLoggingFilter [http-nio-8083-exec-2] REQUEST DATA : POST /dashboard/customerpipeline, payload={"fromDate":"2020-11-01","toDate":"2020-11-30"}]
2020-11-18 10:13:35,435 DEBUG org.springframework.web.filter.CommonsRequestLoggingFilter [http-nio-8083-exec-8] Before request [GET /dashboard/stagnant]
2020-11-18 10:13:35,435 DEBUG org.springframework.web.filter.CommonsRequestLoggingFilter [http-nio-8083-exec-9] Before request [GET /dashboard/topperformer]
2020-11-18 10:13:35,439 DEBUG org.springframework.web.filter.CommonsRequestLoggingFilter [http-nio-8083-exec-3] Before request [GET /dashboard/conversionratio]
2020-11-18 10:13:35,441 DEBUG org.springframework.web.filter.CommonsRequestLoggingFilter [http-nio-8083-exec-10] Before request [POST /dashboard/customerpipeline]
2020-11-18 10:13:35,443 INFO com.ec.crm.Service.DashboardService [http-nio-8083-exec-10] fromdate : Sun Nov 01 00:00:00 IST 2020 todate: Mon Nov 30 00:00:00 IST 2020
2020-11-18 10:13:35,476 DEBUG org.springframework.web.filter.CommonsRequestLoggingFilter [http-nio-8083-exec-9] REQUEST DATA : GET /dashboard/topperformer]
2020-11-18 10:13:35,476 DEBUG org.springframework.web.filter.CommonsRequestLoggingFilter [http-nio-8083-exec-3] REQUEST DATA : GET /dashboard/conversionratio]
2020-11-18 10:13:35,514 DEBUG org.springframework.web.filter.CommonsRequestLoggingFilter [http-nio-8083-exec-8] REQUEST DATA : GET /dashboard/stagnant]
2020-11-18 10:13:36,400 INFO com.ec.crm.Service.DashboardService [http-nio-8083-exec-10] Fetching Lead Generated Stats
2020-11-18 10:13:36,407 DEBUG org.springframework.web.filter.CommonsRequestLoggingFilter [http-nio-8083-exec-10] REQUEST DATA : POST /dashboard/customerpipeline, payload={"fromDate":"2020-11-01","toDate":"2020-11-30"}]
2020-11-18 10:13:38,782 DEBUG org.springframework.web.filter.CommonsRequestLoggingFilter [http-nio-8083-exec-5] Before request [GET /dashboard/topperformer]
2020-11-18 10:13:38,785 DEBUG org.springframework.web.filter.CommonsRequestLoggingFilter [http-nio-8083-exec-1] Before request [GET /dashboard/conversionratio]
2020-11-18 10:13:38,791 DEBUG org.springframework.web.filter.CommonsRequestLoggingFilter [http-nio-8083-exec-6] Before request [POST /dashboard/customerpipeline]
2020-11-18 10:13:38,793 INFO com.ec.crm.Service.DashboardService [http-nio-8083-exec-6] fromdate : Sun Nov 01 00:00:00 IST 2020 todate: Mon Nov 30 00:00:00 IST 2020
2020-11-18 10:13:38,804 DEBUG org.springframework.web.filter.CommonsRequestLoggingFilter [http-nio-8083-exec-7] Before request [GET /dashboard/stagnant]
2020-11-18 10:13:38,841 DEBUG org.springframework.web.filter.CommonsRequestLoggingFilter [http-nio-8083-exec-1] REQUEST DATA : GET /dashboard/conversionratio]
2020-11-18 10:13:38,872 DEBUG org.springframework.web.filter.CommonsRequestLoggingFilter [http-nio-8083-exec-5] REQUEST DATA : GET /dashboard/topperformer]
2020-11-18 10:13:38,968 DEBUG org.springframework.web.filter.CommonsRequestLoggingFilter [http-nio-8083-exec-7] REQUEST DATA : GET /dashboard/stagnant]
2020-11-18 10:13:39,566 INFO com.ec.crm.Service.DashboardService [http-nio-8083-exec-6] Fetching Lead Generated Stats
2020-11-18 10:13:39,570 DEBUG org.springframework.web.filter.CommonsRequestLoggingFilter [http-nio-8083-exec-6] REQUEST DATA : POST /dashboard/customerpipeline, payload={"fromDate":"2020-11-01","toDate":"2020-11-30"}]
2020-11-18 10:13:41,737 DEBUG org.springframework.web.filter.CommonsRequestLoggingFilter [http-nio-8083-exec-4] Before request [GET /dashboard/topperformer]
2020-11-18 10:13:41,771 DEBUG org.springframework.web.filter.CommonsRequestLoggingFilter [http-nio-8083-exec-2] Before request [GET /dashboard/conversionratio]
2020-11-18 10:13:41,776 DEBUG org.springframework.web.filter.CommonsRequestLoggingFilter [http-nio-8083-exec-9] Before request [GET /dashboard/stagnant]
2020-11-18 10:13:41,782 DEBUG org.springframework.web.filter.CommonsRequestLoggingFilter [http-nio-8083-exec-3] Before request [POST /dashboard/customerpipeline]
2020-11-18 10:13:41,791 INFO com.ec.crm.Service.DashboardService [http-nio-8083-exec-3] fromdate : Sun Nov 01 00:00:00 IST 2020 todate: Mon Nov 30 00:00:00 IST 2020
2020-11-18 10:13:41,812 DEBUG org.springframework.web.filter.CommonsRequestLoggingFilter [http-nio-8083-exec-2] REQUEST DATA : GET /dashboard/conversionratio]
2020-11-18 10:13:41,885 DEBUG org.springframework.web.filter.CommonsRequestLoggingFilter [http-nio-8083-exec-4] REQUEST DATA : GET /dashboard/topperformer]
2020-11-18 10:13:41,907 DEBUG org.springframework.web.filter.CommonsRequestLoggingFilter [http-nio-8083-exec-9] REQUEST DATA : GET /dashboard/stagnant]
2020-11-18 10:13:42,580 INFO com.ec.crm.Service.DashboardService [http-nio-8083-exec-3] Fetching Lead Generated Stats
2020-11-18 10:13:42,587 DEBUG org.springframework.web.filter.CommonsRequestLoggingFilter [http-nio-8083-exec-3] REQUEST DATA : POST /dashboard/customerpipeline, payload={"fromDate":"2020-11-01","toDate":"2020-11-30"}]
2020-11-18 10:13:44,826 DEBUG org.springframework.web.filter.CommonsRequestLoggingFilter [http-nio-8083-exec-8] Before request [GET /dashboard/topperformer]
2020-11-18 10:13:44,852 DEBUG org.springframework.web.filter.CommonsRequestLoggingFilter [http-nio-8083-exec-10] Before request [GET /dashboard/conversionratio]
2020-11-18 10:13:44,871 DEBUG org.springframework.web.filter.CommonsRequestLoggingFilter [http-nio-8083-exec-8] REQUEST DATA : GET /dashboard/topperformer]
2020-11-18 10:13:44,873 DEBUG org.springframework.web.filter.CommonsRequestLoggingFilter [http-nio-8083-exec-8] Before request [GET /dashboard/stagnant]
2020-11-18 10:13:44,900 DEBUG org.springframework.web.filter.CommonsRequestLoggingFilter [http-nio-8083-exec-5] Before request [POST /dashboard/customerpipeline]
2020-11-18 10:13:44,903 INFO com.ec.crm.Service.DashboardService [http-nio-8083-exec-5] fromdate : Sun Nov 01 00:00:00 IST 2020 todate: Mon Nov 30 00:00:00 IST 2020
2020-11-18 10:13:44,925 DEBUG org.springframework.web.filter.CommonsRequestLoggingFilter [http-nio-8083-exec-10] REQUEST DATA : GET /dashboard/conversionratio]
2020-11-18 10:13:45,109 DEBUG org.springframework.web.filter.CommonsRequestLoggingFilter [http-nio-8083-exec-8] REQUEST DATA : GET /dashboard/stagnant]
2020-11-18 10:13:45,617 INFO com.ec.crm.Service.DashboardService [http-nio-8083-exec-5] Fetching Lead Generated Stats
2020-11-18 10:13:45,622 DEBUG org.springframework.web.filter.CommonsRequestLoggingFilter [http-nio-8083-exec-5] REQUEST DATA : POST /dashboard/customerpipeline, payload={"fromDate":"2020-11-01","toDate":"2020-11-30"}]
2020-11-18 10:13:47,845 DEBUG org.springframework.web.filter.CommonsRequestLoggingFilter [http-nio-8083-exec-7] Before request [GET /dashboard/topperformer]
2020-11-18 10:13:47,850 DEBUG org.springframework.web.filter.CommonsRequestLoggingFilter [http-nio-8083-exec-6] Before request [GET /dashboard/conversionratio]
2020-11-18 10:13:47,869 DEBUG org.springframework.web.filter.CommonsRequestLoggingFilter [http-nio-8083-exec-6] REQUEST DATA : GET /dashboard/conversionratio]
2020-11-18 10:13:47,881 DEBUG org.springframework.web.filter.CommonsRequestLoggingFilter [http-nio-8083-exec-7] REQUEST DATA : GET /dashboard/topperformer]
2020-11-18 10:13:47,903 DEBUG org.springframework.web.filter.CommonsRequestLoggingFilter [http-nio-8083-exec-2] Before request [GET /dashboard/stagnant]
2020-11-18 10:13:47,927 DEBUG org.springframework.web.filter.CommonsRequestLoggingFilter [http-nio-8083-exec-4] Before request [POST /dashboard/customerpipeline]
2020-11-18 10:13:47,929 INFO com.ec.crm.Service.DashboardService [http-nio-8083-exec-4] fromdate : Sun Nov 01 00:00:00 IST 2020 todate: Mon Nov 30 00:00:00 IST 2020
2020-11-18 10:13:48,027 DEBUG org.springframework.web.filter.CommonsRequestLoggingFilter [http-nio-8083-exec-2] REQUEST DATA : GET /dashboard/stagnant]
2020-11-18 10:13:48,725 INFO com.ec.crm.Service.DashboardService [http-nio-8083-exec-4] Fetching Lead Generated Stats
2020-11-18 10:13:48,732 DEBUG org.springframework.web.filter.CommonsRequestLoggingFilter [http-nio-8083-exec-4] REQUEST DATA : POST /dashboard/customerpipeline, payload={"fromDate":"2020-11-01","toDate":"2020-11-30"}]
2020-11-18 10:13:50,970 DEBUG org.springframework.web.filter.CommonsRequestLoggingFilter [http-nio-8083-exec-9] Before request [GET /dashboard/topperformer]
2020-11-18 10:13:50,970 DEBUG org.springframework.web.filter.CommonsRequestLoggingFilter [http-nio-8083-exec-3] Before request [GET /dashboard/stagnant]
2020-11-18 10:13:50,975 DEBUG org.springframework.web.filter.CommonsRequestLoggingFilter [http-nio-8083-exec-1] Before request [GET /dashboard/conversionratio]
2020-11-18 10:13:50,979 DEBUG org.springframework.web.filter.CommonsRequestLoggingFilter [http-nio-8083-exec-10] Before request [POST /dashboard/customerpipeline]
2020-11-18 10:13:50,983 INFO com.ec.crm.Service.DashboardService [http-nio-8083-exec-10] fromdate : Sun Nov 01 00:00:00 IST 2020 todate: Mon Nov 30 00:00:00 IST 2020
2020-11-18 10:13:51,005 DEBUG org.springframework.web.filter.CommonsRequestLoggingFilter [http-nio-8083-exec-1] REQUEST DATA : GET /dashboard/conversionratio]
2020-11-18 10:13:51,005 DEBUG org.springframework.web.filter.CommonsRequestLoggingFilter [http-nio-8083-exec-9] REQUEST DATA : GET /dashboard/topperformer]
2020-11-18 10:13:51,043 DEBUG org.springframework.web.filter.CommonsRequestLoggingFilter [http-nio-8083-exec-3] REQUEST DATA : GET /dashboard/stagnant]
2020-11-18 10:13:51,786 INFO com.ec.crm.Service.DashboardService [http-nio-8083-exec-10] Fetching Lead Generated Stats
2020-11-18 10:13:51,793 DEBUG org.springframework.web.filter.CommonsRequestLoggingFilter [http-nio-8083-exec-10] REQUEST DATA : POST /dashboard/customerpipeline, payload={"fromDate":"2020-11-01","toDate":"2020-11-30"}]
2020-11-18 10:13:53,976 DEBUG org.springframework.web.filter.CommonsRequestLoggingFilter [http-nio-8083-exec-8] Before request [GET /dashboard/topperformer]
2020-11-18 10:13:53,981 DEBUG org.springframework.web.filter.CommonsRequestLoggingFilter [http-nio-8083-exec-5] Before request [GET /dashboard/conversionratio]
2020-11-18 10:13:53,989 DEBUG org.springframework.web.filter.CommonsRequestLoggingFilter [http-nio-8083-exec-6] Before request [GET /dashboard/stagnant]
2020-11-18 10:13:54,006 DEBUG org.springframework.web.filter.CommonsRequestLoggingFilter [http-nio-8083-exec-5] REQUEST DATA : GET /dashboard/conversionratio]
2020-11-18 10:13:54,011 DEBUG org.springframework.web.filter.CommonsRequestLoggingFilter [http-nio-8083-exec-8] REQUEST DATA : GET /dashboard/topperformer]
2020-11-18 10:13:54,037 DEBUG org.springframework.web.filter.CommonsRequestLoggingFilter [http-nio-8083-exec-7] Before request [POST /dashboard/customerpipeline]
2020-11-18 10:13:54,041 INFO com.ec.crm.Service.DashboardService [http-nio-8083-exec-7] fromdate : Sun Nov 01 00:00:00 IST 2020 todate: Mon Nov 30 00:00:00 IST 2020
2020-11-18 10:13:54,050 DEBUG org.springframework.web.filter.CommonsRequestLoggingFilter [http-nio-8083-exec-6] REQUEST DATA : GET /dashboard/stagnant]
2020-11-18 10:13:54,787 INFO com.ec.crm.Service.DashboardService [http-nio-8083-exec-7] Fetching Lead Generated Stats
2020-11-18 10:13:54,791 DEBUG org.springframework.web.filter.CommonsRequestLoggingFilter [http-nio-8083-exec-7] REQUEST DATA : POST /dashboard/customerpipeline, payload={"fromDate":"2020-11-01","toDate":"2020-11-30"}]
2020-11-18 10:13:56,915 DEBUG org.springframework.web.filter.CommonsRequestLoggingFilter [http-nio-8083-exec-2] Before request [GET /dashboard/conversionratio]
2020-11-18 10:13:56,918 DEBUG org.springframework.web.filter.CommonsRequestLoggingFilter [http-nio-8083-exec-4] Before request [GET /dashboard/topperformer]
2020-11-18 10:13:56,937 DEBUG org.springframework.web.filter.CommonsRequestLoggingFilter [http-nio-8083-exec-1] Before request [GET /dashboard/stagnant]
2020-11-18 10:13:56,964 DEBUG org.springframework.web.filter.CommonsRequestLoggingFilter [http-nio-8083-exec-9] Before request [POST /dashboard/customerpipeline]
2020-11-18 10:13:56,968 INFO com.ec.crm.Service.DashboardService [http-nio-8083-exec-9] fromdate : Sun Nov 01 00:00:00 IST 2020 todate: Mon Nov 30 00:00:00 IST 2020
2020-11-18 10:13:56,974 DEBUG org.springframework.web.filter.CommonsRequestLoggingFilter [http-nio-8083-exec-1] REQUEST DATA : GET /dashboard/stagnant]
2020-11-18 10:13:57,012 DEBUG org.springframework.web.filter.CommonsRequestLoggingFilter [http-nio-8083-exec-2] REQUEST DATA : GET /dashboard/conversionratio]
2020-11-18 10:13:57,053 DEBUG org.springframework.web.filter.CommonsRequestLoggingFilter [http-nio-8083-exec-4] REQUEST DATA : GET /dashboard/topperformer]
2020-11-18 10:13:57,827 INFO com.ec.crm.Service.DashboardService [http-nio-8083-exec-9] Fetching Lead Generated Stats
2020-11-18 10:13:57,831 DEBUG org.springframework.web.filter.CommonsRequestLoggingFilter [http-nio-8083-exec-9] REQUEST DATA : POST /dashboard/customerpipeline, payload={"fromDate":"2020-11-01","toDate":"2020-11-30"}]
2020-11-18 10:13:59,761 DEBUG org.springframework.web.filter.CommonsRequestLoggingFilter [http-nio-8083-exec-3] Before request [GET /dashboard/topperformer]
2020-11-18 10:13:59,769 DEBUG org.springframework.web.filter.CommonsRequestLoggingFilter [http-nio-8083-exec-10] Before request [GET /dashboard/conversionratio]
2020-11-18 10:13:59,775 DEBUG org.springframework.web.filter.CommonsRequestLoggingFilter [http-nio-8083-exec-5] Before request [GET /dashboard/stagnant]
2020-11-18 10:13:59,793 DEBUG org.springframework.web.filter.CommonsRequestLoggingFilter [http-nio-8083-exec-10] REQUEST DATA : GET /dashboard/conversionratio]
2020-11-18 10:13:59,794 DEBUG org.springframework.web.filter.CommonsRequestLoggingFilter [http-nio-8083-exec-3] REQUEST DATA : GET /dashboard/topperformer]
2020-11-18 10:13:59,820 DEBUG org.springframework.web.filter.CommonsRequestLoggingFilter [http-nio-8083-exec-5] REQUEST DATA : GET /dashboard/stagnant]
2020-11-18 10:13:59,847 DEBUG org.springframework.web.filter.CommonsRequestLoggingFilter [http-nio-8083-exec-8] Before request [POST /dashboard/customerpipeline]
2020-11-18 10:13:59,849 INFO com.ec.crm.Service.DashboardService [http-nio-8083-exec-8] fromdate : Sun Nov 01 00:00:00 IST 2020 todate: Mon Nov 30 00:00:00 IST 2020
2020-11-18 10:14:00,662 INFO com.ec.crm.Service.DashboardService [http-nio-8083-exec-8] Fetching Lead Generated Stats
2020-11-18 10:14:00,670 DEBUG org.springframework.web.filter.CommonsRequestLoggingFilter [http-nio-8083-exec-8] REQUEST DATA : POST /dashboard/customerpipeline, payload={"fromDate":"2020-11-01","toDate":"2020-11-30"}]
2020-11-18 10:14:02,628 DEBUG org.springframework.web.filter.CommonsRequestLoggingFilter [http-nio-8083-exec-6] Before request [GET /dashboard/topperformer]
2020-11-18 10:14:02,630 DEBUG org.springframework.web.filter.CommonsRequestLoggingFilter [http-nio-8083-exec-7] Before request [GET /dashboard/stagnant]
2020-11-18 10:14:02,650 DEBUG org.springframework.web.filter.CommonsRequestLoggingFilter [http-nio-8083-exec-1] Before request [GET /dashboard/conversionratio]
2020-11-18 10:14:02,659 DEBUG org.springframework.web.filter.CommonsRequestLoggingFilter [http-nio-8083-exec-2] Before request [POST /dashboard/customerpipeline]
2020-11-18 10:14:02,660 INFO com.ec.crm.Service.DashboardService [http-nio-8083-exec-2] fromdate : Sun Nov 01 00:00:00 IST 2020 todate: Mon Nov 30 00:00:00 IST 2020
2020-11-18 10:14:02,722 DEBUG org.springframework.web.filter.CommonsRequestLoggingFilter [http-nio-8083-exec-6] REQUEST DATA : GET /dashboard/topperformer]
2020-11-18 10:14:02,747 DEBUG org.springframework.web.filter.CommonsRequestLoggingFilter [http-nio-8083-exec-1] REQUEST DATA : GET /dashboard/conversionratio]
2020-11-18 10:14:02,824 DEBUG org.springframework.web.filter.CommonsRequestLoggingFilter [http-nio-8083-exec-7] REQUEST DATA : GET /dashboard/stagnant]
2020-11-18 10:14:03,302 INFO com.ec.crm.Service.DashboardService [http-nio-8083-exec-2] Fetching Lead Generated Stats
2020-11-18 10:14:03,305 DEBUG org.springframework.web.filter.CommonsRequestLoggingFilter [http-nio-8083-exec-2] REQUEST DATA : POST /dashboard/customerpipeline, payload={"fromDate":"2020-11-01","toDate":"2020-11-30"}]
2020-11-18 10:14:05,283 DEBUG org.springframework.web.filter.CommonsRequestLoggingFilter [http-nio-8083-exec-4] Before request [GET /dashboard/topperformer]
2020-11-18 10:14:05,305 DEBUG org.springframework.web.filter.CommonsRequestLoggingFilter [http-nio-8083-exec-9] Before request [POST /dashboard/customerpipeline]
2020-11-18 10:14:05,307 INFO com.ec.crm.Service.DashboardService [http-nio-8083-exec-9] fromdate : Sun Nov 01 00:00:00 IST 2020 todate: Mon Nov 30 00:00:00 IST 2020
2020-11-18 10:14:05,310 DEBUG org.springframework.web.filter.CommonsRequestLoggingFilter [http-nio-8083-exec-10] Before request [GET /dashboard/stagnant]
2020-11-18 10:14:05,344 DEBUG org.springframework.web.filter.CommonsRequestLoggingFilter [http-nio-8083-exec-4] REQUEST DATA : GET /dashboard/topperformer]
2020-11-18 10:14:05,347 DEBUG org.springframework.web.filter.CommonsRequestLoggingFilter [http-nio-8083-exec-4] Before request [GET /dashboard/conversionratio]
2020-11-18 10:14:05,396 DEBUG org.springframework.web.filter.CommonsRequestLoggingFilter [http-nio-8083-exec-4] REQUEST DATA : GET /dashboard/conversionratio]
2020-11-18 10:14:05,529 DEBUG org.springframework.web.filter.CommonsRequestLoggingFilter [http-nio-8083-exec-10] REQUEST DATA : GET /dashboard/stagnant]
2020-11-18 10:14:05,964 INFO com.ec.crm.Service.DashboardService [http-nio-8083-exec-9] Fetching Lead Generated Stats
2020-11-18 10:14:05,970 DEBUG org.springframework.web.filter.CommonsRequestLoggingFilter [http-nio-8083-exec-9] REQUEST DATA : POST /dashboard/customerpipeline, payload={"fromDate":"2020-11-01","toDate":"2020-11-30"}]
2020-11-18 10:14:08,068 DEBUG org.springframework.web.filter.CommonsRequestLoggingFilter [http-nio-8083-exec-5] Before request [GET /dashboard/topperformer]
2020-11-18 10:14:08,097 DEBUG org.springframework.web.filter.CommonsRequestLoggingFilter [http-nio-8083-exec-8] Before request [POST /dashboard/customerpipeline]
2020-11-18 10:14:08,100 DEBUG org.springframework.web.filter.CommonsRequestLoggingFilter [http-nio-8083-exec-6] Before request [GET /dashboard/stagnant]
2020-11-18 10:14:08,100 INFO com.ec.crm.Service.DashboardService [http-nio-8083-exec-8] fromdate : Sun Nov 01 00:00:00 IST 2020 todate: Mon Nov 30 00:00:00 IST 2020
2020-11-18 10:14:08,102 DEBUG org.springframework.web.filter.CommonsRequestLoggingFilter [http-nio-8083-exec-1] Before request [GET /dashboard/conversionratio]
2020-11-18 10:14:08,123 DEBUG org.springframework.web.filter.CommonsRequestLoggingFilter [http-nio-8083-exec-5] REQUEST DATA : GET /dashboard/topperformer]
2020-11-18 10:14:08,157 DEBUG org.springframework.web.filter.CommonsRequestLoggingFilter [http-nio-8083-exec-1] REQUEST DATA : GET /dashboard/conversionratio]
2020-11-18 10:14:08,257 DEBUG org.springframework.web.filter.CommonsRequestLoggingFilter [http-nio-8083-exec-6] REQUEST DATA : GET /dashboard/stagnant]
2020-11-18 10:14:08,928 INFO com.ec.crm.Service.DashboardService [http-nio-8083-exec-8] Fetching Lead Generated Stats
2020-11-18 10:14:08,936 DEBUG org.springframework.web.filter.CommonsRequestLoggingFilter [http-nio-8083-exec-8] REQUEST DATA : POST /dashboard/customerpipeline, payload={"fromDate":"2020-11-01","toDate":"2020-11-30"}]
2020-11-18 14:37:05,791 WARN com.zaxxer.hikari.pool.HikariPool$HouseKeeper [HikariPool-1 housekeeper] HikariPool-1 - Thread starvation or clock leap detected (housekeeper delta=4h3m49s692ms).
2020-11-18 14:37:29,366 INFO org.springframework.boot.admin.SpringApplicationAdminMXBeanRegistrar$SpringApplicationAdmin [RMI TCP Connection(28)-127.0.0.1] Application shutdown requested.
2020-11-18 14:37:29,408 INFO org.springframework.scheduling.concurrent.ExecutorConfigurationSupport [RMI TCP Connection(28)-127.0.0.1] Shutting down ExecutorService 'taskScheduler'
2020-11-18 14:37:29,412 INFO org.springframework.scheduling.concurrent.ExecutorConfigurationSupport [RMI TCP Connection(28)-127.0.0.1] Shutting down ExecutorService 'applicationTaskExecutor'
2020-11-18 14:37:29,431 INFO org.springframework.orm.jpa.AbstractEntityManagerFactoryBean [RMI TCP Connection(28)-127.0.0.1] Closing JPA EntityManagerFactory for persistence unit 'default'
2020-11-18 14:37:29,614 INFO com.zaxxer.hikari.HikariDataSource [RMI TCP Connection(28)-127.0.0.1] HikariPool-1 - Shutdown initiated...
2020-11-18 14:37:29,683 INFO com.zaxxer.hikari.HikariDataSource [RMI TCP Connection(28)-127.0.0.1] HikariPool-1 - Shutdown completed.
